<?xml version="1.0" encoding="utf-8"?>
<CoverageSession xmlns:xsd="http://www.w3.org/2001/XMLSchema" xmlns:xsi="http://www.w3.org/2001/XMLSchema-instance" Version="0.0.0.0">
  <Summary numSequencePoints="10" visitedSequencePoints="10" numBranchPoints="0" visitedBranchPoints="0" sequenceCoverage="100.0" branchCoverage="0.0" maxCyclomaticComplexity="1" minCyclomaticComplexity="1" maxCrapScore="1" minCrapScore="1" visitedClasses="2" numClasses="2" visitedMethods="2" numMethods="2" />
  <Modules>
    <Module>
      <Summary numSequencePoints="10" visitedSequencePoints="10" numBranchPoints="0" visitedBranchPoints="0" sequenceCoverage="100.0" branchCoverage="0.0" maxCyclomaticComplexity="1" minCyclomaticComplexity="1" maxCrapScore="1" minCrapScore="1" visitedClasses="2" numClasses="2" visitedMethods="2" numMethods="2" />
      <ModuleTime>0001-01-01T00:00:00</ModuleTime>
      <ModuleName>Assembly-CSharp</ModuleName>
      <Files>
        <File uid="2" fullPath="D:/Porting/8simulations/Assets/Bikers/BikerPrefabs/FietsLaanBehaviour.cs" />
        <File uid="3" fullPath="D:/Porting/8simulations/Assets/Bikers/BikerPrefabs/Road.cs" />
        <File uid="4" fullPath="D:/Porting/8simulations/Assets/BlockDisplayer.cs" />
        <File uid="5" fullPath="D:/Porting/8simulations/Assets/BsuBeaviour.cs" />
        <File uid="6" fullPath="D:/Porting/8simulations/Assets/Clientbetter.cs" />
        <File uid="7" fullPath="D:/Porting/8simulations/Assets/Gui/BlockViewer.cs" />
        <File uid="8" fullPath="D:/Porting/8simulations/Assets/Gui/GuiManager.cs" />
        <File uid="9" fullPath="D:/Porting/8simulations/Assets/Gui/ImageLogicstate.cs" />
        <File uid="10" fullPath="D:/Porting/8simulations/Assets/Gui/IpSetupStart.cs" />
        <File uid="11" fullPath="D:/Porting/8simulations/Assets/Gui/RunWarning.cs" />
        <File uid="12" fullPath="D:/Porting/8simulations/Assets/Gui/StateDisplay.cs" />
        <File uid="13" fullPath="D:/Porting/8simulations/Assets/Gui/TimeDisplayer.cs" />
        <File uid="14" fullPath="D:/Porting/8simulations/Assets/HighSpeedLanes/GloballaneManager.cs" />
        <File uid="15" fullPath="D:/Porting/8simulations/Assets/HighSpeedLanes/HighSpeedBuild/LampWatch.cs" />
        <File uid="16" fullPath="D:/Porting/8simulations/Assets/HighSpeedLanes/HighSpeedBuild/LaneStateLocal.cs" />
        <File uid="17" fullPath="D:/Porting/8simulations/Assets/HighSpeedLanes/HighSpeedDetecions/CarLanebehaviour.cs" />
        <File uid="18" fullPath="D:/Porting/8simulations/Assets/HighSpeedLanes/HighSpeedDetecions/DetectIonLoop.cs" />
        <File uid="19" fullPath="D:/Porting/8simulations/Assets/HighSpeedLanes/HighSpeedDetecions/LTrigger.cs" />
        <File uid="20" fullPath="D:/Porting/8simulations/Assets/HighSpeedLanes/LaneLampSettr.cs" />
        <File uid="21" fullPath="D:/Porting/8simulations/Assets/lampost/LampostManager.cs" />
        <File uid="22" fullPath="D:/Porting/8simulations/Assets/lampost/LaneCommunicator.cs" />
        <File uid="23" fullPath="D:/Porting/8simulations/Assets/Off Axis Studios/Polyworks/Stylized Water BIR/Scripts/DepthTextureEnable.cs" />
        <File uid="24" fullPath="D:/Porting/8simulations/Assets/Pakkets/FromControllerPakket.cs" />
        <File uid="25" fullPath="D:/Porting/8simulations/Assets/Pakkets/MessageDecoder.cs" />
        <File uid="26" fullPath="D:/Porting/8simulations/Assets/Pakkets/Pakket.cs" />
        <File uid="27" fullPath="D:/Porting/8simulations/Assets/PrebuildBlockInfo.cs" />
        <File uid="28" fullPath="D:/Porting/8simulations/Assets/Samples/Universal RP/14.0.11/URP Package Samples/CameraStacking/3D Skybox/Scripts/SkyboxCamera.cs" />
        <File uid="29" fullPath="D:/Porting/8simulations/Assets/Samples/Universal RP/14.0.11/URP Package Samples/LensFlares/Scripts/ScreenSpacePlacement.cs" />
        <File uid="30" fullPath="D:/Porting/8simulations/Assets/Samples/Universal RP/14.0.11/URP Package Samples/SharedAssets/Scripts/AutoLoadPipelineAsset.cs" />
        <File uid="31" fullPath="D:/Porting/8simulations/Assets/Samples/Universal RP/14.0.11/URP Package Samples/SharedAssets/Scripts/FirstPersonController.cs" />
        <File uid="32" fullPath="D:/Porting/8simulations/Assets/SensorDatamanager.cs" />
        <File uid="33" fullPath="D:/Porting/8simulations/Assets/stoplichtprefabs/ColourLogic.cs" />
        <File uid="34" fullPath="D:/Porting/8simulations/Assets/stoplichtprefabs/Lighting.cs" />
        <File uid="35" fullPath="D:/Porting/8simulations/Assets/TerrainDemoScene_URP/Scripts/SceneAnnotation.cs" />
        <File uid="36" fullPath="D:/Porting/8simulations/Assets/TerrainDemoScene_URP/Scripts/TerrainTreeToggle.cs" />
        <File uid="37" fullPath="D:/Porting/8simulations/Assets/Traffic/PathfindingPaden/NodeRoad.cs" />
        <File uid="38" fullPath="D:/Porting/8simulations/Assets/Traffic/PathfindingPaden/NodeToRoadEntry.cs" />
        <File uid="39" fullPath="D:/Porting/8simulations/Assets/Traffic/PathfindingPaden/PreBuildCorssPoints.cs" />
        <File uid="40" fullPath="D:/Porting/8simulations/Assets/Traffic/vehicles/Creator.cs" />
        <File uid="41" fullPath="D:/Porting/8simulations/Assets/Traffic/vehicles/NodeBasedAifolder/NodeTrafficSpawn.cs" />
        <File uid="42" fullPath="D:/Porting/8simulations/Assets/Traffic/vehicles/NodeBasedAifolder/RoadNode.cs" />
        <File uid="43" fullPath="D:/Porting/8simulations/Assets/Traffic/vehicles/VehicleScripts/ActorInfo.cs" />
        <File uid="44" fullPath="D:/Porting/8simulations/Assets/Traffic/vehicles/VehicleScripts/ActorNodeReader.cs" />
        <File uid="45" fullPath="D:/Porting/8simulations/Assets/Traffic/vehicles/VehicleScripts/ActorPathFinding.cs" />
        <File uid="46" fullPath="D:/Porting/8simulations/Assets/Traffic/vehicles/VehicleScripts/BussNeumbers.cs" />
        <File uid="47" fullPath="D:/Porting/8simulations/Assets/Traffic/vehicles/VehicleScripts/CarActorCollection.cs" />
        <File uid="48" fullPath="D:/Porting/8simulations/Assets/Traffic/vehicles/VehicleScripts/MovementM2.cs" />
        <File uid="49" fullPath="D:/Porting/8simulations/Assets/Traffic/vehicles/VehicleScripts/vehicleDetector.cs" />
        <File uid="50" fullPath="D:/Porting/8simulations/Assets/Trafficers/Movement.cs" />
        <File uid="51" fullPath="D:/Porting/8simulations/Assets/WalkLanes/Oversteek/WalkLanebehaviour.cs" />
        <File uid="52" fullPath="D:/Porting/8simulations/Assets/Pakkets/PakketRes.cs" />
      </Files>
      <Classes>
        <Class>
          <Summary numSequencePoints="4" visitedSequencePoints="4" numBranchPoints="0" visitedBranchPoints="0" sequenceCoverage="100.0" branchCoverage="0.0" maxCyclomaticComplexity="1" minCyclomaticComplexity="1" maxCrapScore="1" minCrapScore="1" visitedClasses="1" numClasses="1" visitedMethods="1" numMethods="1" />
          <FullName>SingleDetector</FullName>
          <Methods>
            <Method visited="true" cyclomaticComplexity="1" nPathComplexity="0" sequenceCoverage="100.0" branchCoverage="0" crapScore="1" isConstructor="true" isStatic="false" isGetter="false" isSetter="false">
              <Summary numSequencePoints="4" visitedSequencePoints="4" numBranchPoints="0" visitedBranchPoints="0" sequenceCoverage="100.0" branchCoverage="0" maxCyclomaticComplexity="1" minCyclomaticComplexity="1" maxCrapScore="1" minCrapScore="1" visitedClasses="0" numClasses="0" visitedMethods="1" numMethods="1" />
              <MetadataToken>100663497</MetadataToken>
              <Name>SingleDetector::SingleDetector()</Name>
              <FileRef uid="26" />
              <SequencePoints>
                <SequencePoint vc="2" uspid="3452" ordinal="0" offset="0" sl="94" sc="42" el="94" ec="42" bec="0" bev="0" fileid="26" />
                <SequencePoint vc="2" uspid="3453" ordinal="0" offset="7" sl="86" sc="5" el="86" ec="5" bec="0" bev="0" fileid="26" />
                <SequencePoint vc="2" uspid="3454" ordinal="0" offset="14" sl="87" sc="5" el="87" ec="5" bec="0" bev="0" fileid="26" />
                <SequencePoint vc="2" uspid="3455" ordinal="0" offset="15" sl="87" sc="7" el="87" ec="7" bec="0" bev="0" fileid="26" />
              </SequencePoints>
              <BranchPoints />
            </Method>
          </Methods>
        </Class>
        <Class>
          <Summary numSequencePoints="6" visitedSequencePoints="6" numBranchPoints="0" visitedBranchPoints="0" sequenceCoverage="100.0" branchCoverage="0.0" maxCyclomaticComplexity="1" minCyclomaticComplexity="1" maxCrapScore="1" minCrapScore="1" visitedClasses="1" numClasses="1" visitedMethods="1" numMethods="1" />
          <FullName>CarSensormsg</FullName>
          <Methods>
            <Method visited="true" cyclomaticComplexity="1" nPathComplexity="0" sequenceCoverage="100.0" branchCoverage="0" crapScore="1" isConstructor="true" isStatic="false" isGetter="false" isSetter="false">
              <Summary numSequencePoints="6" visitedSequencePoints="6" numBranchPoints="0" visitedBranchPoints="0" sequenceCoverage="100.0" branchCoverage="0" maxCyclomaticComplexity="1" minCyclomaticComplexity="1" maxCrapScore="1" minCrapScore="1" visitedClasses="0" numClasses="0" visitedMethods="1" numMethods="1" />
              <MetadataToken>100663501</MetadataToken>
              <Name>CarSensormsg::CarSensormsg()</Name>
              <FileRef uid="26" />
              <SequencePoints>
                <SequencePoint vc="1" uspid="3467" ordinal="0" offset="0" sl="110" sc="44" el="110" ec="44" bec="0" bev="0" fileid="26" />
                <SequencePoint vc="1" uspid="3468" ordinal="0" offset="7" sl="111" sc="43" el="111" ec="43" bec="0" bev="0" fileid="26" />
                <SequencePoint vc="1" uspid="3469" ordinal="0" offset="14" sl="112" sc="41" el="112" ec="41" bec="0" bev="0" fileid="26" />
                <SequencePoint vc="1" uspid="3470" ordinal="0" offset="21" sl="100" sc="5" el="100" ec="5" bec="0" bev="0" fileid="26" />
                <SequencePoint vc="1" uspid="3471" ordinal="0" offset="28" sl="101" sc="5" el="101" ec="5" bec="0" bev="0" fileid="26" />
                <SequencePoint vc="1" uspid="3472" ordinal="0" offset="29" sl="101" sc="7" el="101" ec="7" bec="0" bev="0" fileid="26" />
              </SequencePoints>
              <BranchPoints />
            </Method>
          </Methods>
        </Class>
      </Classes>
    </Module>
  </Modules>
</CoverageSession>