<?xml version="1.0" encoding="utf-8"?>
<CoverageSession xmlns:xsd="http://www.w3.org/2001/XMLSchema" xmlns:xsi="http://www.w3.org/2001/XMLSchema-instance" Version="0.0.0.0">
  <Summary numSequencePoints="2431" visitedSequencePoints="0" numBranchPoints="0" visitedBranchPoints="0" sequenceCoverage="0.0" branchCoverage="0.0" maxCyclomaticComplexity="9" minCyclomaticComplexity="1" maxCrapScore="90" minCrapScore="2" visitedClasses="0" numClasses="80" visitedMethods="0" numMethods="437" />
  <Modules>
    <Module>
      <Summary numSequencePoints="153" visitedSequencePoints="0" numBranchPoints="0" visitedBranchPoints="0" sequenceCoverage="0.0" branchCoverage="0.0" maxCyclomaticComplexity="7" minCyclomaticComplexity="1" maxCrapScore="56" minCrapScore="2" visitedClasses="0" numClasses="1" visitedMethods="0" numMethods="14" />
      <ModuleTime>0001-01-01T00:00:00</ModuleTime>
      <ModuleName>Assembly-CSharp-Editor</ModuleName>
      <Files>
        <File uid="1" fullPath="D:/Porting/8simulations/Assets/TerrainDemoScene_URP/Scripts/Editor/ReadmeEditor.cs" />
      </Files>
      <Classes>
        <Class>
          <Summary numSequencePoints="153" visitedSequencePoints="0" numBranchPoints="0" visitedBranchPoints="0" sequenceCoverage="0.0" branchCoverage="0.0" maxCyclomaticComplexity="7" minCyclomaticComplexity="1" maxCrapScore="56" minCrapScore="2" visitedClasses="0" numClasses="1" visitedMethods="0" numMethods="14" />
          <FullName>ReadmeEditor</FullName>
          <Methods>
            <Method visited="false" cyclomaticComplexity="4" nPathComplexity="0" sequenceCoverage="0.0" branchCoverage="0" crapScore="20" isConstructor="false" isStatic="true" isGetter="false" isSetter="false">
              <Summary numSequencePoints="21" visitedSequencePoints="0" numBranchPoints="0" visitedBranchPoints="0" sequenceCoverage="0.0" branchCoverage="0" maxCyclomaticComplexity="4" minCyclomaticComplexity="4" maxCrapScore="20" minCrapScore="20" visitedClasses="0" numClasses="0" visitedMethods="0" numMethods="1" />
              <MetadataToken>100663298</MetadataToken>
              <Name>static System.Void ReadmeEditor::RemoveTutorial()</Name>
              <FileRef uid="1" />
              <SequencePoints>
                <SequencePoint vc="0" uspid="1" ordinal="0" offset="0" sl="22" sc="0" el="22" ec="0" bec="0" bev="0" fileid="1" />
                <SequencePoint vc="0" uspid="2" ordinal="0" offset="1" sl="23" sc="0" el="23" ec="0" bec="0" bev="0" fileid="1" />
                <SequencePoint vc="0" uspid="3" ordinal="0" offset="48" sl="28" sc="0" el="28" ec="0" bec="0" bev="0" fileid="1" />
                <SequencePoint vc="0" uspid="4" ordinal="0" offset="49" sl="29" sc="0" el="29" ec="0" bec="0" bev="0" fileid="1" />
                <SequencePoint vc="0" uspid="5" ordinal="0" offset="63" sl="30" sc="0" el="30" ec="0" bec="0" bev="0" fileid="1" />
                <SequencePoint vc="0" uspid="6" ordinal="0" offset="64" sl="31" sc="0" el="31" ec="0" bec="0" bev="0" fileid="1" />
                <SequencePoint vc="0" uspid="7" ordinal="0" offset="75" sl="32" sc="0" el="32" ec="0" bec="0" bev="0" fileid="1" />
                <SequencePoint vc="0" uspid="8" ordinal="0" offset="96" sl="33" sc="0" el="33" ec="0" bec="0" bev="0" fileid="1" />
                <SequencePoint vc="0" uspid="9" ordinal="0" offset="99" sl="35" sc="0" el="35" ec="0" bec="0" bev="0" fileid="1" />
                <SequencePoint vc="0" uspid="10" ordinal="0" offset="100" sl="36" sc="0" el="36" ec="0" bec="0" bev="0" fileid="1" />
                <SequencePoint vc="0" uspid="11" ordinal="0" offset="121" sl="37" sc="0" el="37" ec="0" bec="0" bev="0" fileid="1" />
                <SequencePoint vc="0" uspid="12" ordinal="0" offset="122" sl="39" sc="0" el="39" ec="0" bec="0" bev="0" fileid="1" />
                <SequencePoint vc="0" uspid="13" ordinal="0" offset="128" sl="40" sc="0" el="40" ec="0" bec="0" bev="0" fileid="1" />
                <SequencePoint vc="0" uspid="14" ordinal="0" offset="139" sl="41" sc="0" el="41" ec="0" bec="0" bev="0" fileid="1" />
                <SequencePoint vc="0" uspid="15" ordinal="0" offset="140" sl="42" sc="0" el="42" ec="0" bec="0" bev="0" fileid="1" />
                <SequencePoint vc="0" uspid="16" ordinal="0" offset="148" sl="43" sc="0" el="43" ec="0" bec="0" bev="0" fileid="1" />
                <SequencePoint vc="0" uspid="17" ordinal="0" offset="166" sl="44" sc="0" el="44" ec="0" bec="0" bev="0" fileid="1" />
                <SequencePoint vc="0" uspid="18" ordinal="0" offset="174" sl="45" sc="0" el="45" ec="0" bec="0" bev="0" fileid="1" />
                <SequencePoint vc="0" uspid="19" ordinal="0" offset="175" sl="47" sc="0" el="47" ec="0" bec="0" bev="0" fileid="1" />
                <SequencePoint vc="0" uspid="20" ordinal="0" offset="181" sl="48" sc="0" el="48" ec="0" bec="0" bev="0" fileid="1" />
                <SequencePoint vc="0" uspid="21" ordinal="0" offset="182" sl="49" sc="0" el="49" ec="0" bec="0" bev="0" fileid="1" />
              </SequencePoints>
              <BranchPoints />
            </Method>
            <Method visited="false" cyclomaticComplexity="4" nPathComplexity="0" sequenceCoverage="0.0" branchCoverage="0" crapScore="20" isConstructor="false" isStatic="true" isGetter="false" isSetter="false">
              <Summary numSequencePoints="12" visitedSequencePoints="0" numBranchPoints="0" visitedBranchPoints="0" sequenceCoverage="0.0" branchCoverage="0" maxCyclomaticComplexity="4" minCyclomaticComplexity="4" maxCrapScore="20" minCrapScore="20" visitedClasses="0" numClasses="0" visitedMethods="0" numMethods="1" />
              <MetadataToken>100663299</MetadataToken>
              <Name>static System.Void ReadmeEditor::SelectReadmeAutomatically()</Name>
              <FileRef uid="1" />
              <SequencePoints>
                <SequencePoint vc="0" uspid="22" ordinal="0" offset="0" sl="52" sc="5" el="52" ec="5" bec="0" bev="0" fileid="1" />
                <SequencePoint vc="0" uspid="23" ordinal="0" offset="1" sl="53" sc="9" el="53" ec="9" bec="0" bev="0" fileid="1" />
                <SequencePoint vc="0" uspid="24" ordinal="0" offset="19" sl="54" sc="9" el="54" ec="9" bec="0" bev="0" fileid="1" />
                <SequencePoint vc="0" uspid="25" ordinal="0" offset="20" sl="55" sc="13" el="55" ec="13" bec="0" bev="0" fileid="1" />
                <SequencePoint vc="0" uspid="26" ordinal="0" offset="26" sl="56" sc="13" el="56" ec="13" bec="0" bev="0" fileid="1" />
                <SequencePoint vc="0" uspid="27" ordinal="0" offset="38" sl="58" sc="13" el="58" ec="13" bec="0" bev="0" fileid="1" />
                <SequencePoint vc="0" uspid="28" ordinal="0" offset="62" sl="59" sc="13" el="59" ec="13" bec="0" bev="0" fileid="1" />
                <SequencePoint vc="0" uspid="29" ordinal="0" offset="63" sl="60" sc="17" el="60" ec="17" bec="0" bev="0" fileid="1" />
                <SequencePoint vc="0" uspid="30" ordinal="0" offset="69" sl="61" sc="17" el="61" ec="17" bec="0" bev="0" fileid="1" />
                <SequencePoint vc="0" uspid="31" ordinal="0" offset="76" sl="62" sc="13" el="62" ec="13" bec="0" bev="0" fileid="1" />
                <SequencePoint vc="0" uspid="32" ordinal="0" offset="77" sl="63" sc="9" el="63" ec="9" bec="0" bev="0" fileid="1" />
                <SequencePoint vc="0" uspid="33" ordinal="0" offset="78" sl="64" sc="5" el="64" ec="5" bec="0" bev="0" fileid="1" />
              </SequencePoints>
              <BranchPoints />
            </Method>
            <Method visited="false" cyclomaticComplexity="1" nPathComplexity="0" sequenceCoverage="0.0" branchCoverage="0" crapScore="2" isConstructor="false" isStatic="true" isGetter="false" isSetter="false">
              <Summary numSequencePoints="6" visitedSequencePoints="0" numBranchPoints="0" visitedBranchPoints="0" sequenceCoverage="0.0" branchCoverage="0" maxCyclomaticComplexity="1" minCyclomaticComplexity="1" maxCrapScore="2" minCrapScore="2" visitedClasses="0" numClasses="0" visitedMethods="0" numMethods="1" />
              <MetadataToken>100663300</MetadataToken>
              <Name>static System.Void ReadmeEditor::LoadLayout()</Name>
              <FileRef uid="1" />
              <SequencePoints>
                <SequencePoint vc="0" uspid="34" ordinal="0" offset="0" sl="67" sc="0" el="67" ec="0" bec="0" bev="0" fileid="1" />
                <SequencePoint vc="0" uspid="35" ordinal="0" offset="1" sl="68" sc="0" el="68" ec="0" bec="0" bev="0" fileid="1" />
                <SequencePoint vc="0" uspid="36" ordinal="0" offset="17" sl="69" sc="0" el="69" ec="0" bec="0" bev="0" fileid="1" />
                <SequencePoint vc="0" uspid="37" ordinal="0" offset="30" sl="70" sc="0" el="70" ec="0" bec="0" bev="0" fileid="1" />
                <SequencePoint vc="0" uspid="38" ordinal="0" offset="44" sl="71" sc="0" el="71" ec="0" bec="0" bev="0" fileid="1" />
                <SequencePoint vc="0" uspid="39" ordinal="0" offset="85" sl="72" sc="0" el="72" ec="0" bec="0" bev="0" fileid="1" />
              </SequencePoints>
              <BranchPoints />
            </Method>
            <Method visited="false" cyclomaticComplexity="2" nPathComplexity="0" sequenceCoverage="0.0" branchCoverage="0" crapScore="6" isConstructor="false" isStatic="true" isGetter="false" isSetter="false">
              <Summary numSequencePoints="11" visitedSequencePoints="0" numBranchPoints="0" visitedBranchPoints="0" sequenceCoverage="0.0" branchCoverage="0" maxCyclomaticComplexity="2" minCyclomaticComplexity="2" maxCrapScore="6" minCrapScore="6" visitedClasses="0" numClasses="0" visitedMethods="0" numMethods="1" />
              <MetadataToken>100663301</MetadataToken>
              <Name>static Readme ReadmeEditor::SelectReadme()</Name>
              <FileRef uid="1" />
              <SequencePoints>
                <SequencePoint vc="0" uspid="40" ordinal="0" offset="0" sl="75" sc="0" el="75" ec="0" bec="0" bev="0" fileid="1" />
                <SequencePoint vc="0" uspid="41" ordinal="0" offset="1" sl="76" sc="0" el="76" ec="0" bec="0" bev="0" fileid="1" />
                <SequencePoint vc="0" uspid="42" ordinal="0" offset="12" sl="77" sc="0" el="77" ec="0" bec="0" bev="0" fileid="1" />
                <SequencePoint vc="0" uspid="43" ordinal="0" offset="22" sl="78" sc="0" el="78" ec="0" bec="0" bev="0" fileid="1" />
                <SequencePoint vc="0" uspid="44" ordinal="0" offset="23" sl="79" sc="0" el="79" ec="0" bec="0" bev="0" fileid="1" />
                <SequencePoint vc="0" uspid="45" ordinal="0" offset="37" sl="81" sc="0" el="81" ec="0" bec="0" bev="0" fileid="1" />
                <SequencePoint vc="0" uspid="46" ordinal="0" offset="53" sl="83" sc="0" el="83" ec="0" bec="0" bev="0" fileid="1" />
                <SequencePoint vc="0" uspid="47" ordinal="0" offset="62" sl="86" sc="0" el="86" ec="0" bec="0" bev="0" fileid="1" />
                <SequencePoint vc="0" uspid="48" ordinal="0" offset="63" sl="87" sc="0" el="87" ec="0" bec="0" bev="0" fileid="1" />
                <SequencePoint vc="0" uspid="49" ordinal="0" offset="74" sl="88" sc="0" el="88" ec="0" bec="0" bev="0" fileid="1" />
                <SequencePoint vc="0" uspid="50" ordinal="0" offset="78" sl="90" sc="0" el="90" ec="0" bec="0" bev="0" fileid="1" />
              </SequencePoints>
              <BranchPoints />
            </Method>
            <Method visited="false" cyclomaticComplexity="2" nPathComplexity="0" sequenceCoverage="0.0" branchCoverage="0" crapScore="6" isConstructor="false" isStatic="false" isGetter="false" isSetter="false">
              <Summary numSequencePoints="23" visitedSequencePoints="0" numBranchPoints="0" visitedBranchPoints="0" sequenceCoverage="0.0" branchCoverage="0" maxCyclomaticComplexity="2" minCyclomaticComplexity="2" maxCrapScore="6" minCrapScore="6" visitedClasses="0" numClasses="0" visitedMethods="0" numMethods="1" />
              <MetadataToken>100663302</MetadataToken>
              <Name>System.Void ReadmeEditor::OnHeaderGUI()</Name>
              <FileRef uid="1" />
              <SequencePoints>
                <SequencePoint vc="0" uspid="51" ordinal="0" offset="0" sl="93" sc="0" el="93" ec="0" bec="0" bev="0" fileid="1" />
                <SequencePoint vc="0" uspid="52" ordinal="0" offset="1" sl="94" sc="0" el="94" ec="0" bec="0" bev="0" fileid="1" />
                <SequencePoint vc="0" uspid="53" ordinal="0" offset="13" sl="95" sc="0" el="95" ec="0" bec="0" bev="0" fileid="1" />
                <SequencePoint vc="0" uspid="54" ordinal="0" offset="20" sl="97" sc="0" el="97" ec="0" bec="0" bev="0" fileid="1" />
                <SequencePoint vc="0" uspid="55" ordinal="0" offset="48" sl="99" sc="0" el="99" ec="0" bec="0" bev="0" fileid="1" />
                <SequencePoint vc="0" uspid="56" ordinal="0" offset="69" sl="100" sc="0" el="100" ec="0" bec="0" bev="0" fileid="1" />
                <SequencePoint vc="0" uspid="57" ordinal="0" offset="70" sl="101" sc="0" el="101" ec="0" bec="0" bev="0" fileid="1" />
                <SequencePoint vc="0" uspid="58" ordinal="0" offset="86" sl="102" sc="0" el="102" ec="0" bec="0" bev="0" fileid="1" />
                <SequencePoint vc="0" uspid="59" ordinal="0" offset="87" sl="103" sc="0" el="103" ec="0" bec="0" bev="0" fileid="1" />
                <SequencePoint vc="0" uspid="60" ordinal="0" offset="98" sl="104" sc="0" el="104" ec="0" bec="0" bev="0" fileid="1" />
                <SequencePoint vc="0" uspid="61" ordinal="0" offset="134" sl="105" sc="0" el="105" ec="0" bec="0" bev="0" fileid="1" />
                <SequencePoint vc="0" uspid="62" ordinal="0" offset="135" sl="106" sc="0" el="106" ec="0" bec="0" bev="0" fileid="1" />
                <SequencePoint vc="0" uspid="63" ordinal="0" offset="146" sl="107" sc="0" el="107" ec="0" bec="0" bev="0" fileid="1" />
                <SequencePoint vc="0" uspid="64" ordinal="0" offset="157" sl="108" sc="0" el="108" ec="0" bec="0" bev="0" fileid="1" />
                <SequencePoint vc="0" uspid="65" ordinal="0" offset="158" sl="110" sc="0" el="110" ec="0" bec="0" bev="0" fileid="1" />
                <SequencePoint vc="0" uspid="66" ordinal="0" offset="164" sl="111" sc="0" el="111" ec="0" bec="0" bev="0" fileid="1" />
                <SequencePoint vc="0" uspid="67" ordinal="0" offset="187" sl="112" sc="0" el="112" ec="0" bec="0" bev="0" fileid="1" />
                <SequencePoint vc="0" uspid="68" ordinal="0" offset="193" sl="113" sc="0" el="113" ec="0" bec="0" bev="0" fileid="1" />
                <SequencePoint vc="0" uspid="69" ordinal="0" offset="194" sl="114" sc="0" el="114" ec="0" bec="0" bev="0" fileid="1" />
                <SequencePoint vc="0" uspid="70" ordinal="0" offset="200" sl="115" sc="0" el="115" ec="0" bec="0" bev="0" fileid="1" />
                <SequencePoint vc="0" uspid="71" ordinal="0" offset="206" sl="116" sc="0" el="116" ec="0" bec="0" bev="0" fileid="1" />
                <SequencePoint vc="0" uspid="72" ordinal="0" offset="207" sl="117" sc="0" el="117" ec="0" bec="0" bev="0" fileid="1" />
                <SequencePoint vc="0" uspid="73" ordinal="0" offset="213" sl="118" sc="0" el="118" ec="0" bec="0" bev="0" fileid="1" />
              </SequencePoints>
              <BranchPoints />
            </Method>
            <Method visited="false" cyclomaticComplexity="7" nPathComplexity="0" sequenceCoverage="0.0" branchCoverage="0" crapScore="56" isConstructor="false" isStatic="false" isGetter="false" isSetter="false">
              <Summary numSequencePoints="30" visitedSequencePoints="0" numBranchPoints="0" visitedBranchPoints="0" sequenceCoverage="0.0" branchCoverage="0" maxCyclomaticComplexity="7" minCyclomaticComplexity="7" maxCrapScore="56" minCrapScore="56" visitedClasses="0" numClasses="0" visitedMethods="0" numMethods="1" />
              <MetadataToken>100663303</MetadataToken>
              <Name>System.Void ReadmeEditor::OnInspectorGUI()</Name>
              <FileRef uid="1" />
              <SequencePoints>
                <SequencePoint vc="0" uspid="74" ordinal="0" offset="0" sl="121" sc="0" el="121" ec="0" bec="0" bev="0" fileid="1" />
                <SequencePoint vc="0" uspid="75" ordinal="0" offset="1" sl="122" sc="0" el="122" ec="0" bec="0" bev="0" fileid="1" />
                <SequencePoint vc="0" uspid="76" ordinal="0" offset="13" sl="123" sc="0" el="123" ec="0" bec="0" bev="0" fileid="1" />
                <SequencePoint vc="0" uspid="77" ordinal="0" offset="20" sl="125" sc="0" el="125" ec="0" bec="0" bev="0" fileid="1" />
                <SequencePoint vc="0" uspid="78" ordinal="0" offset="21" sl="125" sc="0" el="125" ec="0" bec="0" bev="0" fileid="1" />
                <SequencePoint vc="0" uspid="79" ordinal="0" offset="35" sl="125" sc="0" el="125" ec="0" bec="0" bev="0" fileid="1" />
                <SequencePoint vc="0" uspid="80" ordinal="0" offset="39" sl="126" sc="0" el="126" ec="0" bec="0" bev="0" fileid="1" />
                <SequencePoint vc="0" uspid="81" ordinal="0" offset="40" sl="127" sc="0" el="127" ec="0" bec="0" bev="0" fileid="1" />
                <SequencePoint vc="0" uspid="82" ordinal="0" offset="60" sl="128" sc="0" el="128" ec="0" bec="0" bev="0" fileid="1" />
                <SequencePoint vc="0" uspid="83" ordinal="0" offset="61" sl="129" sc="0" el="129" ec="0" bec="0" bev="0" fileid="1" />
                <SequencePoint vc="0" uspid="84" ordinal="0" offset="84" sl="130" sc="0" el="130" ec="0" bec="0" bev="0" fileid="1" />
                <SequencePoint vc="0" uspid="85" ordinal="0" offset="85" sl="132" sc="0" el="132" ec="0" bec="0" bev="0" fileid="1" />
                <SequencePoint vc="0" uspid="86" ordinal="0" offset="105" sl="133" sc="0" el="133" ec="0" bec="0" bev="0" fileid="1" />
                <SequencePoint vc="0" uspid="87" ordinal="0" offset="106" sl="134" sc="0" el="134" ec="0" bec="0" bev="0" fileid="1" />
                <SequencePoint vc="0" uspid="88" ordinal="0" offset="129" sl="135" sc="0" el="135" ec="0" bec="0" bev="0" fileid="1" />
                <SequencePoint vc="0" uspid="89" ordinal="0" offset="130" sl="137" sc="0" el="137" ec="0" bec="0" bev="0" fileid="1" />
                <SequencePoint vc="0" uspid="90" ordinal="0" offset="150" sl="138" sc="0" el="138" ec="0" bec="0" bev="0" fileid="1" />
                <SequencePoint vc="0" uspid="91" ordinal="0" offset="151" sl="139" sc="0" el="139" ec="0" bec="0" bev="0" fileid="1" />
                <SequencePoint vc="0" uspid="92" ordinal="0" offset="179" sl="140" sc="0" el="140" ec="0" bec="0" bev="0" fileid="1" />
                <SequencePoint vc="0" uspid="93" ordinal="0" offset="180" sl="141" sc="0" el="141" ec="0" bec="0" bev="0" fileid="1" />
                <SequencePoint vc="0" uspid="94" ordinal="0" offset="192" sl="142" sc="0" el="142" ec="0" bec="0" bev="0" fileid="1" />
                <SequencePoint vc="0" uspid="95" ordinal="0" offset="193" sl="143" sc="0" el="143" ec="0" bec="0" bev="0" fileid="1" />
                <SequencePoint vc="0" uspid="96" ordinal="0" offset="194" sl="145" sc="0" el="145" ec="0" bec="0" bev="0" fileid="1" />
                <SequencePoint vc="0" uspid="97" ordinal="0" offset="205" sl="146" sc="0" el="146" ec="0" bec="0" bev="0" fileid="1" />
                <SequencePoint vc="0" uspid="98" ordinal="0" offset="210" sl="125" sc="0" el="125" ec="0" bec="0" bev="0" fileid="1" />
                <SequencePoint vc="0" uspid="99" ordinal="0" offset="219" sl="148" sc="0" el="148" ec="0" bec="0" bev="0" fileid="1" />
                <SequencePoint vc="0" uspid="100" ordinal="0" offset="246" sl="149" sc="0" el="149" ec="0" bec="0" bev="0" fileid="1" />
                <SequencePoint vc="0" uspid="101" ordinal="0" offset="247" sl="150" sc="0" el="150" ec="0" bec="0" bev="0" fileid="1" />
                <SequencePoint vc="0" uspid="102" ordinal="0" offset="253" sl="151" sc="0" el="151" ec="0" bec="0" bev="0" fileid="1" />
                <SequencePoint vc="0" uspid="103" ordinal="0" offset="254" sl="152" sc="0" el="152" ec="0" bec="0" bev="0" fileid="1" />
              </SequencePoints>
              <BranchPoints />
            </Method>
            <Method visited="false" cyclomaticComplexity="1" nPathComplexity="0" sequenceCoverage="0.0" branchCoverage="0" crapScore="2" isConstructor="false" isStatic="false" isGetter="true" isSetter="false">
              <Summary numSequencePoints="3" visitedSequencePoints="0" numBranchPoints="0" visitedBranchPoints="0" sequenceCoverage="0.0" branchCoverage="0" maxCyclomaticComplexity="1" minCyclomaticComplexity="1" maxCrapScore="2" minCrapScore="2" visitedClasses="0" numClasses="0" visitedMethods="0" numMethods="1" />
              <MetadataToken>100663304</MetadataToken>
              <Name>UnityEngine.GUIStyle ReadmeEditor::get_LinkStyle()</Name>
              <FileRef uid="1" />
              <SequencePoints>
                <SequencePoint vc="0" uspid="104" ordinal="0" offset="0" sl="158" sc="0" el="158" ec="0" bec="0" bev="0" fileid="1" />
                <SequencePoint vc="0" uspid="105" ordinal="0" offset="1" sl="158" sc="0" el="158" ec="0" bec="0" bev="0" fileid="1" />
                <SequencePoint vc="0" uspid="106" ordinal="0" offset="10" sl="158" sc="0" el="158" ec="0" bec="0" bev="0" fileid="1" />
              </SequencePoints>
              <BranchPoints />
            </Method>
            <Method visited="false" cyclomaticComplexity="1" nPathComplexity="0" sequenceCoverage="0.0" branchCoverage="0" crapScore="2" isConstructor="false" isStatic="false" isGetter="true" isSetter="false">
              <Summary numSequencePoints="3" visitedSequencePoints="0" numBranchPoints="0" visitedBranchPoints="0" sequenceCoverage="0.0" branchCoverage="0" maxCyclomaticComplexity="1" minCyclomaticComplexity="1" maxCrapScore="2" minCrapScore="2" visitedClasses="0" numClasses="0" visitedMethods="0" numMethods="1" />
              <MetadataToken>100663305</MetadataToken>
              <Name>UnityEngine.GUIStyle ReadmeEditor::get_TitleStyle()</Name>
              <FileRef uid="1" />
              <SequencePoints>
                <SequencePoint vc="0" uspid="107" ordinal="0" offset="0" sl="166" sc="0" el="166" ec="0" bec="0" bev="0" fileid="1" />
                <SequencePoint vc="0" uspid="108" ordinal="0" offset="1" sl="166" sc="0" el="166" ec="0" bec="0" bev="0" fileid="1" />
                <SequencePoint vc="0" uspid="109" ordinal="0" offset="10" sl="166" sc="0" el="166" ec="0" bec="0" bev="0" fileid="1" />
              </SequencePoints>
              <BranchPoints />
            </Method>
            <Method visited="false" cyclomaticComplexity="1" nPathComplexity="0" sequenceCoverage="0.0" branchCoverage="0" crapScore="2" isConstructor="false" isStatic="false" isGetter="true" isSetter="false">
              <Summary numSequencePoints="3" visitedSequencePoints="0" numBranchPoints="0" visitedBranchPoints="0" sequenceCoverage="0.0" branchCoverage="0" maxCyclomaticComplexity="1" minCyclomaticComplexity="1" maxCrapScore="2" minCrapScore="2" visitedClasses="0" numClasses="0" visitedMethods="0" numMethods="1" />
              <MetadataToken>100663306</MetadataToken>
              <Name>UnityEngine.GUIStyle ReadmeEditor::get_HeadingStyle()</Name>
              <FileRef uid="1" />
              <SequencePoints>
                <SequencePoint vc="0" uspid="110" ordinal="0" offset="0" sl="174" sc="0" el="174" ec="0" bec="0" bev="0" fileid="1" />
                <SequencePoint vc="0" uspid="111" ordinal="0" offset="1" sl="174" sc="0" el="174" ec="0" bec="0" bev="0" fileid="1" />
                <SequencePoint vc="0" uspid="112" ordinal="0" offset="10" sl="174" sc="0" el="174" ec="0" bec="0" bev="0" fileid="1" />
              </SequencePoints>
              <BranchPoints />
            </Method>
            <Method visited="false" cyclomaticComplexity="1" nPathComplexity="0" sequenceCoverage="0.0" branchCoverage="0" crapScore="2" isConstructor="false" isStatic="false" isGetter="true" isSetter="false">
              <Summary numSequencePoints="3" visitedSequencePoints="0" numBranchPoints="0" visitedBranchPoints="0" sequenceCoverage="0.0" branchCoverage="0" maxCyclomaticComplexity="1" minCyclomaticComplexity="1" maxCrapScore="2" minCrapScore="2" visitedClasses="0" numClasses="0" visitedMethods="0" numMethods="1" />
              <MetadataToken>100663307</MetadataToken>
              <Name>UnityEngine.GUIStyle ReadmeEditor::get_BodyStyle()</Name>
              <FileRef uid="1" />
              <SequencePoints>
                <SequencePoint vc="0" uspid="113" ordinal="0" offset="0" sl="182" sc="0" el="182" ec="0" bec="0" bev="0" fileid="1" />
                <SequencePoint vc="0" uspid="114" ordinal="0" offset="1" sl="182" sc="0" el="182" ec="0" bec="0" bev="0" fileid="1" />
                <SequencePoint vc="0" uspid="115" ordinal="0" offset="10" sl="182" sc="0" el="182" ec="0" bec="0" bev="0" fileid="1" />
              </SequencePoints>
              <BranchPoints />
            </Method>
            <Method visited="false" cyclomaticComplexity="1" nPathComplexity="0" sequenceCoverage="0.0" branchCoverage="0" crapScore="2" isConstructor="false" isStatic="false" isGetter="true" isSetter="false">
              <Summary numSequencePoints="3" visitedSequencePoints="0" numBranchPoints="0" visitedBranchPoints="0" sequenceCoverage="0.0" branchCoverage="0" maxCyclomaticComplexity="1" minCyclomaticComplexity="1" maxCrapScore="2" minCrapScore="2" visitedClasses="0" numClasses="0" visitedMethods="0" numMethods="1" />
              <MetadataToken>100663308</MetadataToken>
              <Name>UnityEngine.GUIStyle ReadmeEditor::get_ButtonStyle()</Name>
              <FileRef uid="1" />
              <SequencePoints>
                <SequencePoint vc="0" uspid="116" ordinal="0" offset="0" sl="190" sc="0" el="190" ec="0" bec="0" bev="0" fileid="1" />
                <SequencePoint vc="0" uspid="117" ordinal="0" offset="1" sl="190" sc="0" el="190" ec="0" bec="0" bev="0" fileid="1" />
                <SequencePoint vc="0" uspid="118" ordinal="0" offset="10" sl="190" sc="0" el="190" ec="0" bec="0" bev="0" fileid="1" />
              </SequencePoints>
              <BranchPoints />
            </Method>
            <Method visited="false" cyclomaticComplexity="2" nPathComplexity="0" sequenceCoverage="0.0" branchCoverage="0" crapScore="6" isConstructor="false" isStatic="false" isGetter="false" isSetter="false">
              <Summary numSequencePoints="20" visitedSequencePoints="0" numBranchPoints="0" visitedBranchPoints="0" sequenceCoverage="0.0" branchCoverage="0" maxCyclomaticComplexity="2" minCyclomaticComplexity="2" maxCrapScore="6" minCrapScore="6" visitedClasses="0" numClasses="0" visitedMethods="0" numMethods="1" />
              <MetadataToken>100663309</MetadataToken>
              <Name>System.Void ReadmeEditor::Init()</Name>
              <FileRef uid="1" />
              <SequencePoints>
                <SequencePoint vc="0" uspid="119" ordinal="0" offset="0" sl="197" sc="0" el="197" ec="0" bec="0" bev="0" fileid="1" />
                <SequencePoint vc="0" uspid="120" ordinal="0" offset="1" sl="198" sc="0" el="198" ec="0" bec="0" bev="0" fileid="1" />
                <SequencePoint vc="0" uspid="121" ordinal="0" offset="11" sl="199" sc="0" el="199" ec="0" bec="0" bev="0" fileid="1" />
                <SequencePoint vc="0" uspid="122" ordinal="0" offset="16" sl="200" sc="0" el="200" ec="0" bec="0" bev="0" fileid="1" />
                <SequencePoint vc="0" uspid="123" ordinal="0" offset="32" sl="201" sc="0" el="201" ec="0" bec="0" bev="0" fileid="1" />
                <SequencePoint vc="0" uspid="124" ordinal="0" offset="45" sl="202" sc="0" el="202" ec="0" bec="0" bev="0" fileid="1" />
                <SequencePoint vc="0" uspid="125" ordinal="0" offset="59" sl="203" sc="0" el="203" ec="0" bec="0" bev="0" fileid="1" />
                <SequencePoint vc="0" uspid="126" ordinal="0" offset="72" sl="205" sc="0" el="205" ec="0" bec="0" bev="0" fileid="1" />
                <SequencePoint vc="0" uspid="127" ordinal="0" offset="89" sl="206" sc="0" el="206" ec="0" bec="0" bev="0" fileid="1" />
                <SequencePoint vc="0" uspid="128" ordinal="0" offset="103" sl="208" sc="0" el="208" ec="0" bec="0" bev="0" fileid="1" />
                <SequencePoint vc="0" uspid="129" ordinal="0" offset="120" sl="209" sc="0" el="209" ec="0" bec="0" bev="0" fileid="1" />
                <SequencePoint vc="0" uspid="130" ordinal="0" offset="133" sl="210" sc="0" el="210" ec="0" bec="0" bev="0" fileid="1" />
                <SequencePoint vc="0" uspid="131" ordinal="0" offset="147" sl="212" sc="0" el="212" ec="0" bec="0" bev="0" fileid="1" />
                <SequencePoint vc="0" uspid="132" ordinal="0" offset="164" sl="213" sc="0" el="213" ec="0" bec="0" bev="0" fileid="1" />
                <SequencePoint vc="0" uspid="133" ordinal="0" offset="177" sl="216" sc="0" el="216" ec="0" bec="0" bev="0" fileid="1" />
                <SequencePoint vc="0" uspid="134" ordinal="0" offset="219" sl="217" sc="0" el="217" ec="0" bec="0" bev="0" fileid="1" />
                <SequencePoint vc="0" uspid="135" ordinal="0" offset="232" sl="219" sc="0" el="219" ec="0" bec="0" bev="0" fileid="1" />
                <SequencePoint vc="0" uspid="136" ordinal="0" offset="248" sl="220" sc="0" el="220" ec="0" bec="0" bev="0" fileid="1" />
                <SequencePoint vc="0" uspid="137" ordinal="0" offset="261" sl="222" sc="0" el="222" ec="0" bec="0" bev="0" fileid="1" />
                <SequencePoint vc="0" uspid="138" ordinal="0" offset="268" sl="223" sc="0" el="223" ec="0" bec="0" bev="0" fileid="1" />
              </SequencePoints>
              <BranchPoints />
            </Method>
            <Method visited="false" cyclomaticComplexity="1" nPathComplexity="0" sequenceCoverage="0.0" branchCoverage="0" crapScore="2" isConstructor="false" isStatic="false" isGetter="false" isSetter="false">
              <Summary numSequencePoints="10" visitedSequencePoints="0" numBranchPoints="0" visitedBranchPoints="0" sequenceCoverage="0.0" branchCoverage="0" maxCyclomaticComplexity="1" minCyclomaticComplexity="1" maxCrapScore="2" minCrapScore="2" visitedClasses="0" numClasses="0" visitedMethods="0" numMethods="1" />
              <MetadataToken>100663310</MetadataToken>
              <Name>System.Boolean ReadmeEditor::LinkLabel(UnityEngine.GUIContent, UnityEngine.GUILayoutOption[])</Name>
              <FileRef uid="1" />
              <SequencePoints>
                <SequencePoint vc="0" uspid="139" ordinal="0" offset="0" sl="226" sc="0" el="226" ec="0" bec="0" bev="0" fileid="1" />
                <SequencePoint vc="0" uspid="140" ordinal="0" offset="1" sl="227" sc="0" el="227" ec="0" bec="0" bev="0" fileid="1" />
                <SequencePoint vc="0" uspid="141" ordinal="0" offset="15" sl="229" sc="0" el="229" ec="0" bec="0" bev="0" fileid="1" />
                <SequencePoint vc="0" uspid="142" ordinal="0" offset="21" sl="230" sc="0" el="230" ec="0" bec="0" bev="0" fileid="1" />
                <SequencePoint vc="0" uspid="143" ordinal="0" offset="43" sl="231" sc="0" el="231" ec="0" bec="0" bev="0" fileid="1" />
                <SequencePoint vc="0" uspid="144" ordinal="0" offset="87" sl="232" sc="0" el="232" ec="0" bec="0" bev="0" fileid="1" />
                <SequencePoint vc="0" uspid="145" ordinal="0" offset="98" sl="233" sc="0" el="233" ec="0" bec="0" bev="0" fileid="1" />
                <SequencePoint vc="0" uspid="146" ordinal="0" offset="104" sl="235" sc="0" el="235" ec="0" bec="0" bev="0" fileid="1" />
                <SequencePoint vc="0" uspid="147" ordinal="0" offset="112" sl="237" sc="0" el="237" ec="0" bec="0" bev="0" fileid="1" />
                <SequencePoint vc="0" uspid="148" ordinal="0" offset="128" sl="238" sc="0" el="238" ec="0" bec="0" bev="0" fileid="1" />
              </SequencePoints>
              <BranchPoints />
            </Method>
            <Method visited="false" cyclomaticComplexity="1" nPathComplexity="0" sequenceCoverage="0.0" branchCoverage="0" crapScore="2" isConstructor="true" isStatic="true" isGetter="false" isSetter="false">
              <Summary numSequencePoints="5" visitedSequencePoints="0" numBranchPoints="0" visitedBranchPoints="0" sequenceCoverage="0.0" branchCoverage="0" maxCyclomaticComplexity="1" minCyclomaticComplexity="1" maxCrapScore="2" minCrapScore="2" visitedClasses="0" numClasses="0" visitedMethods="0" numMethods="1" />
              <MetadataToken>100663297</MetadataToken>
              <Name>static ReadmeEditor::ReadmeEditor()</Name>
              <FileRef uid="1" />
              <SequencePoints>
                <SequencePoint vc="0" uspid="149" ordinal="0" offset="0" sl="10" sc="5" el="10" ec="5" bec="0" bev="0" fileid="1" />
                <SequencePoint vc="0" uspid="150" ordinal="0" offset="10" sl="12" sc="5" el="12" ec="5" bec="0" bev="0" fileid="1" />
                <SequencePoint vc="0" uspid="151" ordinal="0" offset="20" sl="17" sc="5" el="17" ec="5" bec="0" bev="0" fileid="1" />
                <SequencePoint vc="0" uspid="152" ordinal="0" offset="21" sl="18" sc="9" el="18" ec="9" bec="0" bev="0" fileid="1" />
                <SequencePoint vc="0" uspid="153" ordinal="0" offset="53" sl="19" sc="5" el="19" ec="5" bec="0" bev="0" fileid="1" />
              </SequencePoints>
              <BranchPoints />
            </Method>
          </Methods>
        </Class>
      </Classes>
    </Module>
    <Module>
      <Summary numSequencePoints="2278" visitedSequencePoints="0" numBranchPoints="0" visitedBranchPoints="0" sequenceCoverage="0.0" branchCoverage="0.0" maxCyclomaticComplexity="9" minCyclomaticComplexity="1" maxCrapScore="90" minCrapScore="2" visitedClasses="0" numClasses="79" visitedMethods="0" numMethods="423" />
      <ModuleTime>0001-01-01T00:00:00</ModuleTime>
      <ModuleName>Assembly-CSharp</ModuleName>
      <Files>
        <File uid="2" fullPath="D:/Porting/8simulations/Assets/Bikers/BikerPrefabs/FietsLaanBehaviour.cs" />
        <File uid="3" fullPath="D:/Porting/8simulations/Assets/Bikers/BikerPrefabs/Road.cs" />
        <File uid="4" fullPath="D:/Porting/8simulations/Assets/BlockDisplayer.cs" />
        <File uid="5" fullPath="D:/Porting/8simulations/Assets/BsuBeaviour.cs" />
        <File uid="6" fullPath="D:/Porting/8simulations/Assets/Clientbetter.cs" />
        <File uid="7" fullPath="D:/Porting/8simulations/Assets/Gui/BlockViewer.cs" />
        <File uid="8" fullPath="D:/Porting/8simulations/Assets/Gui/GuiManager.cs" />
        <File uid="9" fullPath="D:/Porting/8simulations/Assets/Gui/ImageLogicstate.cs" />
        <File uid="10" fullPath="D:/Porting/8simulations/Assets/Gui/IpSetupStart.cs" />
        <File uid="11" fullPath="D:/Porting/8simulations/Assets/Gui/RunWarning.cs" />
        <File uid="12" fullPath="D:/Porting/8simulations/Assets/Gui/StateDisplay.cs" />
        <File uid="13" fullPath="D:/Porting/8simulations/Assets/Gui/TimeDisplayer.cs" />
        <File uid="14" fullPath="D:/Porting/8simulations/Assets/HighSpeedLanes/GloballaneManager.cs" />
        <File uid="15" fullPath="D:/Porting/8simulations/Assets/HighSpeedLanes/HighSpeedBuild/LampWatch.cs" />
        <File uid="16" fullPath="D:/Porting/8simulations/Assets/HighSpeedLanes/HighSpeedBuild/LaneStateLocal.cs" />
        <File uid="17" fullPath="D:/Porting/8simulations/Assets/HighSpeedLanes/HighSpeedDetecions/CarLanebehaviour.cs" />
        <File uid="18" fullPath="D:/Porting/8simulations/Assets/HighSpeedLanes/HighSpeedDetecions/DetectIonLoop.cs" />
        <File uid="19" fullPath="D:/Porting/8simulations/Assets/HighSpeedLanes/HighSpeedDetecions/LTrigger.cs" />
        <File uid="20" fullPath="D:/Porting/8simulations/Assets/HighSpeedLanes/LaneLampSettr.cs" />
        <File uid="21" fullPath="D:/Porting/8simulations/Assets/lampost/LampostManager.cs" />
        <File uid="22" fullPath="D:/Porting/8simulations/Assets/lampost/LaneCommunicator.cs" />
        <File uid="23" fullPath="D:/Porting/8simulations/Assets/Off Axis Studios/Polyworks/Stylized Water BIR/Scripts/DepthTextureEnable.cs" />
        <File uid="24" fullPath="D:/Porting/8simulations/Assets/Pakkets/FromControllerPakket.cs" />
        <File uid="25" fullPath="D:/Porting/8simulations/Assets/Pakkets/MessageDecoder.cs" />
        <File uid="26" fullPath="D:/Porting/8simulations/Assets/Pakkets/Pakket.cs" />
        <File uid="27" fullPath="D:/Porting/8simulations/Assets/PrebuildBlockInfo.cs" />
        <File uid="28" fullPath="D:/Porting/8simulations/Assets/Samples/Universal RP/14.0.11/URP Package Samples/CameraStacking/3D Skybox/Scripts/SkyboxCamera.cs" />
        <File uid="29" fullPath="D:/Porting/8simulations/Assets/Samples/Universal RP/14.0.11/URP Package Samples/LensFlares/Scripts/ScreenSpacePlacement.cs" />
        <File uid="30" fullPath="D:/Porting/8simulations/Assets/Samples/Universal RP/14.0.11/URP Package Samples/SharedAssets/Scripts/AutoLoadPipelineAsset.cs" />
        <File uid="31" fullPath="D:/Porting/8simulations/Assets/Samples/Universal RP/14.0.11/URP Package Samples/SharedAssets/Scripts/FirstPersonController.cs" />
        <File uid="32" fullPath="D:/Porting/8simulations/Assets/SensorDatamanager.cs" />
        <File uid="33" fullPath="D:/Porting/8simulations/Assets/stoplichtprefabs/ColourLogic.cs" />
        <File uid="34" fullPath="D:/Porting/8simulations/Assets/stoplichtprefabs/Lighting.cs" />
        <File uid="35" fullPath="D:/Porting/8simulations/Assets/TerrainDemoScene_URP/Scripts/SceneAnnotation.cs" />
        <File uid="36" fullPath="D:/Porting/8simulations/Assets/TerrainDemoScene_URP/Scripts/TerrainTreeToggle.cs" />
        <File uid="37" fullPath="D:/Porting/8simulations/Assets/Traffic/PathfindingPaden/NodeRoad.cs" />
        <File uid="38" fullPath="D:/Porting/8simulations/Assets/Traffic/PathfindingPaden/NodeToRoadEntry.cs" />
        <File uid="39" fullPath="D:/Porting/8simulations/Assets/Traffic/PathfindingPaden/PreBuildCorssPoints.cs" />
        <File uid="40" fullPath="D:/Porting/8simulations/Assets/Traffic/vehicles/Creator.cs" />
        <File uid="41" fullPath="D:/Porting/8simulations/Assets/Traffic/vehicles/NodeBasedAifolder/NodeTrafficSpawn.cs" />
        <File uid="42" fullPath="D:/Porting/8simulations/Assets/Traffic/vehicles/NodeBasedAifolder/RoadNode.cs" />
        <File uid="43" fullPath="D:/Porting/8simulations/Assets/Traffic/vehicles/VehicleScripts/ActorInfo.cs" />
        <File uid="44" fullPath="D:/Porting/8simulations/Assets/Traffic/vehicles/VehicleScripts/ActorNodeReader.cs" />
        <File uid="45" fullPath="D:/Porting/8simulations/Assets/Traffic/vehicles/VehicleScripts/ActorPathFinding.cs" />
        <File uid="46" fullPath="D:/Porting/8simulations/Assets/Traffic/vehicles/VehicleScripts/BussNeumbers.cs" />
        <File uid="47" fullPath="D:/Porting/8simulations/Assets/Traffic/vehicles/VehicleScripts/CarActorCollection.cs" />
        <File uid="48" fullPath="D:/Porting/8simulations/Assets/Traffic/vehicles/VehicleScripts/MovementM2.cs" />
        <File uid="49" fullPath="D:/Porting/8simulations/Assets/Traffic/vehicles/VehicleScripts/vehicleDetector.cs" />
        <File uid="50" fullPath="D:/Porting/8simulations/Assets/Trafficers/Movement.cs" />
        <File uid="51" fullPath="D:/Porting/8simulations/Assets/WalkLanes/Oversteek/WalkLanebehaviour.cs" />
        <File uid="52" fullPath="D:/Porting/8simulations/Assets/Pakkets/PakketRes.cs" />
      </Files>
      <Classes>
        <Class>
          <Summary numSequencePoints="29" visitedSequencePoints="0" numBranchPoints="0" visitedBranchPoints="0" sequenceCoverage="0.0" branchCoverage="0.0" maxCyclomaticComplexity="1" minCyclomaticComplexity="1" maxCrapScore="2" minCrapScore="2" visitedClasses="0" numClasses="1" visitedMethods="0" numMethods="9" />
          <FullName>FietsLaanBehaviour</FullName>
          <Methods>
            <Method visited="false" cyclomaticComplexity="1" nPathComplexity="0" sequenceCoverage="0.0" branchCoverage="0" crapScore="2" isConstructor="false" isStatic="false" isGetter="false" isSetter="false">
              <Summary numSequencePoints="4" visitedSequencePoints="0" numBranchPoints="0" visitedBranchPoints="0" sequenceCoverage="0.0" branchCoverage="0" maxCyclomaticComplexity="1" minCyclomaticComplexity="1" maxCrapScore="2" minCrapScore="2" visitedClasses="0" numClasses="0" visitedMethods="0" numMethods="1" />
              <MetadataToken>100663297</MetadataToken>
              <Name>System.Void FietsLaanBehaviour::Start()</Name>
              <FileRef uid="2" />
              <SequencePoints>
                <SequencePoint vc="0" uspid="154" ordinal="0" offset="0" sl="23" sc="0" el="23" ec="0" bec="0" bev="0" fileid="2" />
                <SequencePoint vc="0" uspid="155" ordinal="0" offset="1" sl="24" sc="0" el="24" ec="0" bec="0" bev="0" fileid="2" />
                <SequencePoint vc="0" uspid="156" ordinal="0" offset="8" sl="25" sc="0" el="25" ec="0" bec="0" bev="0" fileid="2" />
                <SequencePoint vc="0" uspid="157" ordinal="0" offset="20" sl="26" sc="0" el="26" ec="0" bec="0" bev="0" fileid="2" />
              </SequencePoints>
              <BranchPoints />
            </Method>
            <Method visited="false" cyclomaticComplexity="1" nPathComplexity="0" sequenceCoverage="0.0" branchCoverage="0" crapScore="2" isConstructor="false" isStatic="false" isGetter="false" isSetter="false">
              <Summary numSequencePoints="2" visitedSequencePoints="0" numBranchPoints="0" visitedBranchPoints="0" sequenceCoverage="0.0" branchCoverage="0" maxCyclomaticComplexity="1" minCyclomaticComplexity="1" maxCrapScore="2" minCrapScore="2" visitedClasses="0" numClasses="0" visitedMethods="0" numMethods="1" />
              <MetadataToken>100663298</MetadataToken>
              <Name>System.Void FietsLaanBehaviour::CreateRequiruiments()</Name>
              <FileRef uid="2" />
              <SequencePoints>
                <SequencePoint vc="0" uspid="158" ordinal="0" offset="0" sl="29" sc="0" el="29" ec="0" bec="0" bev="0" fileid="2" />
                <SequencePoint vc="0" uspid="159" ordinal="0" offset="1" sl="32" sc="0" el="32" ec="0" bec="0" bev="0" fileid="2" />
              </SequencePoints>
              <BranchPoints />
            </Method>
            <Method visited="false" cyclomaticComplexity="1" nPathComplexity="0" sequenceCoverage="0.0" branchCoverage="0" crapScore="2" isConstructor="false" isStatic="false" isGetter="false" isSetter="false">
              <Summary numSequencePoints="4" visitedSequencePoints="0" numBranchPoints="0" visitedBranchPoints="0" sequenceCoverage="0.0" branchCoverage="0" maxCyclomaticComplexity="1" minCyclomaticComplexity="1" maxCrapScore="2" minCrapScore="2" visitedClasses="0" numClasses="0" visitedMethods="0" numMethods="1" />
              <MetadataToken>100663299</MetadataToken>
              <Name>System.Void FietsLaanBehaviour::OnDetect()</Name>
              <FileRef uid="2" />
              <SequencePoints>
                <SequencePoint vc="0" uspid="160" ordinal="0" offset="0" sl="35" sc="0" el="35" ec="0" bec="0" bev="0" fileid="2" />
                <SequencePoint vc="0" uspid="161" ordinal="0" offset="1" sl="36" sc="0" el="36" ec="0" bec="0" bev="0" fileid="2" />
                <SequencePoint vc="0" uspid="162" ordinal="0" offset="14" sl="37" sc="0" el="37" ec="0" bec="0" bev="0" fileid="2" />
                <SequencePoint vc="0" uspid="163" ordinal="0" offset="25" sl="38" sc="0" el="38" ec="0" bec="0" bev="0" fileid="2" />
              </SequencePoints>
              <BranchPoints />
            </Method>
            <Method visited="false" cyclomaticComplexity="1" nPathComplexity="0" sequenceCoverage="0.0" branchCoverage="0" crapScore="2" isConstructor="false" isStatic="false" isGetter="false" isSetter="false">
              <Summary numSequencePoints="4" visitedSequencePoints="0" numBranchPoints="0" visitedBranchPoints="0" sequenceCoverage="0.0" branchCoverage="0" maxCyclomaticComplexity="1" minCyclomaticComplexity="1" maxCrapScore="2" minCrapScore="2" visitedClasses="0" numClasses="0" visitedMethods="0" numMethods="1" />
              <MetadataToken>100663300</MetadataToken>
              <Name>System.Void FietsLaanBehaviour::ExitDetected()</Name>
              <FileRef uid="2" />
              <SequencePoints>
                <SequencePoint vc="0" uspid="164" ordinal="0" offset="0" sl="41" sc="0" el="41" ec="0" bec="0" bev="0" fileid="2" />
                <SequencePoint vc="0" uspid="165" ordinal="0" offset="1" sl="42" sc="0" el="42" ec="0" bec="0" bev="0" fileid="2" />
                <SequencePoint vc="0" uspid="166" ordinal="0" offset="14" sl="43" sc="0" el="43" ec="0" bec="0" bev="0" fileid="2" />
                <SequencePoint vc="0" uspid="167" ordinal="0" offset="25" sl="44" sc="0" el="44" ec="0" bec="0" bev="0" fileid="2" />
              </SequencePoints>
              <BranchPoints />
            </Method>
            <Method visited="false" cyclomaticComplexity="1" nPathComplexity="0" sequenceCoverage="0.0" branchCoverage="0" crapScore="2" isConstructor="false" isStatic="false" isGetter="false" isSetter="false">
              <Summary numSequencePoints="3" visitedSequencePoints="0" numBranchPoints="0" visitedBranchPoints="0" sequenceCoverage="0.0" branchCoverage="0" maxCyclomaticComplexity="1" minCyclomaticComplexity="1" maxCrapScore="2" minCrapScore="2" visitedClasses="0" numClasses="0" visitedMethods="0" numMethods="1" />
              <MetadataToken>100663301</MetadataToken>
              <Name>UnityEngine.Vector3 FietsLaanBehaviour::GetLaneStartSignal()</Name>
              <FileRef uid="2" />
              <SequencePoints>
                <SequencePoint vc="0" uspid="168" ordinal="0" offset="0" sl="47" sc="0" el="47" ec="0" bec="0" bev="0" fileid="2" />
                <SequencePoint vc="0" uspid="169" ordinal="0" offset="1" sl="48" sc="0" el="48" ec="0" bec="0" bev="0" fileid="2" />
                <SequencePoint vc="0" uspid="170" ordinal="0" offset="20" sl="49" sc="0" el="49" ec="0" bec="0" bev="0" fileid="2" />
              </SequencePoints>
              <BranchPoints />
            </Method>
            <Method visited="false" cyclomaticComplexity="1" nPathComplexity="0" sequenceCoverage="0.0" branchCoverage="0" crapScore="2" isConstructor="false" isStatic="false" isGetter="false" isSetter="false">
              <Summary numSequencePoints="3" visitedSequencePoints="0" numBranchPoints="0" visitedBranchPoints="0" sequenceCoverage="0.0" branchCoverage="0" maxCyclomaticComplexity="1" minCyclomaticComplexity="1" maxCrapScore="2" minCrapScore="2" visitedClasses="0" numClasses="0" visitedMethods="0" numMethods="1" />
              <MetadataToken>100663302</MetadataToken>
              <Name>UnityEngine.Vector3 FietsLaanBehaviour::GetLaneExit()</Name>
              <FileRef uid="2" />
              <SequencePoints>
                <SequencePoint vc="0" uspid="171" ordinal="0" offset="0" sl="53" sc="0" el="53" ec="0" bec="0" bev="0" fileid="2" />
                <SequencePoint vc="0" uspid="172" ordinal="0" offset="1" sl="55" sc="0" el="55" ec="0" bec="0" bev="0" fileid="2" />
                <SequencePoint vc="0" uspid="173" ordinal="0" offset="46" sl="56" sc="0" el="56" ec="0" bec="0" bev="0" fileid="2" />
              </SequencePoints>
              <BranchPoints />
            </Method>
            <Method visited="false" cyclomaticComplexity="1" nPathComplexity="0" sequenceCoverage="0.0" branchCoverage="0" crapScore="2" isConstructor="false" isStatic="false" isGetter="false" isSetter="false">
              <Summary numSequencePoints="3" visitedSequencePoints="0" numBranchPoints="0" visitedBranchPoints="0" sequenceCoverage="0.0" branchCoverage="0" maxCyclomaticComplexity="1" minCyclomaticComplexity="1" maxCrapScore="2" minCrapScore="2" visitedClasses="0" numClasses="0" visitedMethods="0" numMethods="1" />
              <MetadataToken>100663303</MetadataToken>
              <Name>UnityEngine.Vector3 FietsLaanBehaviour::GetLaneStart()</Name>
              <FileRef uid="2" />
              <SequencePoints>
                <SequencePoint vc="0" uspid="174" ordinal="0" offset="0" sl="60" sc="0" el="60" ec="0" bec="0" bev="0" fileid="2" />
                <SequencePoint vc="0" uspid="175" ordinal="0" offset="1" sl="62" sc="0" el="62" ec="0" bec="0" bev="0" fileid="2" />
                <SequencePoint vc="0" uspid="176" ordinal="0" offset="20" sl="63" sc="0" el="63" ec="0" bec="0" bev="0" fileid="2" />
              </SequencePoints>
              <BranchPoints />
            </Method>
            <Method visited="false" cyclomaticComplexity="1" nPathComplexity="0" sequenceCoverage="0.0" branchCoverage="0" crapScore="2" isConstructor="false" isStatic="false" isGetter="false" isSetter="false">
              <Summary numSequencePoints="3" visitedSequencePoints="0" numBranchPoints="0" visitedBranchPoints="0" sequenceCoverage="0.0" branchCoverage="0" maxCyclomaticComplexity="1" minCyclomaticComplexity="1" maxCrapScore="2" minCrapScore="2" visitedClasses="0" numClasses="0" visitedMethods="0" numMethods="1" />
              <MetadataToken>100663304</MetadataToken>
              <Name>System.Void FietsLaanBehaviour::SetLampLight(System.Int32)</Name>
              <FileRef uid="2" />
              <SequencePoints>
                <SequencePoint vc="0" uspid="177" ordinal="0" offset="0" sl="66" sc="0" el="66" ec="0" bec="0" bev="0" fileid="2" />
                <SequencePoint vc="0" uspid="178" ordinal="0" offset="1" sl="67" sc="0" el="67" ec="0" bec="0" bev="0" fileid="2" />
                <SequencePoint vc="0" uspid="179" ordinal="0" offset="14" sl="68" sc="0" el="68" ec="0" bec="0" bev="0" fileid="2" />
              </SequencePoints>
              <BranchPoints />
            </Method>
            <Method visited="false" cyclomaticComplexity="1" nPathComplexity="0" sequenceCoverage="0.0" branchCoverage="0" crapScore="2" isConstructor="true" isStatic="false" isGetter="false" isSetter="false">
              <Summary numSequencePoints="3" visitedSequencePoints="0" numBranchPoints="0" visitedBranchPoints="0" sequenceCoverage="0.0" branchCoverage="0" maxCyclomaticComplexity="1" minCyclomaticComplexity="1" maxCrapScore="2" minCrapScore="2" visitedClasses="0" numClasses="0" visitedMethods="0" numMethods="1" />
              <MetadataToken>100663305</MetadataToken>
              <Name>FietsLaanBehaviour::FietsLaanBehaviour()</Name>
              <FileRef uid="2" />
              <SequencePoints>
                <SequencePoint vc="0" uspid="180" ordinal="0" offset="0" sl="8" sc="5" el="8" ec="5" bec="0" bev="0" fileid="2" />
                <SequencePoint vc="0" uspid="181" ordinal="0" offset="11" sl="9" sc="5" el="9" ec="5" bec="0" bev="0" fileid="2" />
                <SequencePoint vc="0" uspid="182" ordinal="0" offset="22" sl="10" sc="5" el="10" ec="5" bec="0" bev="0" fileid="2" />
              </SequencePoints>
              <BranchPoints />
            </Method>
          </Methods>
        </Class>
        <Class>
          <Summary numSequencePoints="6" visitedSequencePoints="0" numBranchPoints="0" visitedBranchPoints="0" sequenceCoverage="0.0" branchCoverage="0.0" maxCyclomaticComplexity="1" minCyclomaticComplexity="1" maxCrapScore="2" minCrapScore="2" visitedClasses="0" numClasses="1" visitedMethods="0" numMethods="2" />
          <FullName>Road</FullName>
          <Methods>
            <Method visited="false" cyclomaticComplexity="1" nPathComplexity="0" sequenceCoverage="0.0" branchCoverage="0" crapScore="2" isConstructor="false" isStatic="false" isGetter="false" isSetter="false">
              <Summary numSequencePoints="3" visitedSequencePoints="0" numBranchPoints="0" visitedBranchPoints="0" sequenceCoverage="0.0" branchCoverage="0" maxCyclomaticComplexity="1" minCyclomaticComplexity="1" maxCrapScore="2" minCrapScore="2" visitedClasses="0" numClasses="0" visitedMethods="0" numMethods="1" />
              <MetadataToken>100663307</MetadataToken>
              <Name>UnityEngine.Transform Road::GetStartPosition()</Name>
              <FileRef uid="3" />
              <SequencePoints>
                <SequencePoint vc="0" uspid="183" ordinal="0" offset="0" sl="15" sc="0" el="15" ec="0" bec="0" bev="0" fileid="3" />
                <SequencePoint vc="0" uspid="184" ordinal="0" offset="1" sl="16" sc="0" el="16" ec="0" bec="0" bev="0" fileid="3" />
                <SequencePoint vc="0" uspid="185" ordinal="0" offset="10" sl="17" sc="0" el="17" ec="0" bec="0" bev="0" fileid="3" />
              </SequencePoints>
              <BranchPoints />
            </Method>
            <Method visited="false" cyclomaticComplexity="1" nPathComplexity="0" sequenceCoverage="0.0" branchCoverage="0" crapScore="2" isConstructor="false" isStatic="false" isGetter="false" isSetter="false">
              <Summary numSequencePoints="3" visitedSequencePoints="0" numBranchPoints="0" visitedBranchPoints="0" sequenceCoverage="0.0" branchCoverage="0" maxCyclomaticComplexity="1" minCyclomaticComplexity="1" maxCrapScore="2" minCrapScore="2" visitedClasses="0" numClasses="0" visitedMethods="0" numMethods="1" />
              <MetadataToken>100663308</MetadataToken>
              <Name>UnityEngine.Transform Road::GetEndPosition()</Name>
              <FileRef uid="3" />
              <SequencePoints>
                <SequencePoint vc="0" uspid="186" ordinal="0" offset="0" sl="23" sc="0" el="23" ec="0" bec="0" bev="0" fileid="3" />
                <SequencePoint vc="0" uspid="187" ordinal="0" offset="1" sl="24" sc="0" el="24" ec="0" bec="0" bev="0" fileid="3" />
                <SequencePoint vc="0" uspid="188" ordinal="0" offset="10" sl="25" sc="0" el="25" ec="0" bec="0" bev="0" fileid="3" />
              </SequencePoints>
              <BranchPoints />
            </Method>
          </Methods>
        </Class>
        <Class>
          <Summary numSequencePoints="4" visitedSequencePoints="0" numBranchPoints="0" visitedBranchPoints="0" sequenceCoverage="0.0" branchCoverage="0.0" maxCyclomaticComplexity="1" minCyclomaticComplexity="1" maxCrapScore="2" minCrapScore="2" visitedClasses="0" numClasses="1" visitedMethods="0" numMethods="2" />
          <FullName>BlockDisplayer</FullName>
          <Methods>
            <Method visited="false" cyclomaticComplexity="1" nPathComplexity="0" sequenceCoverage="0.0" branchCoverage="0" crapScore="2" isConstructor="false" isStatic="false" isGetter="false" isSetter="false">
              <Summary numSequencePoints="2" visitedSequencePoints="0" numBranchPoints="0" visitedBranchPoints="0" sequenceCoverage="0.0" branchCoverage="0" maxCyclomaticComplexity="1" minCyclomaticComplexity="1" maxCrapScore="2" minCrapScore="2" visitedClasses="0" numClasses="0" visitedMethods="0" numMethods="1" />
              <MetadataToken>100663310</MetadataToken>
              <Name>System.Void BlockDisplayer::Start()</Name>
              <FileRef uid="4" />
              <SequencePoints>
                <SequencePoint vc="0" uspid="189" ordinal="0" offset="0" sl="7" sc="0" el="7" ec="0" bec="0" bev="0" fileid="4" />
                <SequencePoint vc="0" uspid="190" ordinal="0" offset="1" sl="9" sc="0" el="9" ec="0" bec="0" bev="0" fileid="4" />
              </SequencePoints>
              <BranchPoints />
            </Method>
            <Method visited="false" cyclomaticComplexity="1" nPathComplexity="0" sequenceCoverage="0.0" branchCoverage="0" crapScore="2" isConstructor="false" isStatic="false" isGetter="false" isSetter="false">
              <Summary numSequencePoints="2" visitedSequencePoints="0" numBranchPoints="0" visitedBranchPoints="0" sequenceCoverage="0.0" branchCoverage="0" maxCyclomaticComplexity="1" minCyclomaticComplexity="1" maxCrapScore="2" minCrapScore="2" visitedClasses="0" numClasses="0" visitedMethods="0" numMethods="1" />
              <MetadataToken>100663311</MetadataToken>
              <Name>System.Void BlockDisplayer::Update()</Name>
              <FileRef uid="4" />
              <SequencePoints>
                <SequencePoint vc="0" uspid="191" ordinal="0" offset="0" sl="13" sc="0" el="13" ec="0" bec="0" bev="0" fileid="4" />
                <SequencePoint vc="0" uspid="192" ordinal="0" offset="1" sl="15" sc="0" el="15" ec="0" bec="0" bev="0" fileid="4" />
              </SequencePoints>
              <BranchPoints />
            </Method>
          </Methods>
        </Class>
        <Class>
          <Summary numSequencePoints="17" visitedSequencePoints="0" numBranchPoints="0" visitedBranchPoints="0" sequenceCoverage="0.0" branchCoverage="0.0" maxCyclomaticComplexity="4" minCyclomaticComplexity="1" maxCrapScore="20" minCrapScore="2" visitedClasses="0" numClasses="1" visitedMethods="0" numMethods="4" />
          <FullName>BsuBeaviour</FullName>
          <Methods>
            <Method visited="false" cyclomaticComplexity="1" nPathComplexity="0" sequenceCoverage="0.0" branchCoverage="0" crapScore="2" isConstructor="false" isStatic="false" isGetter="true" isSetter="false">
              <Summary numSequencePoints="3" visitedSequencePoints="0" numBranchPoints="0" visitedBranchPoints="0" sequenceCoverage="0.0" branchCoverage="0" maxCyclomaticComplexity="1" minCyclomaticComplexity="1" maxCrapScore="2" minCrapScore="2" visitedClasses="0" numClasses="0" visitedMethods="0" numMethods="1" />
              <MetadataToken>100663313</MetadataToken>
              <Name>System.String BsuBeaviour::get_LineNr()</Name>
              <FileRef uid="5" />
              <SequencePoints>
                <SequencePoint vc="0" uspid="193" ordinal="0" offset="0" sl="12" sc="0" el="12" ec="0" bec="0" bev="0" fileid="5" />
                <SequencePoint vc="0" uspid="194" ordinal="0" offset="1" sl="12" sc="0" el="12" ec="0" bec="0" bev="0" fileid="5" />
                <SequencePoint vc="0" uspid="195" ordinal="0" offset="10" sl="12" sc="0" el="12" ec="0" bec="0" bev="0" fileid="5" />
              </SequencePoints>
              <BranchPoints />
            </Method>
            <Method visited="false" cyclomaticComplexity="1" nPathComplexity="0" sequenceCoverage="0.0" branchCoverage="0" crapScore="2" isConstructor="false" isStatic="false" isGetter="false" isSetter="true">
              <Summary numSequencePoints="3" visitedSequencePoints="0" numBranchPoints="0" visitedBranchPoints="0" sequenceCoverage="0.0" branchCoverage="0" maxCyclomaticComplexity="1" minCyclomaticComplexity="1" maxCrapScore="2" minCrapScore="2" visitedClasses="0" numClasses="0" visitedMethods="0" numMethods="1" />
              <MetadataToken>100663314</MetadataToken>
              <Name>System.Void BsuBeaviour::set_LineNr(System.String)</Name>
              <FileRef uid="5" />
              <SequencePoints>
                <SequencePoint vc="0" uspid="196" ordinal="0" offset="0" sl="13" sc="0" el="13" ec="0" bec="0" bev="0" fileid="5" />
                <SequencePoint vc="0" uspid="197" ordinal="0" offset="1" sl="13" sc="0" el="13" ec="0" bec="0" bev="0" fileid="5" />
                <SequencePoint vc="0" uspid="198" ordinal="0" offset="8" sl="13" sc="0" el="13" ec="0" bec="0" bev="0" fileid="5" />
              </SequencePoints>
              <BranchPoints />
            </Method>
            <Method visited="false" cyclomaticComplexity="4" nPathComplexity="0" sequenceCoverage="0.0" branchCoverage="0" crapScore="20" isConstructor="false" isStatic="false" isGetter="false" isSetter="false">
              <Summary numSequencePoints="9" visitedSequencePoints="0" numBranchPoints="0" visitedBranchPoints="0" sequenceCoverage="0.0" branchCoverage="0" maxCyclomaticComplexity="4" minCyclomaticComplexity="4" maxCrapScore="20" minCrapScore="20" visitedClasses="0" numClasses="0" visitedMethods="0" numMethods="1" />
              <MetadataToken>100663315</MetadataToken>
              <Name>System.Void BsuBeaviour::Awake()</Name>
              <FileRef uid="5" />
              <SequencePoints>
                <SequencePoint vc="0" uspid="199" ordinal="0" offset="0" sl="24" sc="0" el="24" ec="0" bec="0" bev="0" fileid="5" />
                <SequencePoint vc="0" uspid="200" ordinal="0" offset="1" sl="26" sc="0" el="26" ec="0" bec="0" bev="0" fileid="5" />
                <SequencePoint vc="0" uspid="201" ordinal="0" offset="13" sl="27" sc="0" el="27" ec="0" bec="0" bev="0" fileid="5" />
                <SequencePoint vc="0" uspid="202" ordinal="0" offset="25" sl="28" sc="0" el="28" ec="0" bec="0" bev="0" fileid="5" />
                <SequencePoint vc="0" uspid="203" ordinal="0" offset="37" sl="31" sc="0" el="31" ec="0" bec="0" bev="0" fileid="5" />
                <SequencePoint vc="0" uspid="204" ordinal="0" offset="84" sl="32" sc="0" el="32" ec="0" bec="0" bev="0" fileid="5" />
                <SequencePoint vc="0" uspid="205" ordinal="0" offset="85" sl="33" sc="0" el="33" ec="0" bec="0" bev="0" fileid="5" />
                <SequencePoint vc="0" uspid="206" ordinal="0" offset="96" sl="34" sc="0" el="34" ec="0" bec="0" bev="0" fileid="5" />
                <SequencePoint vc="0" uspid="207" ordinal="0" offset="97" sl="35" sc="0" el="35" ec="0" bec="0" bev="0" fileid="5" />
              </SequencePoints>
              <BranchPoints />
            </Method>
            <Method visited="false" cyclomaticComplexity="1" nPathComplexity="0" sequenceCoverage="0.0" branchCoverage="0" crapScore="2" isConstructor="false" isStatic="false" isGetter="false" isSetter="false">
              <Summary numSequencePoints="2" visitedSequencePoints="0" numBranchPoints="0" visitedBranchPoints="0" sequenceCoverage="0.0" branchCoverage="0" maxCyclomaticComplexity="1" minCyclomaticComplexity="1" maxCrapScore="2" minCrapScore="2" visitedClasses="0" numClasses="0" visitedMethods="0" numMethods="1" />
              <MetadataToken>100663316</MetadataToken>
              <Name>System.Void BsuBeaviour::SetRoutePoints()</Name>
              <FileRef uid="5" />
              <SequencePoints>
                <SequencePoint vc="0" uspid="208" ordinal="0" offset="0" sl="39" sc="0" el="39" ec="0" bec="0" bev="0" fileid="5" />
                <SequencePoint vc="0" uspid="209" ordinal="0" offset="1" sl="41" sc="0" el="41" ec="0" bec="0" bev="0" fileid="5" />
              </SequencePoints>
              <BranchPoints />
            </Method>
          </Methods>
        </Class>
        <Class>
          <Summary numSequencePoints="99" visitedSequencePoints="0" numBranchPoints="0" visitedBranchPoints="0" sequenceCoverage="0.0" branchCoverage="0.0" maxCyclomaticComplexity="5" minCyclomaticComplexity="1" maxCrapScore="30" minCrapScore="2" visitedClasses="0" numClasses="1" visitedMethods="0" numMethods="12" />
          <FullName>Clientbetter</FullName>
          <Methods>
            <Method visited="false" cyclomaticComplexity="1" nPathComplexity="0" sequenceCoverage="0.0" branchCoverage="0" crapScore="2" isConstructor="false" isStatic="false" isGetter="false" isSetter="false">
              <Summary numSequencePoints="6" visitedSequencePoints="0" numBranchPoints="0" visitedBranchPoints="0" sequenceCoverage="0.0" branchCoverage="0" maxCyclomaticComplexity="1" minCyclomaticComplexity="1" maxCrapScore="2" minCrapScore="2" visitedClasses="0" numClasses="0" visitedMethods="0" numMethods="1" />
              <MetadataToken>100663318</MetadataToken>
              <Name>System.Void Clientbetter::Start()</Name>
              <FileRef uid="6" />
              <SequencePoints>
                <SequencePoint vc="0" uspid="210" ordinal="0" offset="0" sl="40" sc="0" el="40" ec="0" bec="0" bev="0" fileid="6" />
                <SequencePoint vc="0" uspid="211" ordinal="0" offset="1" sl="49" sc="0" el="49" ec="0" bec="0" bev="0" fileid="6" />
                <SequencePoint vc="0" uspid="212" ordinal="0" offset="23" sl="50" sc="0" el="50" ec="0" bec="0" bev="0" fileid="6" />
                <SequencePoint vc="0" uspid="213" ordinal="0" offset="34" sl="51" sc="0" el="51" ec="0" bec="0" bev="0" fileid="6" />
                <SequencePoint vc="0" uspid="214" ordinal="0" offset="46" sl="52" sc="0" el="52" ec="0" bec="0" bev="0" fileid="6" />
                <SequencePoint vc="0" uspid="215" ordinal="0" offset="53" sl="53" sc="0" el="53" ec="0" bec="0" bev="0" fileid="6" />
              </SequencePoints>
              <BranchPoints />
            </Method>
            <Method visited="false" cyclomaticComplexity="4" nPathComplexity="0" sequenceCoverage="0.0" branchCoverage="0" crapScore="20" isConstructor="false" isStatic="false" isGetter="false" isSetter="false">
              <Summary numSequencePoints="7" visitedSequencePoints="0" numBranchPoints="0" visitedBranchPoints="0" sequenceCoverage="0.0" branchCoverage="0" maxCyclomaticComplexity="4" minCyclomaticComplexity="4" maxCrapScore="20" minCrapScore="20" visitedClasses="0" numClasses="0" visitedMethods="0" numMethods="1" />
              <MetadataToken>100663319</MetadataToken>
              <Name>System.Void Clientbetter::Update()</Name>
              <FileRef uid="6" />
              <SequencePoints>
                <SequencePoint vc="0" uspid="216" ordinal="0" offset="0" sl="56" sc="0" el="56" ec="0" bec="0" bev="0" fileid="6" />
                <SequencePoint vc="0" uspid="217" ordinal="0" offset="1" sl="58" sc="0" el="58" ec="0" bec="0" bev="0" fileid="6" />
                <SequencePoint vc="0" uspid="218" ordinal="0" offset="23" sl="59" sc="0" el="59" ec="0" bec="0" bev="0" fileid="6" />
                <SequencePoint vc="0" uspid="219" ordinal="0" offset="24" sl="60" sc="0" el="60" ec="0" bec="0" bev="0" fileid="6" />
                <SequencePoint vc="0" uspid="220" ordinal="0" offset="37" sl="61" sc="0" el="61" ec="0" bec="0" bev="0" fileid="6" />
                <SequencePoint vc="0" uspid="221" ordinal="0" offset="50" sl="62" sc="0" el="62" ec="0" bec="0" bev="0" fileid="6" />
                <SequencePoint vc="0" uspid="222" ordinal="0" offset="51" sl="63" sc="0" el="63" ec="0" bec="0" bev="0" fileid="6" />
              </SequencePoints>
              <BranchPoints />
            </Method>
            <Method visited="false" cyclomaticComplexity="1" nPathComplexity="0" sequenceCoverage="0.0" branchCoverage="0" crapScore="2" isConstructor="false" isStatic="false" isGetter="false" isSetter="false">
              <Summary numSequencePoints="3" visitedSequencePoints="0" numBranchPoints="0" visitedBranchPoints="0" sequenceCoverage="0.0" branchCoverage="0" maxCyclomaticComplexity="1" minCyclomaticComplexity="1" maxCrapScore="2" minCrapScore="2" visitedClasses="0" numClasses="0" visitedMethods="0" numMethods="1" />
              <MetadataToken>100663320</MetadataToken>
              <Name>System.Void Clientbetter::PostIp(System.String)</Name>
              <FileRef uid="6" />
              <SequencePoints>
                <SequencePoint vc="0" uspid="223" ordinal="0" offset="0" sl="66" sc="0" el="66" ec="0" bec="0" bev="0" fileid="6" />
                <SequencePoint vc="0" uspid="224" ordinal="0" offset="1" sl="67" sc="0" el="67" ec="0" bec="0" bev="0" fileid="6" />
                <SequencePoint vc="0" uspid="225" ordinal="0" offset="8" sl="68" sc="0" el="68" ec="0" bec="0" bev="0" fileid="6" />
              </SequencePoints>
              <BranchPoints />
            </Method>
            <Method visited="false" cyclomaticComplexity="1" nPathComplexity="0" sequenceCoverage="0.0" branchCoverage="0" crapScore="2" isConstructor="false" isStatic="false" isGetter="false" isSetter="false">
              <Summary numSequencePoints="3" visitedSequencePoints="0" numBranchPoints="0" visitedBranchPoints="0" sequenceCoverage="0.0" branchCoverage="0" maxCyclomaticComplexity="1" minCyclomaticComplexity="1" maxCrapScore="2" minCrapScore="2" visitedClasses="0" numClasses="0" visitedMethods="0" numMethods="1" />
              <MetadataToken>100663321</MetadataToken>
              <Name>System.Void Clientbetter::StartClient()</Name>
              <FileRef uid="6" />
              <SequencePoints>
                <SequencePoint vc="0" uspid="226" ordinal="0" offset="0" sl="71" sc="0" el="71" ec="0" bec="0" bev="0" fileid="6" />
                <SequencePoint vc="0" uspid="227" ordinal="0" offset="1" sl="72" sc="0" el="72" ec="0" bec="0" bev="0" fileid="6" />
                <SequencePoint vc="0" uspid="228" ordinal="0" offset="8" sl="73" sc="0" el="73" ec="0" bec="0" bev="0" fileid="6" />
              </SequencePoints>
              <BranchPoints />
            </Method>
            <Method visited="false" cyclomaticComplexity="1" nPathComplexity="0" sequenceCoverage="0.0" branchCoverage="0" crapScore="2" isConstructor="false" isStatic="false" isGetter="false" isSetter="false">
              <Summary numSequencePoints="3" visitedSequencePoints="0" numBranchPoints="0" visitedBranchPoints="0" sequenceCoverage="0.0" branchCoverage="0" maxCyclomaticComplexity="1" minCyclomaticComplexity="1" maxCrapScore="2" minCrapScore="2" visitedClasses="0" numClasses="0" visitedMethods="0" numMethods="1" />
              <MetadataToken>100663322</MetadataToken>
              <Name>System.Void Clientbetter::SetPostRate(System.Single)</Name>
              <FileRef uid="6" />
              <SequencePoints>
                <SequencePoint vc="0" uspid="229" ordinal="0" offset="0" sl="76" sc="0" el="76" ec="0" bec="0" bev="0" fileid="6" />
                <SequencePoint vc="0" uspid="230" ordinal="0" offset="1" sl="77" sc="0" el="77" ec="0" bec="0" bev="0" fileid="6" />
                <SequencePoint vc="0" uspid="231" ordinal="0" offset="8" sl="78" sc="0" el="78" ec="0" bec="0" bev="0" fileid="6" />
              </SequencePoints>
              <BranchPoints />
            </Method>
            <Method visited="false" cyclomaticComplexity="2" nPathComplexity="0" sequenceCoverage="0.0" branchCoverage="0" crapScore="6" isConstructor="false" isStatic="false" isGetter="false" isSetter="false">
              <Summary numSequencePoints="7" visitedSequencePoints="0" numBranchPoints="0" visitedBranchPoints="0" sequenceCoverage="0.0" branchCoverage="0" maxCyclomaticComplexity="2" minCyclomaticComplexity="2" maxCrapScore="6" minCrapScore="6" visitedClasses="0" numClasses="0" visitedMethods="0" numMethods="1" />
              <MetadataToken>100663323</MetadataToken>
              <Name>System.Void Clientbetter::SetPostMode(System.Boolean)</Name>
              <FileRef uid="6" />
              <SequencePoints>
                <SequencePoint vc="0" uspid="232" ordinal="0" offset="0" sl="82" sc="0" el="82" ec="0" bec="0" bev="0" fileid="6" />
                <SequencePoint vc="0" uspid="233" ordinal="0" offset="1" sl="83" sc="0" el="83" ec="0" bec="0" bev="0" fileid="6" />
                <SequencePoint vc="0" uspid="234" ordinal="0" offset="8" sl="84" sc="0" el="84" ec="0" bec="0" bev="0" fileid="6" />
                <SequencePoint vc="0" uspid="235" ordinal="0" offset="21" sl="85" sc="0" el="85" ec="0" bec="0" bev="0" fileid="6" />
                <SequencePoint vc="0" uspid="236" ordinal="0" offset="22" sl="86" sc="0" el="86" ec="0" bec="0" bev="0" fileid="6" />
                <SequencePoint vc="0" uspid="237" ordinal="0" offset="41" sl="87" sc="0" el="87" ec="0" bec="0" bev="0" fileid="6" />
                <SequencePoint vc="0" uspid="238" ordinal="0" offset="42" sl="88" sc="0" el="88" ec="0" bec="0" bev="0" fileid="6" />
              </SequencePoints>
              <BranchPoints />
            </Method>
            <Method visited="false" cyclomaticComplexity="1" nPathComplexity="0" sequenceCoverage="0.0" branchCoverage="0" crapScore="2" isConstructor="false" isStatic="false" isGetter="false" isSetter="false">
              <Summary numSequencePoints="3" visitedSequencePoints="0" numBranchPoints="0" visitedBranchPoints="0" sequenceCoverage="0.0" branchCoverage="0" maxCyclomaticComplexity="1" minCyclomaticComplexity="1" maxCrapScore="2" minCrapScore="2" visitedClasses="0" numClasses="0" visitedMethods="0" numMethods="1" />
              <MetadataToken>100663324</MetadataToken>
              <Name>System.Single Clientbetter::GetPostRate()</Name>
              <FileRef uid="6" />
              <SequencePoints>
                <SequencePoint vc="0" uspid="239" ordinal="0" offset="0" sl="91" sc="0" el="91" ec="0" bec="0" bev="0" fileid="6" />
                <SequencePoint vc="0" uspid="240" ordinal="0" offset="1" sl="92" sc="0" el="92" ec="0" bec="0" bev="0" fileid="6" />
                <SequencePoint vc="0" uspid="241" ordinal="0" offset="10" sl="93" sc="0" el="93" ec="0" bec="0" bev="0" fileid="6" />
              </SequencePoints>
              <BranchPoints />
            </Method>
            <Method visited="false" cyclomaticComplexity="1" nPathComplexity="0" sequenceCoverage="0.0" branchCoverage="0" crapScore="2" isConstructor="false" isStatic="false" isGetter="false" isSetter="false">
              <Summary numSequencePoints="16" visitedSequencePoints="0" numBranchPoints="0" visitedBranchPoints="0" sequenceCoverage="0.0" branchCoverage="0" maxCyclomaticComplexity="1" minCyclomaticComplexity="1" maxCrapScore="2" minCrapScore="2" visitedClasses="0" numClasses="0" visitedMethods="0" numMethods="1" />
              <MetadataToken>100663325</MetadataToken>
              <Name>System.Void Clientbetter::ConnectToServer()</Name>
              <FileRef uid="6" />
              <SequencePoints>
                <SequencePoint vc="0" uspid="242" ordinal="0" offset="0" sl="96" sc="0" el="96" ec="0" bec="0" bev="0" fileid="6" />
                <SequencePoint vc="0" uspid="243" ordinal="0" offset="1" sl="97" sc="0" el="97" ec="0" bec="0" bev="0" fileid="6" />
                <SequencePoint vc="0" uspid="244" ordinal="0" offset="14" sl="98" sc="0" el="98" ec="0" bec="0" bev="0" fileid="6" />
                <SequencePoint vc="0" uspid="245" ordinal="0" offset="32" sl="99" sc="0" el="99" ec="0" bec="0" bev="0" fileid="6" />
                <SequencePoint vc="0" uspid="246" ordinal="0" offset="45" sl="101" sc="0" el="101" ec="0" bec="0" bev="0" fileid="6" />
                <SequencePoint vc="0" uspid="247" ordinal="0" offset="46" sl="102" sc="0" el="102" ec="0" bec="0" bev="0" fileid="6" />
                <SequencePoint vc="0" uspid="248" ordinal="0" offset="69" sl="103" sc="0" el="103" ec="0" bec="0" bev="0" fileid="6" />
                <SequencePoint vc="0" uspid="249" ordinal="0" offset="86" sl="106" sc="0" el="106" ec="0" bec="0" bev="0" fileid="6" />
                <SequencePoint vc="0" uspid="250" ordinal="0" offset="109" sl="107" sc="0" el="107" ec="0" bec="0" bev="0" fileid="6" />
                <SequencePoint vc="0" uspid="251" ordinal="0" offset="122" sl="108" sc="0" el="108" ec="0" bec="0" bev="0" fileid="6" />
                <SequencePoint vc="0" uspid="252" ordinal="0" offset="134" sl="109" sc="0" el="109" ec="0" bec="0" bev="0" fileid="6" />
                <SequencePoint vc="0" uspid="253" ordinal="0" offset="137" sl="110" sc="0" el="110" ec="0" bec="0" bev="0" fileid="6" />
                <SequencePoint vc="0" uspid="254" ordinal="0" offset="138" sl="111" sc="0" el="111" ec="0" bec="0" bev="0" fileid="6" />
                <SequencePoint vc="0" uspid="255" ordinal="0" offset="139" sl="112" sc="0" el="112" ec="0" bec="0" bev="0" fileid="6" />
                <SequencePoint vc="0" uspid="256" ordinal="0" offset="161" sl="113" sc="0" el="113" ec="0" bec="0" bev="0" fileid="6" />
                <SequencePoint vc="0" uspid="257" ordinal="0" offset="164" sl="114" sc="0" el="114" ec="0" bec="0" bev="0" fileid="6" />
              </SequencePoints>
              <BranchPoints />
            </Method>
            <Method visited="false" cyclomaticComplexity="5" nPathComplexity="0" sequenceCoverage="0.0" branchCoverage="0" crapScore="30" isConstructor="false" isStatic="false" isGetter="false" isSetter="false">
              <Summary numSequencePoints="24" visitedSequencePoints="0" numBranchPoints="0" visitedBranchPoints="0" sequenceCoverage="0.0" branchCoverage="0" maxCyclomaticComplexity="5" minCyclomaticComplexity="5" maxCrapScore="30" minCrapScore="30" visitedClasses="0" numClasses="0" visitedMethods="0" numMethods="1" />
              <MetadataToken>100663326</MetadataToken>
              <Name>System.Void Clientbetter::ListenForData()</Name>
              <FileRef uid="6" />
              <SequencePoints>
                <SequencePoint vc="0" uspid="258" ordinal="0" offset="0" sl="117" sc="0" el="117" ec="0" bec="0" bev="0" fileid="6" />
                <SequencePoint vc="0" uspid="259" ordinal="0" offset="1" sl="119" sc="0" el="119" ec="0" bec="0" bev="0" fileid="6" />
                <SequencePoint vc="0" uspid="260" ordinal="0" offset="2" sl="120" sc="0" el="120" ec="0" bec="0" bev="0" fileid="6" />
                <SequencePoint vc="0" uspid="261" ordinal="0" offset="18" sl="122" sc="0" el="122" ec="0" bec="0" bev="0" fileid="6" />
                <SequencePoint vc="0" uspid="262" ordinal="0" offset="19" sl="123" sc="0" el="123" ec="0" bec="0" bev="0" fileid="6" />
                <SequencePoint vc="0" uspid="263" ordinal="0" offset="41" sl="125" sc="0" el="125" ec="0" bec="0" bev="0" fileid="6" />
                <SequencePoint vc="0" uspid="264" ordinal="0" offset="56" sl="126" sc="0" el="126" ec="0" bec="0" bev="0" fileid="6" />
                <SequencePoint vc="0" uspid="265" ordinal="0" offset="59" sl="131" sc="0" el="131" ec="0" bec="0" bev="0" fileid="6" />
                <SequencePoint vc="0" uspid="266" ordinal="0" offset="60" sl="132" sc="0" el="132" ec="0" bec="0" bev="0" fileid="6" />
                <SequencePoint vc="0" uspid="267" ordinal="0" offset="67" sl="133" sc="0" el="133" ec="0" bec="0" bev="0" fileid="6" />
                <SequencePoint vc="0" uspid="268" ordinal="0" offset="78" sl="135" sc="0" el="135" ec="0" bec="0" bev="0" fileid="6" />
                <SequencePoint vc="0" uspid="269" ordinal="0" offset="91" sl="136" sc="0" el="136" ec="0" bec="0" bev="0" fileid="6" />
                <SequencePoint vc="0" uspid="270" ordinal="0" offset="99" sl="137" sc="0" el="137" ec="0" bec="0" bev="0" fileid="6" />
                <SequencePoint vc="0" uspid="271" ordinal="0" offset="106" sl="138" sc="0" el="138" ec="0" bec="0" bev="0" fileid="6" />
                <SequencePoint vc="0" uspid="272" ordinal="0" offset="124" sl="139" sc="0" el="139" ec="0" bec="0" bev="0" fileid="6" />
                <SequencePoint vc="0" uspid="273" ordinal="0" offset="125" sl="130" sc="0" el="130" ec="0" bec="0" bev="0" fileid="6" />
                <SequencePoint vc="0" uspid="274" ordinal="0" offset="152" sl="140" sc="0" el="140" ec="0" bec="0" bev="0" fileid="6" />
                <SequencePoint vc="0" uspid="275" ordinal="0" offset="153" sl="141" sc="0" el="141" ec="0" bec="0" bev="0" fileid="6" />
                <SequencePoint vc="0" uspid="276" ordinal="0" offset="154" sl="121" sc="0" el="121" ec="0" bec="0" bev="0" fileid="6" />
                <SequencePoint vc="0" uspid="277" ordinal="0" offset="162" sl="143" sc="0" el="143" ec="0" bec="0" bev="0" fileid="6" />
                <SequencePoint vc="0" uspid="278" ordinal="0" offset="164" sl="144" sc="0" el="144" ec="0" bec="0" bev="0" fileid="6" />
                <SequencePoint vc="0" uspid="279" ordinal="0" offset="165" sl="145" sc="0" el="145" ec="0" bec="0" bev="0" fileid="6" />
                <SequencePoint vc="0" uspid="280" ordinal="0" offset="195" sl="146" sc="0" el="146" ec="0" bec="0" bev="0" fileid="6" />
                <SequencePoint vc="0" uspid="281" ordinal="0" offset="198" sl="147" sc="0" el="147" ec="0" bec="0" bev="0" fileid="6" />
              </SequencePoints>
              <BranchPoints />
            </Method>
[...]
              <Summary numSequencePoints="1" visitedSequencePoints="0" numBranchPoints="0" visitedBranchPoints="0" sequenceCoverage="0.0" branchCoverage="0" maxCyclomaticComplexity="1" minCyclomaticComplexity="1" maxCrapScore="2" minCrapScore="2" visitedClasses="0" numClasses="0" visitedMethods="0" numMethods="1" />
              <MetadataToken>100663802</MetadataToken>
              <Name>System.Collections.Generic.List[Int32] FromControllerPakket/blockStateCarOnlyFromControl::get_CarLampState()</Name>
              <FileRef uid="24" />
              <SequencePoints>
                <SequencePoint vc="0" uspid="2404" ordinal="0" offset="0" sl="56" sc="0" el="56" ec="0" bec="0" bev="0" fileid="24" />
              </SequencePoints>
              <BranchPoints />
            </Method>
            <Method visited="false" cyclomaticComplexity="1" nPathComplexity="0" sequenceCoverage="0.0" branchCoverage="0" crapScore="2" isConstructor="false" isStatic="false" isGetter="false" isSetter="true">
              <Summary numSequencePoints="1" visitedSequencePoints="0" numBranchPoints="0" visitedBranchPoints="0" sequenceCoverage="0.0" branchCoverage="0" maxCyclomaticComplexity="1" minCyclomaticComplexity="1" maxCrapScore="2" minCrapScore="2" visitedClasses="0" numClasses="0" visitedMethods="0" numMethods="1" />
              <MetadataToken>100663803</MetadataToken>
              <Name>System.Void FromControllerPakket/blockStateCarOnlyFromControl::set_CarLampState(System.Collections.Generic.List[Int32])</Name>
              <FileRef uid="24" />
              <SequencePoints>
                <SequencePoint vc="0" uspid="2405" ordinal="0" offset="0" sl="56" sc="0" el="56" ec="0" bec="0" bev="0" fileid="24" />
              </SequencePoints>
              <BranchPoints />
            </Method>
          </Methods>
        </Class>
        <Class>
          <Summary numSequencePoints="8" visitedSequencePoints="0" numBranchPoints="0" visitedBranchPoints="0" sequenceCoverage="0.0" branchCoverage="0.0" maxCyclomaticComplexity="1" minCyclomaticComplexity="1" maxCrapScore="2" minCrapScore="2" visitedClasses="0" numClasses="1" visitedMethods="0" numMethods="8" />
          <FullName>FromControllerPakket/blockStateBusFromControl</FullName>
          <Methods>
            <Method visited="false" cyclomaticComplexity="1" nPathComplexity="0" sequenceCoverage="0.0" branchCoverage="0" crapScore="2" isConstructor="false" isStatic="false" isGetter="true" isSetter="false">
              <Summary numSequencePoints="1" visitedSequencePoints="0" numBranchPoints="0" visitedBranchPoints="0" sequenceCoverage="0.0" branchCoverage="0" maxCyclomaticComplexity="1" minCyclomaticComplexity="1" maxCrapScore="2" minCrapScore="2" visitedClasses="0" numClasses="0" visitedMethods="0" numMethods="1" />
              <MetadataToken>100663805</MetadataToken>
              <Name>System.Collections.Generic.List[Int32] FromControllerPakket/blockStateBusFromControl::get_CarLampState()</Name>
              <FileRef uid="24" />
              <SequencePoints>
                <SequencePoint vc="0" uspid="2406" ordinal="0" offset="0" sl="63" sc="0" el="63" ec="0" bec="0" bev="0" fileid="24" />
              </SequencePoints>
              <BranchPoints />
            </Method>
            <Method visited="false" cyclomaticComplexity="1" nPathComplexity="0" sequenceCoverage="0.0" branchCoverage="0" crapScore="2" isConstructor="false" isStatic="false" isGetter="false" isSetter="true">
              <Summary numSequencePoints="1" visitedSequencePoints="0" numBranchPoints="0" visitedBranchPoints="0" sequenceCoverage="0.0" branchCoverage="0" maxCyclomaticComplexity="1" minCyclomaticComplexity="1" maxCrapScore="2" minCrapScore="2" visitedClasses="0" numClasses="0" visitedMethods="0" numMethods="1" />
              <MetadataToken>100663806</MetadataToken>
              <Name>System.Void FromControllerPakket/blockStateBusFromControl::set_CarLampState(System.Collections.Generic.List[Int32])</Name>
              <FileRef uid="24" />
              <SequencePoints>
                <SequencePoint vc="0" uspid="2407" ordinal="0" offset="0" sl="63" sc="0" el="63" ec="0" bec="0" bev="0" fileid="24" />
              </SequencePoints>
              <BranchPoints />
            </Method>
            <Method visited="false" cyclomaticComplexity="1" nPathComplexity="0" sequenceCoverage="0.0" branchCoverage="0" crapScore="2" isConstructor="false" isStatic="false" isGetter="true" isSetter="false">
              <Summary numSequencePoints="1" visitedSequencePoints="0" numBranchPoints="0" visitedBranchPoints="0" sequenceCoverage="0.0" branchCoverage="0" maxCyclomaticComplexity="1" minCyclomaticComplexity="1" maxCrapScore="2" minCrapScore="2" visitedClasses="0" numClasses="0" visitedMethods="0" numMethods="1" />
              <MetadataToken>100663807</MetadataToken>
              <Name>System.Collections.Generic.List[Int32] FromControllerPakket/blockStateBusFromControl::get_BikeLampState()</Name>
              <FileRef uid="24" />
              <SequencePoints>
                <SequencePoint vc="0" uspid="2408" ordinal="0" offset="0" sl="66" sc="0" el="66" ec="0" bec="0" bev="0" fileid="24" />
              </SequencePoints>
              <BranchPoints />
            </Method>
            <Method visited="false" cyclomaticComplexity="1" nPathComplexity="0" sequenceCoverage="0.0" branchCoverage="0" crapScore="2" isConstructor="false" isStatic="false" isGetter="false" isSetter="true">
              <Summary numSequencePoints="1" visitedSequencePoints="0" numBranchPoints="0" visitedBranchPoints="0" sequenceCoverage="0.0" branchCoverage="0" maxCyclomaticComplexity="1" minCyclomaticComplexity="1" maxCrapScore="2" minCrapScore="2" visitedClasses="0" numClasses="0" visitedMethods="0" numMethods="1" />
              <MetadataToken>100663808</MetadataToken>
              <Name>System.Void FromControllerPakket/blockStateBusFromControl::set_BikeLampState(System.Collections.Generic.List[Int32])</Name>
              <FileRef uid="24" />
              <SequencePoints>
                <SequencePoint vc="0" uspid="2409" ordinal="0" offset="0" sl="66" sc="0" el="66" ec="0" bec="0" bev="0" fileid="24" />
              </SequencePoints>
              <BranchPoints />
            </Method>
            <Method visited="false" cyclomaticComplexity="1" nPathComplexity="0" sequenceCoverage="0.0" branchCoverage="0" crapScore="2" isConstructor="false" isStatic="false" isGetter="true" isSetter="false">
              <Summary numSequencePoints="1" visitedSequencePoints="0" numBranchPoints="0" visitedBranchPoints="0" sequenceCoverage="0.0" branchCoverage="0" maxCyclomaticComplexity="1" minCyclomaticComplexity="1" maxCrapScore="2" minCrapScore="2" visitedClasses="0" numClasses="0" visitedMethods="0" numMethods="1" />
              <MetadataToken>100663809</MetadataToken>
              <Name>System.Collections.Generic.List[Int32] FromControllerPakket/blockStateBusFromControl::get_PedestrianLampState()</Name>
              <FileRef uid="24" />
              <SequencePoints>
                <SequencePoint vc="0" uspid="2410" ordinal="0" offset="0" sl="69" sc="0" el="69" ec="0" bec="0" bev="0" fileid="24" />
              </SequencePoints>
              <BranchPoints />
            </Method>
            <Method visited="false" cyclomaticComplexity="1" nPathComplexity="0" sequenceCoverage="0.0" branchCoverage="0" crapScore="2" isConstructor="false" isStatic="false" isGetter="false" isSetter="true">
              <Summary numSequencePoints="1" visitedSequencePoints="0" numBranchPoints="0" visitedBranchPoints="0" sequenceCoverage="0.0" branchCoverage="0" maxCyclomaticComplexity="1" minCyclomaticComplexity="1" maxCrapScore="2" minCrapScore="2" visitedClasses="0" numClasses="0" visitedMethods="0" numMethods="1" />
              <MetadataToken>100663810</MetadataToken>
              <Name>System.Void FromControllerPakket/blockStateBusFromControl::set_PedestrianLampState(System.Collections.Generic.List[Int32])</Name>
              <FileRef uid="24" />
              <SequencePoints>
                <SequencePoint vc="0" uspid="2411" ordinal="0" offset="0" sl="69" sc="0" el="69" ec="0" bec="0" bev="0" fileid="24" />
              </SequencePoints>
              <BranchPoints />
            </Method>
            <Method visited="false" cyclomaticComplexity="1" nPathComplexity="0" sequenceCoverage="0.0" branchCoverage="0" crapScore="2" isConstructor="false" isStatic="false" isGetter="true" isSetter="false">
              <Summary numSequencePoints="1" visitedSequencePoints="0" numBranchPoints="0" visitedBranchPoints="0" sequenceCoverage="0.0" branchCoverage="0" maxCyclomaticComplexity="1" minCyclomaticComplexity="1" maxCrapScore="2" minCrapScore="2" visitedClasses="0" numClasses="0" visitedMethods="0" numMethods="1" />
              <MetadataToken>100663811</MetadataToken>
              <Name>System.Collections.Generic.List[Int32] FromControllerPakket/blockStateBusFromControl::get_BusLampState()</Name>
              <FileRef uid="24" />
              <SequencePoints>
                <SequencePoint vc="0" uspid="2412" ordinal="0" offset="0" sl="72" sc="0" el="72" ec="0" bec="0" bev="0" fileid="24" />
              </SequencePoints>
              <BranchPoints />
            </Method>
            <Method visited="false" cyclomaticComplexity="1" nPathComplexity="0" sequenceCoverage="0.0" branchCoverage="0" crapScore="2" isConstructor="false" isStatic="false" isGetter="false" isSetter="true">
              <Summary numSequencePoints="1" visitedSequencePoints="0" numBranchPoints="0" visitedBranchPoints="0" sequenceCoverage="0.0" branchCoverage="0" maxCyclomaticComplexity="1" minCyclomaticComplexity="1" maxCrapScore="2" minCrapScore="2" visitedClasses="0" numClasses="0" visitedMethods="0" numMethods="1" />
              <MetadataToken>100663812</MetadataToken>
              <Name>System.Void FromControllerPakket/blockStateBusFromControl::set_BusLampState(System.Collections.Generic.List[Int32])</Name>
              <FileRef uid="24" />
              <SequencePoints>
                <SequencePoint vc="0" uspid="2413" ordinal="0" offset="0" sl="72" sc="0" el="72" ec="0" bec="0" bev="0" fileid="24" />
              </SequencePoints>
              <BranchPoints />
            </Method>
          </Methods>
        </Class>
        <Class>
          <Summary numSequencePoints="9" visitedSequencePoints="0" numBranchPoints="0" visitedBranchPoints="0" sequenceCoverage="0.0" branchCoverage="0.0" maxCyclomaticComplexity="1" minCyclomaticComplexity="1" maxCrapScore="2" minCrapScore="2" visitedClasses="0" numClasses="1" visitedMethods="0" numMethods="3" />
          <FullName>SceneAnnotationEditor/&lt;&gt;c__DisplayClass2_0</FullName>
          <Methods>
            <Method visited="false" cyclomaticComplexity="1" nPathComplexity="0" sequenceCoverage="0.0" branchCoverage="0" crapScore="2" isConstructor="false" isStatic="false" isGetter="false" isSetter="false">
              <Summary numSequencePoints="3" visitedSequencePoints="0" numBranchPoints="0" visitedBranchPoints="0" sequenceCoverage="0.0" branchCoverage="0" maxCyclomaticComplexity="1" minCyclomaticComplexity="1" maxCrapScore="2" minCrapScore="2" visitedClasses="0" numClasses="0" visitedMethods="0" numMethods="1" />
              <MetadataToken>100663816</MetadataToken>
              <Name>System.Void SceneAnnotationEditor/&lt;&gt;c__DisplayClass2_0::&lt;CreateInspectorGUI&gt;b__0()</Name>
              <FileRef uid="35" />
              <SequencePoints>
                <SequencePoint vc="0" uspid="2414" ordinal="0" offset="0" sl="58" sc="0" el="58" ec="0" bec="0" bev="0" fileid="35" />
                <SequencePoint vc="0" uspid="2415" ordinal="0" offset="1" sl="58" sc="0" el="58" ec="0" bec="0" bev="0" fileid="35" />
                <SequencePoint vc="0" uspid="2416" ordinal="0" offset="28" sl="58" sc="0" el="58" ec="0" bec="0" bev="0" fileid="35" />
              </SequencePoints>
              <BranchPoints />
            </Method>
            <Method visited="false" cyclomaticComplexity="1" nPathComplexity="0" sequenceCoverage="0.0" branchCoverage="0" crapScore="2" isConstructor="false" isStatic="false" isGetter="false" isSetter="false">
              <Summary numSequencePoints="3" visitedSequencePoints="0" numBranchPoints="0" visitedBranchPoints="0" sequenceCoverage="0.0" branchCoverage="0" maxCyclomaticComplexity="1" minCyclomaticComplexity="1" maxCrapScore="2" minCrapScore="2" visitedClasses="0" numClasses="0" visitedMethods="0" numMethods="1" />
              <MetadataToken>100663817</MetadataToken>
              <Name>System.Void SceneAnnotationEditor/&lt;&gt;c__DisplayClass2_0::&lt;CreateInspectorGUI&gt;b__1()</Name>
              <FileRef uid="35" />
              <SequencePoints>
                <SequencePoint vc="0" uspid="2417" ordinal="0" offset="0" sl="59" sc="0" el="59" ec="0" bec="0" bev="0" fileid="35" />
                <SequencePoint vc="0" uspid="2418" ordinal="0" offset="1" sl="59" sc="0" el="59" ec="0" bec="0" bev="0" fileid="35" />
                <SequencePoint vc="0" uspid="2419" ordinal="0" offset="14" sl="59" sc="0" el="59" ec="0" bec="0" bev="0" fileid="35" />
              </SequencePoints>
              <BranchPoints />
            </Method>
            <Method visited="false" cyclomaticComplexity="1" nPathComplexity="0" sequenceCoverage="0.0" branchCoverage="0" crapScore="2" isConstructor="false" isStatic="false" isGetter="false" isSetter="false">
              <Summary numSequencePoints="3" visitedSequencePoints="0" numBranchPoints="0" visitedBranchPoints="0" sequenceCoverage="0.0" branchCoverage="0" maxCyclomaticComplexity="1" minCyclomaticComplexity="1" maxCrapScore="2" minCrapScore="2" visitedClasses="0" numClasses="0" visitedMethods="0" numMethods="1" />
              <MetadataToken>100663818</MetadataToken>
              <Name>System.Void SceneAnnotationEditor/&lt;&gt;c__DisplayClass2_0::&lt;CreateInspectorGUI&gt;b__2()</Name>
              <FileRef uid="35" />
              <SequencePoints>
                <SequencePoint vc="0" uspid="2420" ordinal="0" offset="0" sl="60" sc="0" el="60" ec="0" bec="0" bev="0" fileid="35" />
                <SequencePoint vc="0" uspid="2421" ordinal="0" offset="1" sl="60" sc="0" el="60" ec="0" bec="0" bev="0" fileid="35" />
                <SequencePoint vc="0" uspid="2422" ordinal="0" offset="14" sl="60" sc="0" el="60" ec="0" bec="0" bev="0" fileid="35" />
              </SequencePoints>
              <BranchPoints />
            </Method>
          </Methods>
        </Class>
        <Class>
          <Summary numSequencePoints="1" visitedSequencePoints="0" numBranchPoints="0" visitedBranchPoints="0" sequenceCoverage="0.0" branchCoverage="0.0" maxCyclomaticComplexity="1" minCyclomaticComplexity="1" maxCrapScore="2" minCrapScore="2" visitedClasses="0" numClasses="1" visitedMethods="0" numMethods="1" />
          <FullName>SceneAnnotationEditor/&lt;&gt;c__DisplayClass2_1</FullName>
          <Methods>
            <Method visited="false" cyclomaticComplexity="1" nPathComplexity="0" sequenceCoverage="0.0" branchCoverage="0" crapScore="2" isConstructor="false" isStatic="false" isGetter="false" isSetter="false">
              <Summary numSequencePoints="1" visitedSequencePoints="0" numBranchPoints="0" visitedBranchPoints="0" sequenceCoverage="0.0" branchCoverage="0" maxCyclomaticComplexity="1" minCyclomaticComplexity="1" maxCrapScore="2" minCrapScore="2" visitedClasses="0" numClasses="0" visitedMethods="0" numMethods="1" />
              <MetadataToken>100663820</MetadataToken>
              <Name>System.Void SceneAnnotationEditor/&lt;&gt;c__DisplayClass2_1::&lt;CreateInspectorGUI&gt;b__3(UnityEngine.UIElements.MouseDownEvent)</Name>
              <FileRef uid="35" />
              <SequencePoints>
                <SequencePoint vc="0" uspid="2423" ordinal="0" offset="0" sl="100" sc="0" el="100" ec="0" bec="0" bev="0" fileid="35" />
              </SequencePoints>
              <BranchPoints />
            </Method>
          </Methods>
        </Class>
        <Class>
          <Summary numSequencePoints="1" visitedSequencePoints="0" numBranchPoints="0" visitedBranchPoints="0" sequenceCoverage="0.0" branchCoverage="0.0" maxCyclomaticComplexity="1" minCyclomaticComplexity="1" maxCrapScore="2" minCrapScore="2" visitedClasses="0" numClasses="1" visitedMethods="0" numMethods="1" />
          <FullName>BussNeumbers/&lt;&gt;c</FullName>
          <Methods>
            <Method visited="false" cyclomaticComplexity="1" nPathComplexity="0" sequenceCoverage="0.0" branchCoverage="0" crapScore="2" isConstructor="false" isStatic="false" isGetter="false" isSetter="false">
              <Summary numSequencePoints="1" visitedSequencePoints="0" numBranchPoints="0" visitedBranchPoints="0" sequenceCoverage="0.0" branchCoverage="0" maxCyclomaticComplexity="1" minCyclomaticComplexity="1" maxCrapScore="2" minCrapScore="2" visitedClasses="0" numClasses="0" visitedMethods="0" numMethods="1" />
              <MetadataToken>100663823</MetadataToken>
              <Name>UnityEngine.Vector3 BussNeumbers/&lt;&gt;c::&lt;Setup&gt;b__7_0(UnityEngine.Transform)</Name>
              <FileRef uid="46" />
              <SequencePoints>
                <SequencePoint vc="0" uspid="2424" ordinal="0" offset="0" sl="37" sc="0" el="37" ec="0" bec="0" bev="0" fileid="46" />
              </SequencePoints>
              <BranchPoints />
            </Method>
          </Methods>
        </Class>
        <Class>
          <Summary numSequencePoints="7" visitedSequencePoints="0" numBranchPoints="0" visitedBranchPoints="0" sequenceCoverage="0.0" branchCoverage="0.0" maxCyclomaticComplexity="3" minCyclomaticComplexity="3" maxCrapScore="12" minCrapScore="12" visitedClasses="0" numClasses="1" visitedMethods="0" numMethods="1" />
          <FullName>vehicleDetector/&lt;ScanFrontl&gt;d__11</FullName>
          <Methods>
            <Method visited="false" cyclomaticComplexity="3" nPathComplexity="0" sequenceCoverage="0.0" branchCoverage="0" crapScore="12" isConstructor="false" isStatic="false" isGetter="false" isSetter="false">
              <Summary numSequencePoints="7" visitedSequencePoints="0" numBranchPoints="0" visitedBranchPoints="0" sequenceCoverage="0.0" branchCoverage="0" maxCyclomaticComplexity="3" minCyclomaticComplexity="3" maxCrapScore="12" minCrapScore="12" visitedClasses="0" numClasses="0" visitedMethods="0" numMethods="1" />
              <MetadataToken>100663826</MetadataToken>
              <Name>System.Boolean vehicleDetector/&lt;ScanFrontl&gt;d__11::MoveNext()</Name>
              <FileRef uid="49" />
              <SequencePoints>
                <SequencePoint vc="0" uspid="2425" ordinal="0" offset="31" sl="25" sc="0" el="25" ec="0" bec="0" bev="0" fileid="49" />
                <SequencePoint vc="0" uspid="2426" ordinal="0" offset="34" sl="27" sc="0" el="27" ec="0" bec="0" bev="0" fileid="49" />
                <SequencePoint vc="0" uspid="2427" ordinal="0" offset="35" sl="28" sc="0" el="28" ec="0" bec="0" bev="0" fileid="49" />
                <SequencePoint vc="0" uspid="2428" ordinal="0" offset="47" sl="29" sc="0" el="29" ec="0" bec="0" bev="0" fileid="49" />
                <SequencePoint vc="0" uspid="2429" ordinal="0" offset="59" sl="30" sc="0" el="30" ec="0" bec="0" bev="0" fileid="49" />
                <SequencePoint vc="0" uspid="2430" ordinal="0" offset="97" sl="31" sc="0" el="31" ec="0" bec="0" bev="0" fileid="49" />
                <SequencePoint vc="0" uspid="2431" ordinal="0" offset="98" sl="26" sc="0" el="26" ec="0" bec="0" bev="0" fileid="49" />
              </SequencePoints>
              <BranchPoints />
            </Method>
          </Methods>
        </Class>
      </Classes>
    </Module>
  </Modules>
</CoverageSession>