<?xml version="1.0" encoding="utf-8"?>
<CoverageSession xmlns:xsd="http://www.w3.org/2001/XMLSchema" xmlns:xsi="http://www.w3.org/2001/XMLSchema-instance" Version="0.0.0.0">
  <Summary numSequencePoints="904" visitedSequencePoints="767" numBranchPoints="0" visitedBranchPoints="0" sequenceCoverage="84.85" branchCoverage="0.0" maxCyclomaticComplexity="9" minCyclomaticComplexity="1" maxCrapScore="32.11" minCrapScore="1" visitedClasses="41" numClasses="41" visitedMethods="130" numMethods="130" />
  <Modules>
    <Module>
      <Summary numSequencePoints="12" visitedSequencePoints="3" numBranchPoints="0" visitedBranchPoints="0" sequenceCoverage="25.00" branchCoverage="0.0" maxCyclomaticComplexity="4" minCyclomaticComplexity="4" maxCrapScore="10.75" minCrapScore="10.75" visitedClasses="1" numClasses="1" visitedMethods="1" numMethods="1" />
      <ModuleTime>0001-01-01T00:00:00</ModuleTime>
      <ModuleName>Assembly-CSharp-Editor</ModuleName>
      <Files>
        <File uid="1" fullPath="D:/Porting/8simulations/Assets/TerrainDemoScene_URP/Scripts/Editor/ReadmeEditor.cs" />
      </Files>
      <Classes>
        <Class>
          <Summary numSequencePoints="12" visitedSequencePoints="3" numBranchPoints="0" visitedBranchPoints="0" sequenceCoverage="25.00" branchCoverage="0.0" maxCyclomaticComplexity="4" minCyclomaticComplexity="4" maxCrapScore="10.75" minCrapScore="10.75" visitedClasses="1" numClasses="1" visitedMethods="1" numMethods="1" />
          <FullName>ReadmeEditor</FullName>
          <Methods>
            <Method visited="true" cyclomaticComplexity="4" nPathComplexity="0" sequenceCoverage="25.00" branchCoverage="0" crapScore="10.75" isConstructor="false" isStatic="true" isGetter="false" isSetter="false">
              <Summary numSequencePoints="12" visitedSequencePoints="3" numBranchPoints="0" visitedBranchPoints="0" sequenceCoverage="25.00" branchCoverage="0" maxCyclomaticComplexity="4" minCyclomaticComplexity="4" maxCrapScore="10.75" minCrapScore="10.75" visitedClasses="0" numClasses="0" visitedMethods="1" numMethods="1" />
              <MetadataToken>100663299</MetadataToken>
              <Name>static System.Void ReadmeEditor::SelectReadmeAutomatically()</Name>
              <FileRef uid="1" />
              <SequencePoints>
                <SequencePoint vc="1" uspid="22" ordinal="0" offset="0" sl="52" sc="5" el="52" ec="5" bec="0" bev="0" fileid="1" />
                <SequencePoint vc="1" uspid="23" ordinal="0" offset="1" sl="53" sc="9" el="53" ec="9" bec="0" bev="0" fileid="1" />
                <SequencePoint vc="0" uspid="24" ordinal="0" offset="19" sl="54" sc="9" el="54" ec="9" bec="0" bev="0" fileid="1" />
                <SequencePoint vc="0" uspid="25" ordinal="0" offset="20" sl="55" sc="13" el="55" ec="13" bec="0" bev="0" fileid="1" />
                <SequencePoint vc="0" uspid="26" ordinal="0" offset="26" sl="56" sc="13" el="56" ec="13" bec="0" bev="0" fileid="1" />
                <SequencePoint vc="0" uspid="27" ordinal="0" offset="38" sl="58" sc="13" el="58" ec="13" bec="0" bev="0" fileid="1" />
                <SequencePoint vc="0" uspid="28" ordinal="0" offset="62" sl="59" sc="13" el="59" ec="13" bec="0" bev="0" fileid="1" />
                <SequencePoint vc="0" uspid="29" ordinal="0" offset="63" sl="60" sc="17" el="60" ec="17" bec="0" bev="0" fileid="1" />
                <SequencePoint vc="0" uspid="30" ordinal="0" offset="69" sl="61" sc="17" el="61" ec="17" bec="0" bev="0" fileid="1" />
                <SequencePoint vc="0" uspid="31" ordinal="0" offset="76" sl="62" sc="13" el="62" ec="13" bec="0" bev="0" fileid="1" />
                <SequencePoint vc="0" uspid="32" ordinal="0" offset="77" sl="63" sc="9" el="63" ec="9" bec="0" bev="0" fileid="1" />
                <SequencePoint vc="1" uspid="33" ordinal="0" offset="78" sl="64" sc="5" el="64" ec="5" bec="0" bev="0" fileid="1" />
              </SequencePoints>
              <BranchPoints />
            </Method>
          </Methods>
        </Class>
      </Classes>
    </Module>
    <Module>
      <Summary numSequencePoints="892" visitedSequencePoints="764" numBranchPoints="0" visitedBranchPoints="0" sequenceCoverage="85.65" branchCoverage="0.0" maxCyclomaticComplexity="9" minCyclomaticComplexity="1" maxCrapScore="32.11" minCrapScore="1" visitedClasses="40" numClasses="40" visitedMethods="129" numMethods="129" />
      <ModuleTime>0001-01-01T00:00:00</ModuleTime>
      <ModuleName>Assembly-CSharp</ModuleName>
      <Files>
        <File uid="2" fullPath="D:/Porting/8simulations/Assets/Bikers/BikerPrefabs/FietsLaanBehaviour.cs" />
        <File uid="3" fullPath="D:/Porting/8simulations/Assets/Bikers/BikerPrefabs/Road.cs" />
        <File uid="4" fullPath="D:/Porting/8simulations/Assets/BlockDisplayer.cs" />
        <File uid="5" fullPath="D:/Porting/8simulations/Assets/BsuBeaviour.cs" />
        <File uid="6" fullPath="D:/Porting/8simulations/Assets/Clientbetter.cs" />
        <File uid="7" fullPath="D:/Porting/8simulations/Assets/Gui/BlockViewer.cs" />
        <File uid="8" fullPath="D:/Porting/8simulations/Assets/Gui/GuiManager.cs" />
        <File uid="9" fullPath="D:/Porting/8simulations/Assets/Gui/ImageLogicstate.cs" />
        <File uid="10" fullPath="D:/Porting/8simulations/Assets/Gui/IpSetupStart.cs" />
        <File uid="11" fullPath="D:/Porting/8simulations/Assets/Gui/RunWarning.cs" />
        <File uid="12" fullPath="D:/Porting/8simulations/Assets/Gui/StateDisplay.cs" />
        <File uid="13" fullPath="D:/Porting/8simulations/Assets/Gui/TimeDisplayer.cs" />
        <File uid="14" fullPath="D:/Porting/8simulations/Assets/HighSpeedLanes/GloballaneManager.cs" />
        <File uid="15" fullPath="D:/Porting/8simulations/Assets/HighSpeedLanes/HighSpeedBuild/LampWatch.cs" />
        <File uid="16" fullPath="D:/Porting/8simulations/Assets/HighSpeedLanes/HighSpeedBuild/LaneStateLocal.cs" />
        <File uid="17" fullPath="D:/Porting/8simulations/Assets/HighSpeedLanes/HighSpeedDetecions/CarLanebehaviour.cs" />
        <File uid="18" fullPath="D:/Porting/8simulations/Assets/HighSpeedLanes/HighSpeedDetecions/DetectIonLoop.cs" />
        <File uid="19" fullPath="D:/Porting/8simulations/Assets/HighSpeedLanes/HighSpeedDetecions/LTrigger.cs" />
        <File uid="20" fullPath="D:/Porting/8simulations/Assets/HighSpeedLanes/LaneLampSettr.cs" />
        <File uid="21" fullPath="D:/Porting/8simulations/Assets/lampost/LampostManager.cs" />
        <File uid="22" fullPath="D:/Porting/8simulations/Assets/lampost/LaneCommunicator.cs" />
        <File uid="23" fullPath="D:/Porting/8simulations/Assets/Off Axis Studios/Polyworks/Stylized Water BIR/Scripts/DepthTextureEnable.cs" />
        <File uid="24" fullPath="D:/Porting/8simulations/Assets/Pakkets/FromControllerPakket.cs" />
        <File uid="25" fullPath="D:/Porting/8simulations/Assets/Pakkets/MessageDecoder.cs" />
        <File uid="26" fullPath="D:/Porting/8simulations/Assets/Pakkets/Pakket.cs" />
        <File uid="27" fullPath="D:/Porting/8simulations/Assets/PrebuildBlockInfo.cs" />
        <File uid="28" fullPath="D:/Porting/8simulations/Assets/Samples/Universal RP/14.0.11/URP Package Samples/CameraStacking/3D Skybox/Scripts/SkyboxCamera.cs" />
        <File uid="29" fullPath="D:/Porting/8simulations/Assets/Samples/Universal RP/14.0.11/URP Package Samples/LensFlares/Scripts/ScreenSpacePlacement.cs" />
        <File uid="30" fullPath="D:/Porting/8simulations/Assets/Samples/Universal RP/14.0.11/URP Package Samples/SharedAssets/Scripts/AutoLoadPipelineAsset.cs" />
        <File uid="31" fullPath="D:/Porting/8simulations/Assets/Samples/Universal RP/14.0.11/URP Package Samples/SharedAssets/Scripts/FirstPersonController.cs" />
        <File uid="32" fullPath="D:/Porting/8simulations/Assets/SensorDatamanager.cs" />
        <File uid="33" fullPath="D:/Porting/8simulations/Assets/stoplichtprefabs/ColourLogic.cs" />
        <File uid="34" fullPath="D:/Porting/8simulations/Assets/stoplichtprefabs/Lighting.cs" />
        <File uid="35" fullPath="D:/Porting/8simulations/Assets/TerrainDemoScene_URP/Scripts/SceneAnnotation.cs" />
        <File uid="36" fullPath="D:/Porting/8simulations/Assets/TerrainDemoScene_URP/Scripts/TerrainTreeToggle.cs" />
        <File uid="37" fullPath="D:/Porting/8simulations/Assets/Traffic/PathfindingPaden/NodeRoad.cs" />
        <File uid="38" fullPath="D:/Porting/8simulations/Assets/Traffic/PathfindingPaden/NodeToRoadEntry.cs" />
        <File uid="39" fullPath="D:/Porting/8simulations/Assets/Traffic/PathfindingPaden/PreBuildCorssPoints.cs" />
        <File uid="40" fullPath="D:/Porting/8simulations/Assets/Traffic/vehicles/Creator.cs" />
        <File uid="41" fullPath="D:/Porting/8simulations/Assets/Traffic/vehicles/NodeBasedAifolder/NodeTrafficSpawn.cs" />
        <File uid="42" fullPath="D:/Porting/8simulations/Assets/Traffic/vehicles/NodeBasedAifolder/RoadNode.cs" />
        <File uid="43" fullPath="D:/Porting/8simulations/Assets/Traffic/vehicles/VehicleScripts/ActorInfo.cs" />
        <File uid="44" fullPath="D:/Porting/8simulations/Assets/Traffic/vehicles/VehicleScripts/ActorNodeReader.cs" />
        <File uid="45" fullPath="D:/Porting/8simulations/Assets/Traffic/vehicles/VehicleScripts/ActorPathFinding.cs" />
        <File uid="46" fullPath="D:/Porting/8simulations/Assets/Traffic/vehicles/VehicleScripts/BussNeumbers.cs" />
        <File uid="47" fullPath="D:/Porting/8simulations/Assets/Traffic/vehicles/VehicleScripts/CarActorCollection.cs" />
        <File uid="48" fullPath="D:/Porting/8simulations/Assets/Traffic/vehicles/VehicleScripts/MovementM2.cs" />
        <File uid="49" fullPath="D:/Porting/8simulations/Assets/Traffic/vehicles/VehicleScripts/vehicleDetector.cs" />
        <File uid="50" fullPath="D:/Porting/8simulations/Assets/Trafficers/Movement.cs" />
        <File uid="51" fullPath="D:/Porting/8simulations/Assets/WalkLanes/Oversteek/WalkLanebehaviour.cs" />
        <File uid="52" fullPath="D:/Porting/8simulations/Assets/Pakkets/PakketRes.cs" />
      </Files>
      <Classes>
        <Class>
          <Summary numSequencePoints="9" visitedSequencePoints="9" numBranchPoints="0" visitedBranchPoints="0" sequenceCoverage="100.0" branchCoverage="0.0" maxCyclomaticComplexity="1" minCyclomaticComplexity="1" maxCrapScore="1" minCrapScore="1" visitedClasses="1" numClasses="1" visitedMethods="3" numMethods="3" />
          <FullName>FietsLaanBehaviour</FullName>
          <Methods>
            <Method visited="true" cyclomaticComplexity="1" nPathComplexity="0" sequenceCoverage="100.0" branchCoverage="0" crapScore="1" isConstructor="false" isStatic="false" isGetter="false" isSetter="false">
              <Summary numSequencePoints="4" visitedSequencePoints="4" numBranchPoints="0" visitedBranchPoints="0" sequenceCoverage="100.0" branchCoverage="0" maxCyclomaticComplexity="1" minCyclomaticComplexity="1" maxCrapScore="1" minCrapScore="1" visitedClasses="0" numClasses="0" visitedMethods="1" numMethods="1" />
              <MetadataToken>100663297</MetadataToken>
              <Name>System.Void FietsLaanBehaviour::Start()</Name>
              <FileRef uid="2" />
              <SequencePoints>
                <SequencePoint vc="8" uspid="154" ordinal="0" offset="0" sl="23" sc="5" el="23" ec="5" bec="0" bev="0" fileid="2" />
                <SequencePoint vc="8" uspid="155" ordinal="0" offset="1" sl="24" sc="9" el="24" ec="9" bec="0" bev="0" fileid="2" />
                <SequencePoint vc="8" uspid="156" ordinal="0" offset="8" sl="25" sc="9" el="25" ec="9" bec="0" bev="0" fileid="2" />
                <SequencePoint vc="8" uspid="157" ordinal="0" offset="20" sl="26" sc="5" el="26" ec="5" bec="0" bev="0" fileid="2" />
              </SequencePoints>
              <BranchPoints />
            </Method>
            <Method visited="true" cyclomaticComplexity="1" nPathComplexity="0" sequenceCoverage="100.0" branchCoverage="0" crapScore="1" isConstructor="false" isStatic="false" isGetter="false" isSetter="false">
              <Summary numSequencePoints="2" visitedSequencePoints="2" numBranchPoints="0" visitedBranchPoints="0" sequenceCoverage="100.0" branchCoverage="0" maxCyclomaticComplexity="1" minCyclomaticComplexity="1" maxCrapScore="1" minCrapScore="1" visitedClasses="0" numClasses="0" visitedMethods="1" numMethods="1" />
              <MetadataToken>100663298</MetadataToken>
              <Name>System.Void FietsLaanBehaviour::CreateRequiruiments()</Name>
              <FileRef uid="2" />
              <SequencePoints>
                <SequencePoint vc="8" uspid="158" ordinal="0" offset="0" sl="29" sc="5" el="29" ec="5" bec="0" bev="0" fileid="2" />
                <SequencePoint vc="8" uspid="159" ordinal="0" offset="1" sl="32" sc="5" el="32" ec="5" bec="0" bev="0" fileid="2" />
              </SequencePoints>
              <BranchPoints />
            </Method>
            <Method visited="true" cyclomaticComplexity="1" nPathComplexity="0" sequenceCoverage="100.0" branchCoverage="0" crapScore="1" isConstructor="true" isStatic="false" isGetter="false" isSetter="false">
              <Summary numSequencePoints="3" visitedSequencePoints="3" numBranchPoints="0" visitedBranchPoints="0" sequenceCoverage="100.0" branchCoverage="0" maxCyclomaticComplexity="1" minCyclomaticComplexity="1" maxCrapScore="1" minCrapScore="1" visitedClasses="0" numClasses="0" visitedMethods="1" numMethods="1" />
              <MetadataToken>100663305</MetadataToken>
              <Name>FietsLaanBehaviour::FietsLaanBehaviour()</Name>
              <FileRef uid="2" />
              <SequencePoints>
                <SequencePoint vc="18" uspid="180" ordinal="0" offset="0" sl="8" sc="5" el="8" ec="5" bec="0" bev="0" fileid="2" />
                <SequencePoint vc="18" uspid="181" ordinal="0" offset="11" sl="9" sc="5" el="9" ec="5" bec="0" bev="0" fileid="2" />
                <SequencePoint vc="18" uspid="182" ordinal="0" offset="22" sl="10" sc="5" el="10" ec="5" bec="0" bev="0" fileid="2" />
              </SequencePoints>
              <BranchPoints />
            </Method>
          </Methods>
        </Class>
        <Class>
          <Summary numSequencePoints="4" visitedSequencePoints="4" numBranchPoints="0" visitedBranchPoints="0" sequenceCoverage="100.0" branchCoverage="0.0" maxCyclomaticComplexity="1" minCyclomaticComplexity="1" maxCrapScore="1" minCrapScore="1" visitedClasses="1" numClasses="1" visitedMethods="2" numMethods="2" />
          <FullName>BlockDisplayer</FullName>
          <Methods>
            <Method visited="true" cyclomaticComplexity="1" nPathComplexity="0" sequenceCoverage="100.0" branchCoverage="0" crapScore="1" isConstructor="false" isStatic="false" isGetter="false" isSetter="false">
              <Summary numSequencePoints="2" visitedSequencePoints="2" numBranchPoints="0" visitedBranchPoints="0" sequenceCoverage="100.0" branchCoverage="0" maxCyclomaticComplexity="1" minCyclomaticComplexity="1" maxCrapScore="1" minCrapScore="1" visitedClasses="0" numClasses="0" visitedMethods="1" numMethods="1" />
              <MetadataToken>100663310</MetadataToken>
              <Name>System.Void BlockDisplayer::Start()</Name>
              <FileRef uid="4" />
              <SequencePoints>
                <SequencePoint vc="1" uspid="189" ordinal="0" offset="0" sl="7" sc="5" el="7" ec="5" bec="0" bev="0" fileid="4" />
                <SequencePoint vc="1" uspid="190" ordinal="0" offset="1" sl="9" sc="5" el="9" ec="5" bec="0" bev="0" fileid="4" />
              </SequencePoints>
              <BranchPoints />
            </Method>
            <Method visited="true" cyclomaticComplexity="1" nPathComplexity="0" sequenceCoverage="100.0" branchCoverage="0" crapScore="1" isConstructor="false" isStatic="false" isGetter="false" isSetter="false">
              <Summary numSequencePoints="2" visitedSequencePoints="2" numBranchPoints="0" visitedBranchPoints="0" sequenceCoverage="100.0" branchCoverage="0" maxCyclomaticComplexity="1" minCyclomaticComplexity="1" maxCrapScore="1" minCrapScore="1" visitedClasses="0" numClasses="0" visitedMethods="1" numMethods="1" />
              <MetadataToken>100663311</MetadataToken>
              <Name>System.Void BlockDisplayer::Update()</Name>
              <FileRef uid="4" />
              <SequencePoints>
                <SequencePoint vc="464" uspid="191" ordinal="0" offset="0" sl="13" sc="5" el="13" ec="5" bec="0" bev="0" fileid="4" />
                <SequencePoint vc="464" uspid="192" ordinal="0" offset="1" sl="15" sc="5" el="15" ec="5" bec="0" bev="0" fileid="4" />
              </SequencePoints>
              <BranchPoints />
            </Method>
          </Methods>
        </Class>
        <Class>
          <Summary numSequencePoints="9" visitedSequencePoints="9" numBranchPoints="0" visitedBranchPoints="0" sequenceCoverage="100.0" branchCoverage="0.0" maxCyclomaticComplexity="1" minCyclomaticComplexity="1" maxCrapScore="1" minCrapScore="1" visitedClasses="1" numClasses="1" visitedMethods="1" numMethods="1" />
          <FullName>Clientbetter</FullName>
          <Methods>
            <Method visited="true" cyclomaticComplexity="1" nPathComplexity="0" sequenceCoverage="100.0" branchCoverage="0" crapScore="1" isConstructor="true" isStatic="false" isGetter="false" isSetter="false">
              <Summary numSequencePoints="9" visitedSequencePoints="9" numBranchPoints="0" visitedBranchPoints="0" sequenceCoverage="100.0" branchCoverage="0" maxCyclomaticComplexity="1" minCyclomaticComplexity="1" maxCrapScore="1" minCrapScore="1" visitedClasses="0" numClasses="0" visitedMethods="1" numMethods="1" />
              <MetadataToken>100663330</MetadataToken>
              <Name>Clientbetter::Clientbetter()</Name>
              <FileRef uid="6" />
              <SequencePoints>
                <SequencePoint vc="2" uspid="300" ordinal="0" offset="0" sl="11" sc="5" el="11" ec="5" bec="0" bev="0" fileid="6" />
                <SequencePoint vc="2" uspid="301" ordinal="0" offset="11" sl="12" sc="5" el="12" ec="5" bec="0" bev="0" fileid="6" />
                <SequencePoint vc="2" uspid="302" ordinal="0" offset="19" sl="13" sc="5" el="13" ec="5" bec="0" bev="0" fileid="6" />
                <SequencePoint vc="2" uspid="303" ordinal="0" offset="30" sl="17" sc="5" el="17" ec="5" bec="0" bev="0" fileid="6" />
                <SequencePoint vc="2" uspid="304" ordinal="0" offset="41" sl="19" sc="5" el="19" ec="5" bec="0" bev="0" fileid="6" />
                <SequencePoint vc="2" uspid="305" ordinal="0" offset="48" sl="20" sc="5" el="20" ec="5" bec="0" bev="0" fileid="6" />
                <SequencePoint vc="2" uspid="306" ordinal="0" offset="55" sl="21" sc="5" el="21" ec="5" bec="0" bev="0" fileid="6" />
                <SequencePoint vc="2" uspid="307" ordinal="0" offset="62" sl="22" sc="5" el="22" ec="5" bec="0" bev="0" fileid="6" />
                <SequencePoint vc="2" uspid="308" ordinal="0" offset="69" sl="32" sc="5" el="32" ec="5" bec="0" bev="0" fileid="6" />
              </SequencePoints>
              <BranchPoints />
            </Method>
          </Methods>
        </Class>
        <Class>
          <Summary numSequencePoints="37" visitedSequencePoints="20" numBranchPoints="0" visitedBranchPoints="0" sequenceCoverage="54.05" branchCoverage="0.0" maxCyclomaticComplexity="8" minCyclomaticComplexity="1" maxCrapScore="32.11" minCrapScore="1" visitedClasses="1" numClasses="1" visitedMethods="4" numMethods="4" />
          <FullName>BlockViewer</FullName>
          <Methods>
            <Method visited="true" cyclomaticComplexity="1" nPathComplexity="0" sequenceCoverage="100.0" branchCoverage="0" crapScore="1" isConstructor="false" isStatic="false" isGetter="false" isSetter="false">
              <Summary numSequencePoints="7" visitedSequencePoints="7" numBranchPoints="0" visitedBranchPoints="0" sequenceCoverage="100.0" branchCoverage="0" maxCyclomaticComplexity="1" minCyclomaticComplexity="1" maxCrapScore="1" minCrapScore="1" visitedClasses="0" numClasses="0" visitedMethods="1" numMethods="1" />
              <MetadataToken>100663331</MetadataToken>
              <Name>System.Void BlockViewer::Start()</Name>
              <FileRef uid="7" />
              <SequencePoints>
                <SequencePoint vc="1" uspid="309" ordinal="0" offset="0" sl="30" sc="5" el="30" ec="5" bec="0" bev="0" fileid="7" />
                <SequencePoint vc="1" uspid="310" ordinal="0" offset="1" sl="31" sc="9" el="31" ec="9" bec="0" bev="0" fileid="7" />
                <SequencePoint vc="1" uspid="311" ordinal="0" offset="13" sl="32" sc="9" el="32" ec="9" bec="0" bev="0" fileid="7" />
                <SequencePoint vc="1" uspid="312" ordinal="0" offset="24" sl="33" sc="9" el="33" ec="9" bec="0" bev="0" fileid="7" />
                <SequencePoint vc="1" uspid="313" ordinal="0" offset="57" sl="34" sc="9" el="34" ec="9" bec="0" bev="0" fileid="7" />
                <SequencePoint vc="1" uspid="314" ordinal="0" offset="64" sl="35" sc="9" el="35" ec="9" bec="0" bev="0" fileid="7" />
                <SequencePoint vc="1" uspid="315" ordinal="0" offset="76" sl="36" sc="5" el="36" ec="5" bec="0" bev="0" fileid="7" />
              </SequencePoints>
              <BranchPoints />
            </Method>
            <Method visited="true" cyclomaticComplexity="8" nPathComplexity="0" sequenceCoverage="27.78" branchCoverage="0" crapScore="32.11" isConstructor="false" isStatic="false" isGetter="false" isSetter="false">
              <Summary numSequencePoints="18" visitedSequencePoints="5" numBranchPoints="0" visitedBranchPoints="0" sequenceCoverage="27.78" branchCoverage="0" maxCyclomaticComplexity="8" minCyclomaticComplexity="8" maxCrapScore="32.11" minCrapScore="32.11" visitedClasses="0" numClasses="0" visitedMethods="1" numMethods="1" />
              <MetadataToken>100663332</MetadataToken>
              <Name>UnityEngine.GameObject BlockViewer::getCurrentFocus()</Name>
              <FileRef uid="7" />
              <SequencePoints>
                <SequencePoint vc="1" uspid="316" ordinal="0" offset="0" sl="39" sc="5" el="39" ec="5" bec="0" bev="0" fileid="7" />
                <SequencePoint vc="1" uspid="317" ordinal="0" offset="1" sl="40" sc="9" el="40" ec="9" bec="0" bev="0" fileid="7" />
                <SequencePoint vc="1" uspid="318" ordinal="0" offset="47" sl="43" sc="17" el="43" ec="17" bec="0" bev="0" fileid="7" />
                <SequencePoint vc="1" uspid="319" ordinal="0" offset="64" sl="44" sc="17" el="44" ec="17" bec="0" bev="0" fileid="7" />
                <SequencePoint vc="0" uspid="320" ordinal="0" offset="76" sl="47" sc="17" el="47" ec="17" bec="0" bev="0" fileid="7" />
                <SequencePoint vc="0" uspid="321" ordinal="0" offset="93" sl="48" sc="17" el="48" ec="17" bec="0" bev="0" fileid="7" />
                <SequencePoint vc="0" uspid="322" ordinal="0" offset="105" sl="51" sc="17" el="51" ec="17" bec="0" bev="0" fileid="7" />
                <SequencePoint vc="0" uspid="323" ordinal="0" offset="122" sl="52" sc="17" el="52" ec="17" bec="0" bev="0" fileid="7" />
                <SequencePoint vc="0" uspid="324" ordinal="0" offset="131" sl="55" sc="17" el="55" ec="17" bec="0" bev="0" fileid="7" />
                <SequencePoint vc="0" uspid="325" ordinal="0" offset="148" sl="56" sc="17" el="56" ec="17" bec="0" bev="0" fileid="7" />
                <SequencePoint vc="0" uspid="326" ordinal="0" offset="157" sl="59" sc="17" el="59" ec="17" bec="0" bev="0" fileid="7" />
                <SequencePoint vc="0" uspid="327" ordinal="0" offset="174" sl="60" sc="17" el="60" ec="17" bec="0" bev="0" fileid="7" />
                <SequencePoint vc="0" uspid="328" ordinal="0" offset="183" sl="63" sc="17" el="63" ec="17" bec="0" bev="0" fileid="7" />
                <SequencePoint vc="0" uspid="329" ordinal="0" offset="200" sl="64" sc="17" el="64" ec="17" bec="0" bev="0" fileid="7" />
                <SequencePoint vc="0" uspid="330" ordinal="0" offset="209" sl="67" sc="17" el="67" ec="17" bec="0" bev="0" fileid="7" />
                <SequencePoint vc="0" uspid="331" ordinal="0" offset="216" sl="68" sc="17" el="68" ec="17" bec="0" bev="0" fileid="7" />
                <SequencePoint vc="0" uspid="332" ordinal="0" offset="233" sl="69" sc="17" el="69" ec="17" bec="0" bev="0" fileid="7" />
                <SequencePoint vc="1" uspid="333" ordinal="0" offset="242" sl="71" sc="5" el="71" ec="5" bec="0" bev="0" fileid="7" />
              </SequencePoints>
              <BranchPoints />
            </Method>
            <Method visited="true" cyclomaticComplexity="2" nPathComplexity="0" sequenceCoverage="60.00" branchCoverage="0" crapScore="2.26" isConstructor="false" isStatic="false" isGetter="false" isSetter="false">
              <Summary numSequencePoints="10" visitedSequencePoints="6" numBranchPoints="0" visitedBranchPoints="0" sequenceCoverage="60.00" branchCoverage="0" maxCyclomaticComplexity="2" minCyclomaticComplexity="2" maxCrapScore="2.26" minCrapScore="2.26" visitedClasses="0" numClasses="0" visitedMethods="1" numMethods="1" />
              <MetadataToken>100663333</MetadataToken>
              <Name>System.Void BlockViewer::LateUpdate()</Name>
              <FileRef uid="7" />
              <SequencePoints>
                <SequencePoint vc="464" uspid="334" ordinal="0" offset="0" sl="74" sc="5" el="74" ec="5" bec="0" bev="0" fileid="7" />
                <SequencePoint vc="464" uspid="335" ordinal="0" offset="1" sl="75" sc="9" el="75" ec="9" bec="0" bev="0" fileid="7" />
                <SequencePoint vc="0" uspid="336" ordinal="0" offset="12" sl="76" sc="9" el="76" ec="9" bec="0" bev="0" fileid="7" />
                <SequencePoint vc="0" uspid="337" ordinal="0" offset="13" sl="77" sc="13" el="77" ec="13" bec="0" bev="0" fileid="7" />
                <SequencePoint vc="0" uspid="338" ordinal="0" offset="27" sl="78" sc="13" el="78" ec="13" bec="0" bev="0" fileid="7" />
                <SequencePoint vc="0" uspid="339" ordinal="0" offset="39" sl="79" sc="9" el="79" ec="9" bec="0" bev="0" fileid="7" />
                <SequencePoint vc="464" uspid="340" ordinal="0" offset="40" sl="80" sc="9" el="80" ec="9" bec="0" bev="0" fileid="7" />
                <SequencePoint vc="464" uspid="341" ordinal="0" offset="52" sl="82" sc="9" el="82" ec="9" bec="0" bev="0" fileid="7" />
                <SequencePoint vc="464" uspid="342" ordinal="0" offset="124" sl="83" sc="9" el="83" ec="9" bec="0" bev="0" fileid="7" />
                <SequencePoint vc="464" uspid="343" ordinal="0" offset="137" sl="84" sc="5" el="84" ec="5" bec="0" bev="0" fileid="7" />
              </SequencePoints>
              <BranchPoints />
            </Method>
            <Method visited="true" cyclomaticComplexity="1" nPathComplexity="0" sequenceCoverage="100.0" branchCoverage="0" crapScore="1" isConstructor="true" isStatic="false" isGetter="false" isSetter="false">
              <Summary numSequencePoints="2" visitedSequencePoints="2" numBranchPoints="0" visitedBranchPoints="0" sequenceCoverage="100.0" branchCoverage="0" maxCyclomaticComplexity="1" minCyclomaticComplexity="1" maxCrapScore="1" minCrapScore="1" visitedClasses="0" numClasses="0" visitedMethods="1" numMethods="1" />
              <MetadataToken>100663334</MetadataToken>
              <Name>BlockViewer::BlockViewer()</Name>
              <FileRef uid="7" />
              <SequencePoints>
                <SequencePoint vc="2" uspid="344" ordinal="0" offset="0" sl="11" sc="5" el="11" ec="5" bec="0" bev="0" fileid="7" />
                <SequencePoint vc="2" uspid="345" ordinal="0" offset="7" sl="13" sc="5" el="13" ec="5" bec="0" bev="0" fileid="7" />
              </SequencePoints>
              <BranchPoints />
            </Method>
          </Methods>
        </Class>
        <Class>
          <Summary numSequencePoints="3" visitedSequencePoints="3" numBranchPoints="0" visitedBranchPoints="0" sequenceCoverage="100.0" branchCoverage="0.0" maxCyclomaticComplexity="1" minCyclomaticComplexity="1" maxCrapScore="1" minCrapScore="1" visitedClasses="1" numClasses="1" visitedMethods="1" numMethods="1" />
          <FullName>ImageLogicstate</FullName>
          <Methods>
            <Method visited="true" cyclomaticComplexity="1" nPathComplexity="0" sequenceCoverage="100.0" branchCoverage="0" crapScore="1" isConstructor="false" isStatic="false" isGetter="false" isSetter="false">
              <Summary numSequencePoints="3" visitedSequencePoints="3" numBranchPoints="0" visitedBranchPoints="0" sequenceCoverage="100.0" branchCoverage="0" maxCyclomaticComplexity="1" minCyclomaticComplexity="1" maxCrapScore="1" minCrapScore="1" visitedClasses="0" numClasses="0" visitedMethods="1" numMethods="1" />
              <MetadataToken>100663338</MetadataToken>
              <Name>System.Void ImageLogicstate::Start()</Name>
              <FileRef uid="9" />
              <SequencePoints>
                <SequencePoint vc="3" uspid="350" ordinal="0" offset="0" sl="11" sc="5" el="11" ec="5" bec="0" bev="0" fileid="9" />
                <SequencePoint vc="3" uspid="351" ordinal="0" offset="1" sl="12" sc="9" el="12" ec="9" bec="0" bev="0" fileid="9" />
                <SequencePoint vc="3" uspid="352" ordinal="0" offset="13" sl="13" sc="5" el="13" ec="5" bec="0" bev="0" fileid="9" />
              </SequencePoints>
              <BranchPoints />
            </Method>
          </Methods>
        </Class>
        <Class>
          <Summary numSequencePoints="2" visitedSequencePoints="2" numBranchPoints="0" visitedBranchPoints="0" sequenceCoverage="100.0" branchCoverage="0.0" maxCyclomaticComplexity="1" minCyclomaticComplexity="1" maxCrapScore="1" minCrapScore="1" visitedClasses="1" numClasses="1" visitedMethods="1" numMethods="1" />
          <FullName>IpSetupStart</FullName>
          <Methods>
            <Method visited="true" cyclomaticComplexity="1" nPathComplexity="0" sequenceCoverage="100.0" branchCoverage="0" crapScore="1" isConstructor="true" isStatic="false" isGetter="false" isSetter="false">
              <Summary numSequencePoints="2" visitedSequencePoints="2" numBranchPoints="0" visitedBranchPoints="0" sequenceCoverage="100.0" branchCoverage="0" maxCyclomaticComplexity="1" minCyclomaticComplexity="1" maxCrapScore="1" minCrapScore="1" visitedClasses="0" numClasses="0" visitedMethods="1" numMethods="1" />
              <MetadataToken>100663346</MetadataToken>
              <Name>IpSetupStart::IpSetupStart()</Name>
              <FileRef uid="10" />
              <SequencePoints>
                <SequencePoint vc="2" uspid="381" ordinal="0" offset="0" sl="6" sc="5" el="6" ec="5" bec="0" bev="0" fileid="10" />
                <SequencePoint vc="2" uspid="382" ordinal="0" offset="7" sl="8" sc="5" el="8" ec="5" bec="0" bev="0" fileid="10" />
              </SequencePoints>
              <BranchPoints />
            </Method>
          </Methods>
        </Class>
        <Class>
          <Summary numSequencePoints="17" visitedSequencePoints="14" numBranchPoints="0" visitedBranchPoints="0" sequenceCoverage="82.35" branchCoverage="0.0" maxCyclomaticComplexity="3" minCyclomaticComplexity="1" maxCrapScore="3.33" minCrapScore="1" visitedClasses="1" numClasses="1" visitedMethods="4" numMethods="4" />
          <FullName>RunWarning</FullName>
          <Methods>
            <Method visited="true" cyclomaticComplexity="1" nPathComplexity="0" sequenceCoverage="100.0" branchCoverage="0" crapScore="1" isConstructor="false" isStatic="false" isGetter="true" isSetter="false">
              <Summary numSequencePoints="3" visitedSequencePoints="3" numBranchPoints="0" visitedBranchPoints="0" sequenceCoverage="100.0" branchCoverage="0" maxCyclomaticComplexity="1" minCyclomaticComplexity="1" maxCrapScore="1" minCrapScore="1" visitedClasses="0" numClasses="0" visitedMethods="1" numMethods="1" />
              <MetadataToken>100663347</MetadataToken>
              <Name>System.Boolean RunWarning::get_StartClient()</Name>
              <FileRef uid="11" />
              <SequencePoints>
                <SequencePoint vc="464" uspid="383" ordinal="0" offset="0" sl="15" sc="9" el="15" ec="9" bec="0" bev="0" fileid="11" />
                <SequencePoint vc="464" uspid="384" ordinal="0" offset="1" sl="16" sc="13" el="16" ec="13" bec="0" bev="0" fileid="11" />
                <SequencePoint vc="464" uspid="385" ordinal="0" offset="10" sl="17" sc="9" el="17" ec="9" bec="0" bev="0" fileid="11" />
              </SequencePoints>
              <BranchPoints />
            </Method>
            <Method visited="true" cyclomaticComplexity="1" nPathComplexity="0" sequenceCoverage="100.0" branchCoverage="0" crapScore="1" isConstructor="false" isStatic="false" isGetter="false" isSetter="false">
              <Summary numSequencePoints="4" visitedSequencePoints="4" numBranchPoints="0" visitedBranchPoints="0" sequenceCoverage="100.0" branchCoverage="0" maxCyclomaticComplexity="1" minCyclomaticComplexity="1" maxCrapScore="1" minCrapScore="1" visitedClasses="0" numClasses="0" visitedMethods="1" numMethods="1" />
              <MetadataToken>100663349</MetadataToken>
              <Name>System.Void RunWarning::Awake()</Name>
              <FileRef uid="11" />
              <SequencePoints>
                <SequencePoint vc="1" uspid="394" ordinal="0" offset="0" sl="31" sc="5" el="31" ec="5" bec="0" bev="0" fileid="11" />
                <SequencePoint vc="1" uspid="395" ordinal="0" offset="1" sl="34" sc="9" el="34" ec="9" bec="0" bev="0" fileid="11" />
                <SequencePoint vc="1" uspid="396" ordinal="0" offset="14" sl="36" sc="9" el="36" ec="9" bec="0" bev="0" fileid="11" />
                <SequencePoint vc="1" uspid="397" ordinal="0" offset="26" sl="37" sc="5" el="37" ec="5" bec="0" bev="0" fileid="11" />
              </SequencePoints>
              <BranchPoints />
            </Method>
            <Method visited="true" cyclomaticComplexity="3" nPathComplexity="0" sequenceCoverage="66.67" branchCoverage="0" crapScore="3.33" isConstructor="false" isStatic="false" isGetter="false" isSetter="false">
              <Summary numSequencePoints="9" visitedSequencePoints="6" numBranchPoints="0" visitedBranchPoints="0" sequenceCoverage="66.67" branchCoverage="0" maxCyclomaticComplexity="3" minCyclomaticComplexity="3" maxCrapScore="3.33" minCrapScore="3.33" visitedClasses="0" numClasses="0" visitedMethods="1" numMethods="1" />
              <MetadataToken>100663350</MetadataToken>
              <Name>System.Void RunWarning::Update()</Name>
              <FileRef uid="11" />
              <SequencePoints>
                <SequencePoint vc="464" uspid="398" ordinal="0" offset="0" sl="41" sc="5" el="41" ec="5" bec="0" bev="0" fileid="11" />
                <SequencePoint vc="464" uspid="399" ordinal="0" offset="1" sl="42" sc="9" el="42" ec="9" bec="0" bev="0" fileid="11" />
                <SequencePoint vc="464" uspid="400" ordinal="0" offset="14" sl="43" sc="9" el="43" ec="9" bec="0" bev="0" fileid="11" />
                <SequencePoint vc="464" uspid="401" ordinal="0" offset="15" sl="44" sc="13" el="44" ec="13" bec="0" bev="0" fileid="11" />
                <SequencePoint vc="0" uspid="402" ordinal="0" offset="26" sl="45" sc="13" el="45" ec="13" bec="0" bev="0" fileid="11" />
                <SequencePoint vc="0" uspid="403" ordinal="0" offset="27" sl="46" sc="17" el="46" ec="17" bec="0" bev="0" fileid="11" />
                <SequencePoint vc="0" uspid="404" ordinal="0" offset="35" sl="47" sc="13" el="47" ec="13" bec="0" bev="0" fileid="11" />
                <SequencePoint vc="464" uspid="405" ordinal="0" offset="36" sl="48" sc="9" el="48" ec="9" bec="0" bev="0" fileid="11" />
                <SequencePoint vc="464" uspid="406" ordinal="0" offset="37" sl="49" sc="5" el="49" ec="5" bec="0" bev="0" fileid="11" />
              </SequencePoints>
              <BranchPoints />
            </Method>
            <Method visited="true" cyclomaticComplexity="1" nPathComplexity="0" sequenceCoverage="100.0" branchCoverage="0" crapScore="1" isConstructor="true" isStatic="false" isGetter="false" isSetter="false">
              <Summary numSequencePoints="1" visitedSequencePoints="1" numBranchPoints="0" visitedBranchPoints="0" sequenceCoverage="100.0" branchCoverage="0" maxCyclomaticComplexity="1" minCyclomaticComplexity="1" maxCrapScore="1" minCrapScore="1" visitedClasses="0" numClasses="0" visitedMethods="1" numMethods="1" />
              <MetadataToken>100663351</MetadataToken>
              <Name>RunWarning::RunWarning()</Name>
              <FileRef uid="11" />
              <SequencePoints>
                <SequencePoint vc="2" uspid="407" ordinal="0" offset="0" sl="10" sc="5" el="10" ec="5" bec="0" bev="0" fileid="11" />
              </SequencePoints>
              <BranchPoints />
            </Method>
          </Methods>
        </Class>
        <Class>
          <Summary numSequencePoints="35" visitedSequencePoints="31" numBranchPoints="0" visitedBranchPoints="0" sequenceCoverage="88.57" branchCoverage="0.0" maxCyclomaticComplexity="2" minCyclomaticComplexity="1" maxCrapScore="2.75" minCrapScore="1" visitedClasses="1" numClasses="1" visitedMethods="3" numMethods="3" />
          <FullName>GloballaneManager</FullName>
          <Methods>
            <Method visited="true" cyclomaticComplexity="1" nPathComplexity="0" sequenceCoverage="100.0" branchCoverage="0" crapScore="1" isConstructor="false" isStatic="false" isGetter="false" isSetter="false">
              <Summary numSequencePoints="7" visitedSequencePoints="7" numBranchPoints="0" visitedBranchPoints="0" sequenceCoverage="100.0" branchCoverage="0" maxCyclomaticComplexity="1" minCyclomaticComplexity="1" maxCrapScore="1" minCrapScore="1" visitedClasses="0" numClasses="0" visitedMethods="1" numMethods="1" />
              <MetadataToken>100663360</MetadataToken>
              <Name>System.Void GloballaneManager::Start()</Name>
              <FileRef uid="14" />
              <SequencePoints>
                <SequencePoint vc="1" uspid="423" ordinal="0" offset="0" sl="74" sc="5" el="74" ec="5" bec="0" bev="0" fileid="14" />
                <SequencePoint vc="1" uspid="424" ordinal="0" offset="1" sl="75" sc="9" el="75" ec="9" bec="0" bev="0" fileid="14" />
                <SequencePoint vc="1" uspid="425" ordinal="0" offset="14" sl="76" sc="9" el="76" ec="9" bec="0" bev="0" fileid="14" />
                <SequencePoint vc="1" uspid="426" ordinal="0" offset="33" sl="77" sc="9" el="77" ec="9" bec="0" bev="0" fileid="14" />
                <SequencePoint vc="1" uspid="427" ordinal="0" offset="52" sl="78" sc="9" el="78" ec="9" bec="0" bev="0" fileid="14" />
                <SequencePoint vc="1" uspid="428" ordinal="0" offset="71" sl="79" sc="9" el="79" ec="9" bec="0" bev="0" fileid="14" />
                <SequencePoint vc="1" uspid="429" ordinal="0" offset="84" sl="80" sc="5" el="80" ec="5" bec="0" bev="0" fileid="14" />
              </SequencePoints>
              <BranchPoints />
            </Method>
            <Method visited="true" cyclomaticComplexity="2" nPathComplexity="0" sequenceCoverage="42.86" branchCoverage="0" crapScore="2.75" isConstructor="false" isStatic="false" isGetter="false" isSetter="false">
              <Summary numSequencePoints="7" visitedSequencePoints="3" numBranchPoints="0" visitedBranchPoints="0" sequenceCoverage="42.86" branchCoverage="0" maxCyclomaticComplexity="2" minCyclomaticComplexity="2" maxCrapScore="2.75" minCrapScore="2.75" visitedClasses="0" numClasses="0" visitedMethods="1" numMethods="1" />
              <MetadataToken>100663379</MetadataToken>
              <Name>System.Void GloballaneManager::Update()</Name>
              <FileRef uid="14" />
              <SequencePoints>
                <SequencePoint vc="464" uspid="544" ordinal="0" offset="0" sl="396" sc="5" el="396" ec="5" bec="0" bev="0" fileid="14" />
                <SequencePoint vc="464" uspid="545" ordinal="0" offset="1" sl="397" sc="9" el="397" ec="9" bec="0" bev="0" fileid="14" />
                <SequencePoint vc="0" uspid="546" ordinal="0" offset="16" sl="398" sc="9" el="398" ec="9" bec="0" bev="0" fileid="14" />
                <SequencePoint vc="0" uspid="547" ordinal="0" offset="17" sl="399" sc="13" el="399" ec="13" bec="0" bev="0" fileid="14" />
                <SequencePoint vc="0" uspid="548" ordinal="0" offset="40" sl="400" sc="13" el="400" ec="13" bec="0" bev="0" fileid="14" />
                <SequencePoint vc="0" uspid="549" ordinal="0" offset="52" sl="401" sc="9" el="401" ec="9" bec="0" bev="0" fileid="14" />
                <SequencePoint vc="464" uspid="550" ordinal="0" offset="53" sl="402" sc="5" el="402" ec="5" bec="0" bev="0" fileid="14" />
              </SequencePoints>
              <BranchPoints />
            </Method>
            <Method visited="true" cyclomaticComplexity="1" nPathComplexity="0" sequenceCoverage="100.0" branchCoverage="0" crapScore="1" isConstructor="true" isStatic="false" isGetter="false" isSetter="false">
              <Summary numSequencePoints="21" visitedSequencePoints="21" numBranchPoints="0" visitedBranchPoints="0" sequenceCoverage="100.0" branchCoverage="0" maxCyclomaticComplexity="1" minCyclomaticComplexity="1" maxCrapScore="1" minCrapScore="1" visitedClasses="0" numClasses="0" visitedMethods="1" numMethods="1" />
              <MetadataToken>100663380</MetadataToken>
              <Name>GloballaneManager::GloballaneManager()</Name>
              <FileRef uid="14" />
              <SequencePoints>
                <SequencePoint vc="2" uspid="551" ordinal="0" offset="0" sl="10" sc="5" el="10" ec="5" bec="0" bev="0" fileid="14" />
                <SequencePoint vc="2" uspid="552" ordinal="0" offset="11" sl="27" sc="5" el="27" ec="5" bec="0" bev="0" fileid="14" />
                <SequencePoint vc="2" uspid="553" ordinal="0" offset="22" sl="28" sc="5" el="28" ec="5" bec="0" bev="0" fileid="14" />
                <SequencePoint vc="2" uspid="554" ordinal="0" offset="33" sl="29" sc="5" el="29" ec="5" bec="0" bev="0" fileid="14" />
                <SequencePoint vc="2" uspid="555" ordinal="0" offset="44" sl="44" sc="5" el="44" ec="5" bec="0" bev="0" fileid="14" />
                <SequencePoint vc="2" uspid="556" ordinal="0" offset="55" sl="46" sc="5" el="46" ec="5" bec="0" bev="0" fileid="14" />
                <SequencePoint vc="2" uspid="557" ordinal="0" offset="66" sl="47" sc="5" el="47" ec="5" bec="0" bev="0" fileid="14" />
                <SequencePoint vc="2" uspid="558" ordinal="0" offset="77" sl="48" sc="5" el="48" ec="5" bec="0" bev="0" fileid="14" />
                <SequencePoint vc="2" uspid="559" ordinal="0" offset="88" sl="50" sc="5" el="50" ec="5" bec="0" bev="0" fileid="14" />
                <SequencePoint vc="2" uspid="560" ordinal="0" offset="99" sl="51" sc="5" el="51" ec="5" bec="0" bev="0" fileid="14" />
                <SequencePoint vc="2" uspid="561" ordinal="0" offset="110" sl="52" sc="5" el="52" ec="5" bec="0" bev="0" fileid="14" />
                <SequencePoint vc="2" uspid="562" ordinal="0" offset="121" sl="54" sc="5" el="54" ec="5" bec="0" bev="0" fileid="14" />
                <SequencePoint vc="2" uspid="563" ordinal="0" offset="132" sl="56" sc="5" el="56" ec="5" bec="0" bev="0" fileid="14" />
                <SequencePoint vc="2" uspid="564" ordinal="0" offset="143" sl="58" sc="5" el="58" ec="5" bec="0" bev="0" fileid="14" />
                <SequencePoint vc="2" uspid="565" ordinal="0" offset="154" sl="59" sc="5" el="59" ec="5" bec="0" bev="0" fileid="14" />
                <SequencePoint vc="2" uspid="566" ordinal="0" offset="165" sl="60" sc="5" el="60" ec="5" bec="0" bev="0" fileid="14" />
                <SequencePoint vc="2" uspid="567" ordinal="0" offset="176" sl="62" sc="5" el="62" ec="5" bec="0" bev="0" fileid="14" />
                <SequencePoint vc="2" uspid="568" ordinal="0" offset="187" sl="63" sc="5" el="63" ec="5" bec="0" bev="0" fileid="14" />
                <SequencePoint vc="2" uspid="569" ordinal="0" offset="198" sl="64" sc="5" el="64" ec="5" bec="0" bev="0" fileid="14" />
                <SequencePoint vc="2" uspid="570" ordinal="0" offset="209" sl="68" sc="5" el="68" ec="5" bec="0" bev="0" fileid="14" />
                <SequencePoint vc="2" uspid="571" ordinal="0" offset="220" sl="69" sc="5" el="69" ec="5" bec="0" bev="0" fileid="14" />
              </SequencePoints>
              <BranchPoints />
            </Method>
          </Methods>
        </Class>
        <Class>
          <Summary numSequencePoints="15" visitedSequencePoints="11" numBranchPoints="0" visitedBranchPoints="0" sequenceCoverage="73.33" branchCoverage="0.0" maxCyclomaticComplexity="3" minCyclomaticComplexity="1" maxCrapScore="4.68" minCrapScore="1" visitedClasses="1" numClasses="1" visitedMethods="4" numMethods="4" />
          <FullName>LampWatch</FullName>
          <Methods>
            <Method visited="true" cyclomaticComplexity="1" nPathComplexity="0" sequenceCoverage="100.0" branchCoverage="0" crapScore="1" isConstructor="false" isStatic="false" isGetter="false" isSetter="false">
              <Summary numSequencePoints="3" visitedSequencePoints="3" numBranchPoints="0" visitedBranchPoints="0" sequenceCoverage="100.0" branchCoverage="0" maxCyclomaticComplexity="1" minCyclomaticComplexity="1" maxCrapScore="1" minCrapScore="1" visitedClasses="0" numClasses="0" visitedMethods="1" numMethods="1" />
              <MetadataToken>100663382</MetadataToken>
              <Name>System.Void LampWatch::Start()</Name>
              <FileRef uid="15" />
              <SequencePoints>
                <SequencePoint vc="49" uspid="572" ordinal="0" offset="0" sl="12" sc="5" el="12" ec="5" bec="0" bev="0" fileid="15" />
                <SequencePoint vc="49" uspid="573" ordinal="0" offset="1" sl="13" sc="9" el="13" ec="9" bec="0" bev="0" fileid="15" />
                <SequencePoint vc="49" uspid="574" ordinal="0" offset="14" sl="14" sc="5" el="14" ec="5" bec="0" bev="0" fileid="15" />
              </SequencePoints>
              <BranchPoints />
            </Method>
            <Method visited="true" cyclomaticComplexity="1" nPathComplexity="0" sequenceCoverage="100.0" branchCoverage="0" crapScore="1" isConstructor="false" isStatic="false" isGetter="true" isSetter="false">
              <Summary numSequencePoints="3" visitedSequencePoints="3" numBranchPoints="0" visitedBranchPoints="0" sequenceCoverage="100.0" branchCoverage="0" maxCyclomaticComplexity="1" minCyclomaticComplexity="1" maxCrapScore="1" minCrapScore="1" visitedClasses="0" numClasses="0" visitedMethods="1" numMethods="1" />
              <MetadataToken>100663388</MetadataToken>
              <Name>System.Boolean LampWatch::get_CanGo()</Name>
              <FileRef uid="15" />
              <SequencePoints>
                <SequencePoint vc="2" uspid="583" ordinal="0" offset="0" sl="44" sc="13" el="44" ec="13" bec="0" bev="0" fileid="15" />
                <SequencePoint vc="2" uspid="584" ordinal="0" offset="1" sl="44" sc="15" el="44" ec="15" bec="0" bev="0" fileid="15" />
                <SequencePoint vc="2" uspid="585" ordinal="0" offset="10" sl="44" sc="29" el="44" ec="29" bec="0" bev="0" fileid="15" />
              </SequencePoints>
              <BranchPoints />
            </Method>
            <Method visited="true" cyclomaticComplexity="3" nPathComplexity="0" sequenceCoverage="42.86" branchCoverage="0" crapScore="4.68" isConstructor="false" isStatic="false" isGetter="false" isSetter="true">
              <Summary numSequencePoints="7" visitedSequencePoints="3" numBranchPoints="0" visitedBranchPoints="0" sequenceCoverage="42.86" branchCoverage="0" maxCyclomaticComplexity="3" minCyclomaticComplexity="3" maxCrapScore="4.68" minCrapScore="4.68" visitedClasses="0" numClasses="0" visitedMethods="1" numMethods="1" />
              <MetadataToken>100663389</MetadataToken>
              <Name>System.Void LampWatch::set_CanGo(System.Boolean)</Name>
              <FileRef uid="15" />
              <SequencePoints>
                <SequencePoint vc="49" uspid="586" ordinal="0" offset="0" sl="46" sc="9" el="46" ec="9" bec="0" bev="0" fileid="15" />
                <SequencePoint vc="49" uspid="587" ordinal="0" offset="1" sl="47" sc="13" el="47" ec="13" bec="0" bev="0" fileid="15" />
                <SequencePoint vc="0" uspid="588" ordinal="0" offset="17" sl="48" sc="13" el="48" ec="13" bec="0" bev="0" fileid="15" />
                <SequencePoint vc="0" uspid="589" ordinal="0" offset="18" sl="49" sc="17" el="49" ec="17" bec="0" bev="0" fileid="15" />
                <SequencePoint vc="0" uspid="590" ordinal="0" offset="25" sl="51" sc="17" el="51" ec="17" bec="0" bev="0" fileid="15" />
                <SequencePoint vc="0" uspid="591" ordinal="0" offset="55" sl="52" sc="13" el="52" ec="13" bec="0" bev="0" fileid="15" />
                <SequencePoint vc="49" uspid="592" ordinal="0" offset="56" sl="53" sc="9" el="53" ec="9" bec="0" bev="0" fileid="15" />
              </SequencePoints>
              <BranchPoints />
            </Method>
            <Method visited="true" cyclomaticComplexity="1" nPathComplexity="0" sequenceCoverage="100.0" branchCoverage="0" crapScore="1" isConstructor="true" isStatic="false" isGetter="false" isSetter="false">
              <Summary numSequencePoints="2" visitedSequencePoints="2" numBranchPoints="0" visitedBranchPoints="0" sequenceCoverage="100.0" branchCoverage="0" maxCyclomaticComplexity="1" minCyclomaticComplexity="1" maxCrapScore="1" minCrapScore="1" visitedClasses="0" numClasses="0" visitedMethods="1" numMethods="1" />
              <MetadataToken>100663390</MetadataToken>
              <Name>LampWatch::LampWatch()</Name>
              <FileRef uid="15" />
              <SequencePoints>
                <SequencePoint vc="100" uspid="593" ordinal="0" offset="0" sl="8" sc="5" el="8" ec="5" bec="0" bev="0" fileid="15" />
                <SequencePoint vc="100" uspid="594" ordinal="0" offset="7" sl="9" sc="5" el="9" ec="5" bec="0" bev="0" fileid="15" />
              </SequencePoints>
              <BranchPoints />
            </Method>
          </Methods>
        </Class>
        <Class>
          <Summary numSequencePoints="50" visitedSequencePoints="47" numBranchPoints="0" visitedBranchPoints="0" sequenceCoverage="94.00" branchCoverage="0.0" maxCyclomaticComplexity="6" minCyclomaticComplexity="1" maxCrapScore="6.03" minCrapScore="1" visitedClasses="1" numClasses="1" visitedMethods="4" numMethods="4" />
          <FullName>CarLanebehaviour</FullName>
          <Methods>
            <Method visited="true" cyclomaticComplexity="6" nPathComplexity="0" sequenceCoverage="90.91" branchCoverage="0" crapScore="6.03" isConstructor="false" isStatic="false" isGetter="false" isSetter="false">
              <Summary numSequencePoints="33" visitedSequencePoints="30" numBranchPoints="0" visitedBranchPoints="0" sequenceCoverage="90.91" branchCoverage="0" maxCyclomaticComplexity="6" minCyclomaticComplexity="6" maxCrapScore="6.03" minCrapScore="6.03" visitedClasses="0" numClasses="0" visitedMethods="1" numMethods="1" />
              <MetadataToken>100663394</MetadataToken>
              <Name>System.Void CarLanebehaviour::Start()</Name>
              <FileRef uid="17" />
              <SequencePoints>
                <SequencePoint vc="25" uspid="601" ordinal="0" offset="0" sl="31" sc="5" el="31" ec="5" bec="0" bev="0" fileid="17" />
                <SequencePoint vc="25" uspid="602" ordinal="0" offset="1" sl="32" sc="9" el="32" ec="9" bec="0" bev="0" fileid="17" />
                <SequencePoint vc="25" uspid="603" ordinal="0" offset="13" sl="34" sc="9" el="34" ec="9" bec="0" bev="0" fileid="17" />
                <SequencePoint vc="25" uspid="604" ordinal="0" offset="34" sl="35" sc="9" el="35" ec="9" bec="0" bev="0" fileid="17" />
                <SequencePoint vc="25" uspid="605" ordinal="0" offset="35" sl="36" sc="13" el="36" ec="13" bec="0" bev="0" fileid="17" />
                <SequencePoint vc="25" uspid="606" ordinal="0" offset="52" sl="38" sc="9" el="38" ec="9" bec="0" bev="0" fileid="17" />
                <SequencePoint vc="25" uspid="607" ordinal="0" offset="53" sl="39" sc="9" el="39" ec="9" bec="0" bev="0" fileid="17" />
                <SequencePoint vc="25" uspid="608" ordinal="0" offset="74" sl="40" sc="9" el="40" ec="9" bec="0" bev="0" fileid="17" />
                <SequencePoint vc="25" uspid="609" ordinal="0" offset="75" sl="41" sc="13" el="41" ec="13" bec="0" bev="0" fileid="17" />
                <SequencePoint vc="25" uspid="610" ordinal="0" offset="92" sl="42" sc="9" el="42" ec="9" bec="0" bev="0" fileid="17" />
                <SequencePoint vc="25" uspid="611" ordinal="0" offset="93" sl="43" sc="9" el="43" ec="9" bec="0" bev="0" fileid="17" />
                <SequencePoint vc="25" uspid="612" ordinal="0" offset="105" sl="44" sc="9" el="44" ec="9" bec="0" bev="0" fileid="17" />
                <SequencePoint vc="25" uspid="613" ordinal="0" offset="120" sl="45" sc="9" el="45" ec="9" bec="0" bev="0" fileid="17" />
                <SequencePoint vc="25" uspid="614" ordinal="0" offset="121" sl="46" sc="13" el="46" ec="13" bec="0" bev="0" fileid="17" />
                <SequencePoint vc="25" uspid="615" ordinal="0" offset="132" sl="47" sc="9" el="47" ec="9" bec="0" bev="0" fileid="17" />
                <SequencePoint vc="0" uspid="616" ordinal="0" offset="135" sl="49" sc="9" el="49" ec="9" bec="0" bev="0" fileid="17" />
                <SequencePoint vc="0" uspid="617" ordinal="0" offset="136" sl="50" sc="13" el="50" ec="13" bec="0" bev="0" fileid="17" />
                <SequencePoint vc="0" uspid="618" ordinal="0" offset="147" sl="51" sc="9" el="51" ec="9" bec="0" bev="0" fileid="17" />
                <SequencePoint vc="25" uspid="619" ordinal="0" offset="148" sl="53" sc="9" el="53" ec="9" bec="0" bev="0" fileid="17" />
                <SequencePoint vc="25" uspid="620" ordinal="0" offset="164" sl="54" sc="9" el="54" ec="9" bec="0" bev="0" fileid="17" />
                <SequencePoint vc="25" uspid="621" ordinal="0" offset="165" sl="55" sc="13" el="55" ec="13" bec="0" bev="0" fileid="17" />
                <SequencePoint vc="25" uspid="622" ordinal="0" offset="189" sl="56" sc="13" el="56" ec="13" bec="0" bev="0" fileid="17" />
                <SequencePoint vc="25" uspid="623" ordinal="0" offset="201" sl="57" sc="13" el="57" ec="13" bec="0" bev="0" fileid="17" />
                <SequencePoint vc="25" uspid="624" ordinal="0" offset="223" sl="58" sc="13" el="58" ec="13" bec="0" bev="0" fileid="17" />
                <SequencePoint vc="25" uspid="625" ordinal="0" offset="235" sl="59" sc="13" el="59" ec="13" bec="0" bev="0" fileid="17" />
                <SequencePoint vc="25" uspid="626" ordinal="0" offset="246" sl="60" sc="9" el="60" ec="9" bec="0" bev="0" fileid="17" />
                <SequencePoint vc="25" uspid="627" ordinal="0" offset="247" sl="61" sc="9" el="61" ec="9" bec="0" bev="0" fileid="17" />
                <SequencePoint vc="25" uspid="628" ordinal="0" offset="265" sl="62" sc="9" el="62" ec="9" bec="0" bev="0" fileid="17" />
                <SequencePoint vc="25" uspid="629" ordinal="0" offset="266" sl="63" sc="13" el="63" ec="13" bec="0" bev="0" fileid="17" />
                <SequencePoint vc="25" uspid="630" ordinal="0" offset="290" sl="64" sc="13" el="64" ec="13" bec="0" bev="0" fileid="17" />
                <SequencePoint vc="25" uspid="631" ordinal="0" offset="302" sl="65" sc="13" el="65" ec="13" bec="0" bev="0" fileid="17" />
                <SequencePoint vc="25" uspid="632" ordinal="0" offset="313" sl="66" sc="9" el="66" ec="9" bec="0" bev="0" fileid="17" />
                <SequencePoint vc="25" uspid="633" ordinal="0" offset="314" sl="81" sc="5" el="81" ec="5" bec="0" bev="0" fileid="17" />
              </SequencePoints>
              <BranchPoints />
            </Method>
            <Method visited="true" cyclomaticComplexity="1" nPathComplexity="0" sequenceCoverage="100.0" branchCoverage="0" crapScore="1" isConstructor="false" isStatic="false" isGetter="false" isSetter="false">
              <Summary numSequencePoints="3" visitedSequencePoints="3" numBranchPoints="0" visitedBranchPoints="0" sequenceCoverage="100.0" branchCoverage="0" maxCyclomaticComplexity="1" minCyclomaticComplexity="1" maxCrapScore="1" minCrapScore="1" visitedClasses="0" numClasses="0" visitedMethods="1" numMethods="1" />
              <MetadataToken>100663396</MetadataToken>
              <Name>System.Void CarLanebehaviour::updateFarLus(System.Boolean)</Name>
              <FileRef uid="17" />
              <SequencePoints>
                <SequencePoint vc="5" uspid="637" ordinal="0" offset="0" sl="91" sc="5" el="91" ec="5" bec="0" bev="0" fileid="17" />
                <SequencePoint vc="5" uspid="638" ordinal="0" offset="1" sl="92" sc="9" el="92" ec="9" bec="0" bev="0" fileid="17" />
                <SequencePoint vc="5" uspid="639" ordinal="0" offset="14" sl="93" sc="5" el="93" ec="5" bec="0" bev="0" fileid="17" />
              </SequencePoints>
              <BranchPoints />
            </Method>
            <Method visited="true" cyclomaticComplexity="3" nPathComplexity="0" sequenceCoverage="100.0" branchCoverage="0" crapScore="3" isConstructor="false" isStatic="false" isGetter="false" isSetter="false">
              <Summary numSequencePoints="10" visitedSequencePoints="10" numBranchPoints="0" visitedBranchPoints="0" sequenceCoverage="100.0" branchCoverage="0" maxCyclomaticComplexity="3" minCyclomaticComplexity="3" maxCrapScore="3" minCrapScore="3" visitedClasses="0" numClasses="0" visitedMethods="1" numMethods="1" />
              <MetadataToken>100663404</MetadataToken>
              <Name>System.Void CarLanebehaviour::OnDisable()</Name>
              <FileRef uid="17" />
              <SequencePoints>
                <SequencePoint vc="25" uspid="688" ordinal="0" offset="0" sl="200" sc="5" el="200" ec="5" bec="0" bev="0" fileid="17" />
                <SequencePoint vc="25" uspid="689" ordinal="0" offset="1" sl="201" sc="9" el="201" ec="9" bec="0" bev="0" fileid="17" />
                <SequencePoint vc="20" uspid="690" ordinal="0" offset="17" sl="202" sc="9" el="202" ec="9" bec="0" bev="0" fileid="17" />
                <SequencePoint vc="20" uspid="691" ordinal="0" offset="18" sl="203" sc="13" el="203" ec="13" bec="0" bev="0" fileid="17" />
                <SequencePoint vc="20" uspid="692" ordinal="0" offset="42" sl="204" sc="9" el="204" ec="9" bec="0" bev="0" fileid="17" />
                <SequencePoint vc="25" uspid="693" ordinal="0" offset="43" sl="205" sc="9" el="205" ec="9" bec="0" bev="0" fileid="17" />
                <SequencePoint vc="19" uspid="694" ordinal="0" offset="59" sl="206" sc="9" el="206" ec="9" bec="0" bev="0" fileid="17" />
                <SequencePoint vc="19" uspid="695" ordinal="0" offset="60" sl="207" sc="13" el="207" ec="13" bec="0" bev="0" fileid="17" />
                <SequencePoint vc="19" uspid="696" ordinal="0" offset="84" sl="208" sc="9" el="208" ec="9" bec="0" bev="0" fileid="17" />
                <SequencePoint vc="25" uspid="697" ordinal="0" offset="85" sl="209" sc="5" el="209" ec="5" bec="0" bev="0" fileid="17" />
              </SequencePoints>
              <BranchPoints />
            </Method>
            <Method visited="true" cyclomaticComplexity="1" nPathComplexity="0" sequenceCoverage="100.0" branchCoverage="0" crapScore="1" isConstructor="true" isStatic="false" isGetter="false" isSetter="false">
              <Summary numSequencePoints="4" visitedSequencePoints="4" numBranchPoints="0" visitedBranchPoints="0" sequenceCoverage="100.0" branchCoverage="0" maxCyclomaticComplexity="1" minCyclomaticComplexity="1" maxCrapScore="1" minCrapScore="1" visitedClasses="0" numClasses="0" visitedMethods="1" numMethods="1" />
              <MetadataToken>100663405</MetadataToken>
              <Name>CarLanebehaviour::CarLanebehaviour()</Name>
              <FileRef uid="17" />
              <SequencePoints>
                <SequencePoint vc="52" uspid="698" ordinal="0" offset="0" sl="9" sc="5" el="9" ec="5" bec="0" bev="0" fileid="17" />
                <SequencePoint vc="52" uspid="699" ordinal="0" offset="7" sl="11" sc="5" el="11" ec="5" bec="0" bev="0" fileid="17" />
                <SequencePoint vc="52" uspid="700" ordinal="0" offset="18" sl="13" sc="5" el="13" ec="5" bec="0" bev="0" fileid="17" />
                <SequencePoint vc="52" uspid="701" ordinal="0" offset="25" sl="17" sc="5" el="17" ec="5" bec="0" bev="0" fileid="17" />
              </SequencePoints>
              <BranchPoints />
            </Method>
          </Methods>
        </Class>
        <Class>
          <Summary numSequencePoints="5" visitedSequencePoints="5" numBranchPoints="0" visitedBranchPoints="0" sequenceCoverage="100.0" branchCoverage="0.0" maxCyclomaticComplexity="1" minCyclomaticComplexity="1" maxCrapScore="1" minCrapScore="1" visitedClasses="1" numClasses="1" visitedMethods="2" numMethods="2" />
          <FullName>LaneLampSettr</FullName>
          <Methods>
            <Method visited="true" cyclomaticComplexity="1" nPathComplexity="0" sequenceCoverage="100.0" branchCoverage="0" crapScore="1" isConstructor="false" isStatic="false" isGetter="false" isSetter="false">
              <Summary numSequencePoints="4" visitedSequencePoints="4" numBranchPoints="0" visitedBranchPoints="0" sequenceCoverage="100.0" branchCoverage="0" maxCyclomaticComplexity="1" minCyclomaticComplexity="1" maxCrapScore="1" minCrapScore="1" visitedClasses="0" numClasses="0" visitedMethods="1" numMethods="1" />
              <MetadataToken>100663415</MetadataToken>
              <Name>System.Void LaneLampSettr::SetupSettr(GloballaneManager)</Name>
              <FileRef uid="20" />
              <SequencePoints>
                <SequencePoint vc="1" uspid="715" ordinal="0" offset="0" sl="14" sc="5" el="14" ec="5" bec="0" bev="0" fileid="20" />
                <SequencePoint vc="1" uspid="716" ordinal="0" offset="1" sl="15" sc="9" el="15" ec="9" bec="0" bev="0" fileid="20" />
                <SequencePoint vc="1" uspid="717" ordinal="0" offset="8" sl="16" sc="9" el="16" ec="9" bec="0" bev="0" fileid="20" />
                <SequencePoint vc="1" uspid="718" ordinal="0" offset="15" sl="17" sc="5" el="17" ec="5" bec="0" bev="0" fileid="20" />
              </SequencePoints>
              <BranchPoints />
            </Method>
            <Method visited="true" cyclomaticComplexity="1" nPathComplexity="0" sequenceCoverage="100.0" branchCoverage="0" crapScore="1" isConstructor="true" isStatic="false" isGetter="false" isSetter="false">
              <Summary numSequencePoints="1" visitedSequencePoints="1" numBranchPoints="0" visitedBranchPoints="0" sequenceCoverage="100.0" branchCoverage="0" maxCyclomaticComplexity="1" minCyclomaticComplexity="1" maxCrapScore="1" minCrapScore="1" visitedClasses="0" numClasses="0" visitedMethods="1" numMethods="1" />
              <MetadataToken>100663421</MetadataToken>
              <Name>LaneLampSettr::LaneLampSettr()</Name>
              <FileRef uid="20" />
              <SequencePoints>
                <SequencePoint vc="2" uspid="785" ordinal="0" offset="0" sl="7" sc="5" el="7" ec="5" bec="0" bev="0" fileid="20" />
              </SequencePoints>
              <BranchPoints />
            </Method>
          </Methods>
        </Class>
        <Class>
          <Summary numSequencePoints="35" visitedSequencePoints="35" numBranchPoints="0" visitedBranchPoints="0" sequenceCoverage="100.0" branchCoverage="0.0" maxCyclomaticComplexity="2" minCyclomaticComplexity="1" maxCrapScore="2" minCrapScore="1" visitedClasses="1" numClasses="1" visitedMethods="5" numMethods="5" />
          <FullName>LampostManager</FullName>
          <Methods>
            <Method visited="true" cyclomaticComplexity="2" nPathComplexity="0" sequenceCoverage="100.0" branchCoverage="0" crapScore="2" isConstructor="false" isStatic="false" isGetter="false" isSetter="false">
              <Summary numSequencePoints="6" visitedSequencePoints="6" numBranchPoints="0" visitedBranchPoints="0" sequenceCoverage="100.0" branchCoverage="0" maxCyclomaticComplexity="2" minCyclomaticComplexity="2" maxCrapScore="2" minCrapScore="2" visitedClasses="0" numClasses="0" visitedMethods="1" numMethods="1" />
              <MetadataToken>100663422</MetadataToken>
              <Name>System.Void LampostManager::Start()</Name>
              <FileRef uid="21" />
              <SequencePoints>
                <SequencePoint vc="49" uspid="786" ordinal="0" offset="0" sl="18" sc="5" el="18" ec="5" bec="0" bev="0" fileid="21" />
                <SequencePoint vc="49" uspid="787" ordinal="0" offset="1" sl="19" sc="9" el="19" ec="9" bec="0" bev="0" fileid="21" />
                <SequencePoint vc="49" uspid="788" ordinal="0" offset="11" sl="20" sc="9" el="20" ec="9" bec="0" bev="0" fileid="21" />
                <SequencePoint vc="49" uspid="789" ordinal="0" offset="12" sl="21" sc="13" el="21" ec="13" bec="0" bev="0" fileid="21" />
                <SequencePoint vc="49" uspid="790" ordinal="0" offset="19" sl="22" sc="9" el="22" ec="9" bec="0" bev="0" fileid="21" />
                <SequencePoint vc="49" uspid="791" ordinal="0" offset="20" sl="23" sc="5" el="23" ec="5" bec="0" bev="0" fileid="21" />
              </SequencePoints>
              <BranchPoints />
            </Method>
            <Method visited="true" cyclomaticComplexity="2" nPathComplexity="0" sequenceCoverage="100.0" branchCoverage="0" crapScore="2" isConstructor="false" isStatic="false" isGetter="false" isSetter="false">
              <Summary numSequencePoints="13" visitedSequencePoints="13" numBranchPoints="0" visitedBranchPoints="0" sequenceCoverage="100.0" branchCoverage="0" maxCyclomaticComplexity="2" minCyclomaticComplexity="2" maxCrapScore="2" minCrapScore="2" visitedClasses="0" numClasses="0" visitedMethods="1" numMethods="1" />
              <MetadataToken>100663423</MetadataToken>
              <Name>System.Void LampostManager::SetUpLights()</Name>
              <FileRef uid="21" />
              <SequencePoints>
                <SequencePoint vc="49" uspid="792" ordinal="0" offset="0" sl="26" sc="5" el="26" ec="5" bec="0" bev="0" fileid="21" />
                <SequencePoint vc="49" uspid="793" ordinal="0" offset="1" sl="27" sc="9" el="27" ec="9" bec="0" bev="0" fileid="21" />
                <SequencePoint vc="49" uspid="794" ordinal="0" offset="19" sl="29" sc="9" el="29" ec="9" bec="0" bev="0" fileid="21" />
                <SequencePoint vc="49" uspid="795" ordinal="0" offset="20" sl="29" sc="34" el="29" ec="34" bec="0" bev="0" fileid="21" />
                <SequencePoint vc="147" uspid="796" ordinal="0" offset="34" sl="29" sc="18" el="29" ec="18" bec="0" bev="0" fileid="21" />
                <SequencePoint vc="147" uspid="797" ordinal="0" offset="42" sl="30" sc="9" el="30" ec="9" bec="0" bev="0" fileid="21" />
                <SequencePoint vc="147" uspid="798" ordinal="0" offset="43" sl="31" sc="13" el="31" ec="13" bec="0" bev="0" fileid="21" />
                <SequencePoint vc="147" uspid="799" ordinal="0" offset="50" sl="32" sc="9" el="32" ec="9" bec="0" bev="0" fileid="21" />
                <SequencePoint vc="196" uspid="800" ordinal="0" offset="51" sl="29" sc="31" el="29" ec="31" bec="0" bev="0" fileid="21" />
                <SequencePoint vc="49" uspid="801" ordinal="0" offset="77" sl="33" sc="9" el="33" ec="9" bec="0" bev="0" fileid="21" />
                <SequencePoint vc="49" uspid="802" ordinal="0" offset="84" sl="35" sc="9" el="35" ec="9" bec="0" bev="0" fileid="21" />
                <SequencePoint vc="49" uspid="803" ordinal="0" offset="97" sl="36" sc="9" el="36" ec="9" bec="0" bev="0" fileid="21" />
                <SequencePoint vc="49" uspid="804" ordinal="0" offset="109" sl="38" sc="5" el="38" ec="5" bec="0" bev="0" fileid="21" />
              </SequencePoints>
              <BranchPoints />
            </Method>
            <Method visited="true" cyclomaticComplexity="1" nPathComplexity="0" sequenceCoverage="100.0" branchCoverage="0" crapScore="1" isConstructor="false" isStatic="false" isGetter="false" isSetter="false">
              <Summary numSequencePoints="4" visitedSequencePoints="4" numBranchPoints="0" visitedBranchPoints="0" sequenceCoverage="100.0" branchCoverage="0" maxCyclomaticComplexity="1" minCyclomaticComplexity="1" maxCrapScore="1" minCrapScore="1" visitedClasses="0" numClasses="0" visitedMethods="1" numMethods="1" />
              <MetadataToken>100663424</MetadataToken>
              <Name>System.Void LampostManager::ConfigureLogic()</Name>
              <FileRef uid="21" />
              <SequencePoints>
                <SequencePoint vc="49" uspid="805" ordinal="0" offset="0" sl="42" sc="5" el="42" ec="5" bec="0" bev="0" fileid="21" />
                <SequencePoint vc="49" uspid="806" ordinal="0" offset="1" sl="43" sc="9" el="43" ec="9" bec="0" bev="0" fileid="21" />
                <SequencePoint vc="49" uspid="807" ordinal="0" offset="13" sl="45" sc="9" el="45" ec="9" bec="0" bev="0" fileid="21" />
                <SequencePoint vc="49" uspid="808" ordinal="0" offset="38" sl="46" sc="5" el="46" ec="5" bec="0" bev="0" fileid="21" />
              </SequencePoints>
              <BranchPoints />
            </Method>
            <Method visited="true" cyclomaticComplexity="2" nPathComplexity="0" sequenceCoverage="100.0" branchCoverage="0" crapScore="2" isConstructor="false" isStatic="false" isGetter="false" isSetter="false">
              <Summary numSequencePoints="9" visitedSequencePoints="9" numBranchPoints="0" visitedBranchPoints="0" sequenceCoverage="100.0" branchCoverage="0" maxCyclomaticComplexity="2" minCyclomaticComplexity="2" maxCrapScore="2" minCrapScore="2" visitedClasses="0" numClasses="0" visitedMethods="1" numMethods="1" />
              <MetadataToken>100663425</MetadataToken>
              <Name>System.Void LampostManager::AddLightsToLogic(System.Collections.Generic.List[Lighting])</Name>
              <FileRef uid="21" />
              <SequencePoints>
                <SequencePoint vc="49" uspid="809" ordinal="0" offset="0" sl="49" sc="5" el="49" ec="5" bec="0" bev="0" fileid="21" />
                <SequencePoint vc="49" uspid="810" ordinal="0" offset="1" sl="50" sc="9" el="50" ec="9" bec="0" bev="0" fileid="21" />
                <SequencePoint vc="49" uspid="811" ordinal="0" offset="2" sl="50" sc="34" el="50" ec="34" bec="0" bev="0" fileid="21" />
                <SequencePoint vc="147" uspid="812" ordinal="0" offset="11" sl="50" sc="18" el="50" ec="18" bec="0" bev="0" fileid="21" />
                <SequencePoint vc="147" uspid="813" ordinal="0" offset="19" sl="51" sc="9" el="51" ec="9" bec="0" bev="0" fileid="21" />
                <SequencePoint vc="147" uspid="814" ordinal="0" offset="20" sl="52" sc="13" el="52" ec="13" bec="0" bev="0" fileid="21" />
                <SequencePoint vc="147" uspid="815" ordinal="0" offset="33" sl="53" sc="9" el="53" ec="9" bec="0" bev="0" fileid="21" />
                <SequencePoint vc="196" uspid="816" ordinal="0" offset="34" sl="50" sc="31" el="50" ec="31" bec="0" bev="0" fileid="21" />
                <SequencePoint vc="49" uspid="817" ordinal="0" offset="60" sl="54" sc="5" el="54" ec="5" bec="0" bev="0" fileid="21" />
              </SequencePoints>
              <BranchPoints />
            </Method>
            <Method visited="true" cyclomaticComplexity="1" nPathComplexity="0" sequenceCoverage="100.0" branchCoverage="0" crapScore="1" isConstructor="true" isStatic="false" isGetter="false" isSetter="false">
              <Summary numSequencePoints="3" visitedSequencePoints="3" numBranchPoints="0" visitedBranchPoints="0" sequenceCoverage="100.0" branchCoverage="0" maxCyclomaticComplexity="1" minCyclomaticComplexity="1" maxCrapScore="1" minCrapScore="1" visitedClasses="0" numClasses="0" visitedMethods="1" numMethods="1" />
              <MetadataToken>100663432</MetadataToken>
              <Name>LampostManager::LampostManager()</Name>
              <FileRef uid="21" />
              <SequencePoints>
                <SequencePoint vc="102" uspid="840" ordinal="0" offset="0" sl="7" sc="5" el="7" ec="5" bec="0" bev="0" fileid="21" />
                <SequencePoint vc="102" uspid="841" ordinal="0" offset="7" sl="8" sc="5" el="8" ec="5" bec="0" bev="0" fileid="21" />
                <SequencePoint vc="102" uspid="842" ordinal="0" offset="14" sl="15" sc="5" el="15" ec="5" bec="0" bev="0" fileid="21" />
              </SequencePoints>
              <BranchPoints />
            </Method>
          </Methods>
        </Class>
        <Class>
          <Summary numSequencePoints="58" visitedSequencePoints="58" numBranchPoints="0" visitedBranchPoints="0" sequenceCoverage="100.0" branchCoverage="0.0" maxCyclomaticComplexity="3" minCyclomaticComplexity="1" maxCrapScore="3" minCrapScore="1" visitedClasses="1" numClasses="1" visitedMethods="8" numMethods="8" />
          <FullName>LaneCommunicator</FullName>
          <Methods>
            <Method visited="true" cyclomaticComplexity="1" nPathComplexity="0" sequenceCoverage="100.0" branchCoverage="0" crapScore="1" isConstructor="false" isStatic="false" isGetter="false" isSetter="false">
              <Summary numSequencePoints="5" visitedSequencePoints="5" numBranchPoints="0" visitedBranchPoints="0" sequenceCoverage="100.0" branchCoverage="0" maxCyclomaticComplexity="1" minCyclomaticComplexity="1" maxCrapScore="1" minCrapScore="1" visitedClasses="0" numClasses="0" visitedMethods="1" numMethods="1" />
              <MetadataToken>100663433</MetadataToken>
              <Name>System.Void LaneCommunicator::Start()</Name>
              <FileRef uid="22" />
              <SequencePoints>
                <SequencePoint vc="49" uspid="843" ordinal="0" offset="0" sl="34" sc="5" el="34" ec="5" bec="0" bev="0" fileid="22" />
                <SequencePoint vc="49" uspid="844" ordinal="0" offset="1" sl="35" sc="9" el="35" ec="9" bec="0" bev="0" fileid="22" />
                <SequencePoint vc="49" uspid="845" ordinal="0" offset="12" sl="36" sc="9" el="36" ec="9" bec="0" bev="0" fileid="22" />
                <SequencePoint vc="49" uspid="846" ordinal="0" offset="19" sl="37" sc="9" el="37" ec="9" bec="0" bev="0" fileid="22" />
                <SequencePoint vc="49" uspid="847" ordinal="0" offset="32" sl="38" sc="5" el="38" ec="5" bec="0" bev="0" fileid="22" />
              </SequencePoints>
              <BranchPoints />
            </Method>
            <Method visited="true" cyclomaticComplexity="1" nPathComplexity="0" sequenceCoverage="100.0" branchCoverage="0" crapScore="1" isConstructor="false" isStatic="false" isGetter="false" isSetter="false">
              <Summary numSequencePoints="3" visitedSequencePoints="3" numBranchPoints="0" visitedBranchPoints="0" sequenceCoverage="100.0" branchCoverage="0" maxCyclomaticComplexity="1" minCyclomaticComplexity="1" maxCrapScore="1" minCrapScore="1" visitedClasses="0" numClasses="0" visitedMethods="1" numMethods="1" />
              <MetadataToken>100663434</MetadataToken>
              <Name>System.Int32 LaneCommunicator::GetComlaneNr()</Name>
              <FileRef uid="22" />
              <SequencePoints>
                <SequencePoint vc="49" uspid="848" ordinal="0" offset="0" sl="41" sc="5" el="41" ec="5" bec="0" bev="0" fileid="22" />
                <SequencePoint vc="49" uspid="849" ordinal="0" offset="1" sl="42" sc="9" el="42" ec="9" bec="0" bev="0" fileid="22" />
                <SequencePoint vc="49" uspid="850" ordinal="0" offset="10" sl="43" sc="5" el="43" ec="5" bec="0" bev="0" fileid="22" />
              </SequencePoints>
              <BranchPoints />
            </Method>
            <Method visited="true" cyclomaticComplexity="3" nPathComplexity="0" sequenceCoverage="100.0" branchCoverage="0" crapScore="3" isConstructor="false" isStatic="false" isGetter="false" isSetter="false">
              <Summary numSequencePoints="16" visitedSequencePoints="16" numBranchPoints="0" visitedBranchPoints="0" sequenceCoverage="100.0" branchCoverage="0" maxCyclomaticComplexity="3" minCyclomaticComplexity="3" maxCrapScore="3" minCrapScore="3" visitedClasses="0" numClasses="0" visitedMethods="1" numMethods="1" />
              <MetadataToken>100663435</MetadataToken>
              <Name>System.Void LaneCommunicator::SetupDetection()</Name>
              <FileRef uid="22" />
              <SequencePoints>
                <SequencePoint vc="49" uspid="851" ordinal="0" offset="0" sl="47" sc="5" el="47" ec="5" bec="0" bev="0" fileid="22" />
                <SequencePoint vc="49" uspid="852" ordinal="0" offset="1" sl="49" sc="9" el="49" ec="9" bec="0" bev="0" fileid="22" />
                <SequencePoint vc="49" uspid="853" ordinal="0" offset="17" sl="50" sc="9" el="50" ec="9" bec="0" bev="0" fileid="22" />
                <SequencePoint vc="49" uspid="854" ordinal="0" offset="18" sl="51" sc="13" el="51" ec="13" bec="0" bev="0" fileid="22" />
                <SequencePoint vc="49" uspid="855" ordinal="0" offset="42" sl="52" sc="9" el="52" ec="9" bec="0" bev="0" fileid="22" />
                <SequencePoint vc="49" uspid="856" ordinal="0" offset="43" sl="53" sc="9" el="53" ec="9" bec="0" bev="0" fileid="22" />
                <SequencePoint vc="25" uspid="857" ordinal="0" offset="59" sl="54" sc="9" el="54" ec="9" bec="0" bev="0" fileid="22" />
                <SequencePoint vc="25" uspid="858" ordinal="0" offset="60" sl="55" sc="13" el="55" ec="13" bec="0" bev="0" fileid="22" />
                <SequencePoint vc="25" uspid="859" ordinal="0" offset="84" sl="56" sc="13" el="56" ec="13" bec="0" bev="0" fileid="22" />
                <SequencePoint vc="25" uspid="860" ordinal="0" offset="91" sl="57" sc="9" el="57" ec="9" bec="0" bev="0" fileid="22" />
                <SequencePoint vc="24" uspid="861" ordinal="0" offset="94" sl="59" sc="9" el="59" ec="9" bec="0" bev="0" fileid="22" />
                <SequencePoint vc="24" uspid="862" ordinal="0" offset="95" sl="60" sc="13" el="60" ec="13" bec="0" bev="0" fileid="22" />
                <SequencePoint vc="24" uspid="863" ordinal="0" offset="102" sl="61" sc="9" el="61" ec="9" bec="0" bev="0" fileid="22" />
                <SequencePoint vc="49" uspid="864" ordinal="0" offset="103" sl="63" sc="9" el="63" ec="9" bec="0" bev="0" fileid="22" />
                <SequencePoint vc="49" uspid="865" ordinal="0" offset="115" sl="64" sc="9" el="64" ec="9" bec="0" bev="0" fileid="22" />
                <SequencePoint vc="49" uspid="866" ordinal="0" offset="133" sl="66" sc="5" el="66" ec="5" bec="0" bev="0" fileid="22" />
              </SequencePoints>
              <BranchPoints />
            </Method>
            <Method visited="true" cyclomaticComplexity="2" nPathComplexity="0" sequenceCoverage="100.0" branchCoverage="0" crapScore="2" isConstructor="false" isStatic="false" isGetter="false" isSetter="false">
              <Summary numSequencePoints="11" visitedSequencePoints="11" numBranchPoints="0" visitedBranchPoints="0" sequenceCoverage="100.0" branchCoverage="0" maxCyclomaticComplexity="2" minCyclomaticComplexity="2" maxCrapScore="2" minCrapScore="2" visitedClasses="0" numClasses="0" visitedMethods="1" numMethods="1" />
              <MetadataToken>100663436</MetadataToken>
              <Name>System.Void LaneCommunicator::FarWaitAndDetectLus_OnTriggerChange(System.Boolean)</Name>
              <FileRef uid="22" />
              <SequencePoints>
                <SequencePoint vc="5" uspid="867" ordinal="0" offset="0" sl="69" sc="5" el="69" ec="5" bec="0" bev="0" fileid="22" />
                <SequencePoint vc="5" uspid="868" ordinal="0" offset="1" sl="70" sc="9" el="70" ec="9" bec="0" bev="0" fileid="22" />
[...]
                <SequencePoint vc="2" uspid="2274" ordinal="0" offset="56" sl="34" sc="5" el="34" ec="5" bec="0" bev="0" fileid="50" />
                <SequencePoint vc="2" uspid="2275" ordinal="0" offset="67" sl="37" sc="5" el="37" ec="5" bec="0" bev="0" fileid="50" />
                <SequencePoint vc="2" uspid="2276" ordinal="0" offset="78" sl="38" sc="5" el="38" ec="5" bec="0" bev="0" fileid="50" />
                <SequencePoint vc="2" uspid="2277" ordinal="0" offset="89" sl="39" sc="5" el="39" ec="5" bec="0" bev="0" fileid="50" />
                <SequencePoint vc="2" uspid="2278" ordinal="0" offset="100" sl="40" sc="5" el="40" ec="5" bec="0" bev="0" fileid="50" />
                <SequencePoint vc="2" uspid="2279" ordinal="0" offset="111" sl="41" sc="5" el="41" ec="5" bec="0" bev="0" fileid="50" />
                <SequencePoint vc="2" uspid="2280" ordinal="0" offset="122" sl="43" sc="5" el="43" ec="5" bec="0" bev="0" fileid="50" />
              </SequencePoints>
              <BranchPoints />
            </Method>
          </Methods>
        </Class>
        <Class>
          <Summary numSequencePoints="23" visitedSequencePoints="20" numBranchPoints="0" visitedBranchPoints="0" sequenceCoverage="86.96" branchCoverage="0.0" maxCyclomaticComplexity="4" minCyclomaticComplexity="1" maxCrapScore="4.04" minCrapScore="1" visitedClasses="1" numClasses="1" visitedMethods="2" numMethods="2" />
          <FullName>WalkLanebehaviour</FullName>
          <Methods>
            <Method visited="true" cyclomaticComplexity="4" nPathComplexity="0" sequenceCoverage="86.36" branchCoverage="0" crapScore="4.04" isConstructor="false" isStatic="false" isGetter="false" isSetter="false">
              <Summary numSequencePoints="22" visitedSequencePoints="19" numBranchPoints="0" visitedBranchPoints="0" sequenceCoverage="86.36" branchCoverage="0" maxCyclomaticComplexity="4" minCyclomaticComplexity="4" maxCrapScore="4.04" minCrapScore="4.04" visitedClasses="0" numClasses="0" visitedMethods="1" numMethods="1" />
              <MetadataToken>100663708</MetadataToken>
              <Name>System.Void WalkLanebehaviour::Start()</Name>
              <FileRef uid="51" />
              <SequencePoints>
                <SequencePoint vc="16" uspid="2281" ordinal="0" offset="0" sl="21" sc="5" el="21" ec="5" bec="0" bev="0" fileid="51" />
                <SequencePoint vc="16" uspid="2282" ordinal="0" offset="1" sl="22" sc="9" el="22" ec="9" bec="0" bev="0" fileid="51" />
                <SequencePoint vc="16" uspid="2283" ordinal="0" offset="13" sl="25" sc="9" el="25" ec="9" bec="0" bev="0" fileid="51" />
                <SequencePoint vc="16" uspid="2284" ordinal="0" offset="25" sl="27" sc="9" el="27" ec="9" bec="0" bev="0" fileid="51" />
                <SequencePoint vc="16" uspid="2285" ordinal="0" offset="46" sl="28" sc="9" el="28" ec="9" bec="0" bev="0" fileid="51" />
                <SequencePoint vc="16" uspid="2286" ordinal="0" offset="47" sl="29" sc="13" el="29" ec="13" bec="0" bev="0" fileid="51" />
                <SequencePoint vc="16" uspid="2287" ordinal="0" offset="64" sl="31" sc="9" el="31" ec="9" bec="0" bev="0" fileid="51" />
                <SequencePoint vc="16" uspid="2288" ordinal="0" offset="65" sl="33" sc="9" el="33" ec="9" bec="0" bev="0" fileid="51" />
                <SequencePoint vc="16" uspid="2289" ordinal="0" offset="80" sl="34" sc="9" el="34" ec="9" bec="0" bev="0" fileid="51" />
                <SequencePoint vc="16" uspid="2290" ordinal="0" offset="81" sl="35" sc="13" el="35" ec="13" bec="0" bev="0" fileid="51" />
                <SequencePoint vc="16" uspid="2291" ordinal="0" offset="92" sl="36" sc="9" el="36" ec="9" bec="0" bev="0" fileid="51" />
                <SequencePoint vc="0" uspid="2292" ordinal="0" offset="95" sl="38" sc="9" el="38" ec="9" bec="0" bev="0" fileid="51" />
                <SequencePoint vc="0" uspid="2293" ordinal="0" offset="96" sl="39" sc="13" el="39" ec="13" bec="0" bev="0" fileid="51" />
                <SequencePoint vc="0" uspid="2294" ordinal="0" offset="107" sl="40" sc="9" el="40" ec="9" bec="0" bev="0" fileid="51" />
                <SequencePoint vc="16" uspid="2295" ordinal="0" offset="108" sl="42" sc="9" el="42" ec="9" bec="0" bev="0" fileid="51" />
                <SequencePoint vc="16" uspid="2296" ordinal="0" offset="124" sl="43" sc="9" el="43" ec="9" bec="0" bev="0" fileid="51" />
                <SequencePoint vc="16" uspid="2297" ordinal="0" offset="125" sl="44" sc="13" el="44" ec="13" bec="0" bev="0" fileid="51" />
                <SequencePoint vc="16" uspid="2298" ordinal="0" offset="137" sl="45" sc="13" el="45" ec="13" bec="0" bev="0" fileid="51" />
                <SequencePoint vc="16" uspid="2299" ordinal="0" offset="149" sl="46" sc="13" el="46" ec="13" bec="0" bev="0" fileid="51" />
                <SequencePoint vc="16" uspid="2300" ordinal="0" offset="171" sl="47" sc="13" el="47" ec="13" bec="0" bev="0" fileid="51" />
                <SequencePoint vc="16" uspid="2301" ordinal="0" offset="182" sl="48" sc="9" el="48" ec="9" bec="0" bev="0" fileid="51" />
                <SequencePoint vc="16" uspid="2302" ordinal="0" offset="183" sl="51" sc="5" el="51" ec="5" bec="0" bev="0" fileid="51" />
              </SequencePoints>
              <BranchPoints />
            </Method>
            <Method visited="true" cyclomaticComplexity="1" nPathComplexity="0" sequenceCoverage="100.0" branchCoverage="0" crapScore="1" isConstructor="true" isStatic="false" isGetter="false" isSetter="false">
              <Summary numSequencePoints="1" visitedSequencePoints="1" numBranchPoints="0" visitedBranchPoints="0" sequenceCoverage="100.0" branchCoverage="0" maxCyclomaticComplexity="1" minCyclomaticComplexity="1" maxCrapScore="1" minCrapScore="1" visitedClasses="0" numClasses="0" visitedMethods="1" numMethods="1" />
              <MetadataToken>100663713</MetadataToken>
              <Name>WalkLanebehaviour::WalkLanebehaviour()</Name>
              <FileRef uid="51" />
              <SequencePoints>
                <SequencePoint vc="32" uspid="2323" ordinal="0" offset="0" sl="12" sc="5" el="12" ec="5" bec="0" bev="0" fileid="51" />
              </SequencePoints>
              <BranchPoints />
            </Method>
          </Methods>
        </Class>
        <Class>
          <Summary numSequencePoints="7" visitedSequencePoints="4" numBranchPoints="0" visitedBranchPoints="0" sequenceCoverage="57.14" branchCoverage="0.0" maxCyclomaticComplexity="4" minCyclomaticComplexity="4" maxCrapScore="5.26" minCrapScore="5.26" visitedClasses="1" numClasses="1" visitedMethods="1" numMethods="1" />
          <FullName>GloballaneManager/&lt;Simutick&gt;d__50</FullName>
          <Methods>
            <Method visited="true" cyclomaticComplexity="4" nPathComplexity="0" sequenceCoverage="57.14" branchCoverage="0" crapScore="5.26" isConstructor="false" isStatic="false" isGetter="false" isSetter="false">
              <Summary numSequencePoints="7" visitedSequencePoints="4" numBranchPoints="0" visitedBranchPoints="0" sequenceCoverage="57.14" branchCoverage="0" maxCyclomaticComplexity="4" minCyclomaticComplexity="4" maxCrapScore="5.26" minCrapScore="5.26" visitedClasses="0" numClasses="0" visitedMethods="1" numMethods="1" />
              <MetadataToken>100663754</MetadataToken>
              <Name>System.Boolean GloballaneManager/&lt;Simutick&gt;d__50::MoveNext()</Name>
              <FileRef uid="14" />
              <SequencePoints>
                <SequencePoint vc="1" uspid="2352" ordinal="0" offset="31" sl="138" sc="5" el="138" ec="5" bec="0" bev="0" fileid="14" />
                <SequencePoint vc="1" uspid="2353" ordinal="0" offset="34" sl="147" sc="9" el="147" ec="9" bec="0" bev="0" fileid="14" />
                <SequencePoint vc="1" uspid="2354" ordinal="0" offset="35" sl="148" sc="13" el="148" ec="13" bec="0" bev="0" fileid="14" />
                <SequencePoint vc="0" uspid="2355" ordinal="0" offset="69" sl="149" sc="13" el="149" ec="13" bec="0" bev="0" fileid="14" />
                <SequencePoint vc="0" uspid="2356" ordinal="0" offset="103" sl="150" sc="9" el="150" ec="9" bec="0" bev="0" fileid="14" />
                <SequencePoint vc="1" uspid="2357" ordinal="0" offset="104" sl="146" sc="9" el="146" ec="9" bec="0" bev="0" fileid="14" />
                <SequencePoint vc="0" uspid="2358" ordinal="0" offset="119" sl="152" sc="5" el="152" ec="5" bec="0" bev="0" fileid="14" />
              </SequencePoints>
              <BranchPoints />
            </Method>
          </Methods>
        </Class>
        <Class>
          <Summary numSequencePoints="10" visitedSequencePoints="4" numBranchPoints="0" visitedBranchPoints="0" sequenceCoverage="40.00" branchCoverage="0.0" maxCyclomaticComplexity="4" minCyclomaticComplexity="4" maxCrapScore="7.46" minCrapScore="7.46" visitedClasses="1" numClasses="1" visitedMethods="1" numMethods="1" />
          <FullName>GloballaneManager/&lt;UpdatePakket&gt;d__49</FullName>
          <Methods>
            <Method visited="true" cyclomaticComplexity="4" nPathComplexity="0" sequenceCoverage="40.00" branchCoverage="0" crapScore="7.46" isConstructor="false" isStatic="false" isGetter="false" isSetter="false">
              <Summary numSequencePoints="10" visitedSequencePoints="4" numBranchPoints="0" visitedBranchPoints="0" sequenceCoverage="40.00" branchCoverage="0" maxCyclomaticComplexity="4" minCyclomaticComplexity="4" maxCrapScore="7.46" minCrapScore="7.46" visitedClasses="0" numClasses="0" visitedMethods="1" numMethods="1" />
              <MetadataToken>100663760</MetadataToken>
              <Name>System.Boolean GloballaneManager/&lt;UpdatePakket&gt;d__49::MoveNext()</Name>
              <FileRef uid="14" />
              <SequencePoints>
                <SequencePoint vc="1" uspid="2359" ordinal="0" offset="31" sl="116" sc="5" el="116" ec="5" bec="0" bev="0" fileid="14" />
                <SequencePoint vc="1" uspid="2360" ordinal="0" offset="34" sl="125" sc="9" el="125" ec="9" bec="0" bev="0" fileid="14" />
                <SequencePoint vc="1" uspid="2361" ordinal="0" offset="35" sl="126" sc="13" el="126" ec="13" bec="0" bev="0" fileid="14" />
                <SequencePoint vc="0" uspid="2362" ordinal="0" offset="68" sl="127" sc="13" el="127" ec="13" bec="0" bev="0" fileid="14" />
                <SequencePoint vc="0" uspid="2363" ordinal="0" offset="90" sl="128" sc="13" el="128" ec="13" bec="0" bev="0" fileid="14" />
                <SequencePoint vc="0" uspid="2364" ordinal="0" offset="111" sl="129" sc="13" el="129" ec="13" bec="0" bev="0" fileid="14" />
                <SequencePoint vc="0" uspid="2365" ordinal="0" offset="112" sl="130" sc="17" el="130" ec="17" bec="0" bev="0" fileid="14" />
                <SequencePoint vc="0" uspid="2366" ordinal="0" offset="134" sl="131" sc="13" el="131" ec="13" bec="0" bev="0" fileid="14" />
                <SequencePoint vc="0" uspid="2367" ordinal="0" offset="135" sl="133" sc="9" el="133" ec="9" bec="0" bev="0" fileid="14" />
                <SequencePoint vc="1" uspid="2368" ordinal="0" offset="143" sl="124" sc="9" el="124" ec="9" bec="0" bev="0" fileid="14" />
              </SequencePoints>
              <BranchPoints />
            </Method>
          </Methods>
        </Class>
        <Class>
          <Summary numSequencePoints="7" visitedSequencePoints="2" numBranchPoints="0" visitedBranchPoints="0" sequenceCoverage="28.57" branchCoverage="0.0" maxCyclomaticComplexity="3" minCyclomaticComplexity="3" maxCrapScore="6.28" minCrapScore="6.28" visitedClasses="1" numClasses="1" visitedMethods="1" numMethods="1" />
          <FullName>GloballaneManager/&lt;getLane&gt;d__47</FullName>
          <Methods>
            <Method visited="true" cyclomaticComplexity="3" nPathComplexity="0" sequenceCoverage="28.57" branchCoverage="0" crapScore="6.28" isConstructor="false" isStatic="false" isGetter="false" isSetter="false">
              <Summary numSequencePoints="7" visitedSequencePoints="2" numBranchPoints="0" visitedBranchPoints="0" sequenceCoverage="28.57" branchCoverage="0" maxCyclomaticComplexity="3" minCyclomaticComplexity="3" maxCrapScore="6.28" minCrapScore="6.28" visitedClasses="0" numClasses="0" visitedMethods="1" numMethods="1" />
              <MetadataToken>100663766</MetadataToken>
              <Name>System.Boolean GloballaneManager/&lt;getLane&gt;d__47::MoveNext()</Name>
              <FileRef uid="14" />
              <SequencePoints>
                <SequencePoint vc="1" uspid="2369" ordinal="0" offset="31" sl="98" sc="5" el="98" ec="5" bec="0" bev="0" fileid="14" />
                <SequencePoint vc="1" uspid="2370" ordinal="0" offset="32" sl="100" sc="9" el="100" ec="9" bec="0" bev="0" fileid="14" />
                <SequencePoint vc="0" uspid="2371" ordinal="0" offset="66" sl="101" sc="9" el="101" ec="9" bec="0" bev="0" fileid="14" />
                <SequencePoint vc="0" uspid="2372" ordinal="0" offset="78" sl="102" sc="9" el="102" ec="9" bec="0" bev="0" fileid="14" />
                <SequencePoint vc="0" uspid="2373" ordinal="0" offset="90" sl="103" sc="9" el="103" ec="9" bec="0" bev="0" fileid="14" />
                <SequencePoint vc="0" uspid="2374" ordinal="0" offset="102" sl="105" sc="9" el="105" ec="9" bec="0" bev="0" fileid="14" />
                <SequencePoint vc="0" uspid="2375" ordinal="0" offset="124" sl="106" sc="5" el="106" ec="5" bec="0" bev="0" fileid="14" />
              </SequencePoints>
              <BranchPoints />
            </Method>
          </Methods>
        </Class>
        <Class>
          <Summary numSequencePoints="4" visitedSequencePoints="2" numBranchPoints="0" visitedBranchPoints="0" sequenceCoverage="50.00" branchCoverage="0.0" maxCyclomaticComplexity="3" minCyclomaticComplexity="3" maxCrapScore="4.12" minCrapScore="4.12" visitedClasses="1" numClasses="1" visitedMethods="1" numMethods="1" />
          <FullName>GloballaneManager/&lt;gettestmsg&gt;d__48</FullName>
          <Methods>
            <Method visited="true" cyclomaticComplexity="3" nPathComplexity="0" sequenceCoverage="50.00" branchCoverage="0" crapScore="4.12" isConstructor="false" isStatic="false" isGetter="false" isSetter="false">
              <Summary numSequencePoints="4" visitedSequencePoints="2" numBranchPoints="0" visitedBranchPoints="0" sequenceCoverage="50.00" branchCoverage="0" maxCyclomaticComplexity="3" minCyclomaticComplexity="3" maxCrapScore="4.12" minCrapScore="4.12" visitedClasses="0" numClasses="0" visitedMethods="1" numMethods="1" />
              <MetadataToken>100663772</MetadataToken>
              <Name>System.Boolean GloballaneManager/&lt;gettestmsg&gt;d__48::MoveNext()</Name>
              <FileRef uid="14" />
              <SequencePoints>
                <SequencePoint vc="1" uspid="2376" ordinal="0" offset="31" sl="109" sc="5" el="109" ec="5" bec="0" bev="0" fileid="14" />
                <SequencePoint vc="1" uspid="2377" ordinal="0" offset="32" sl="111" sc="9" el="111" ec="9" bec="0" bev="0" fileid="14" />
                <SequencePoint vc="0" uspid="2378" ordinal="0" offset="64" sl="112" sc="9" el="112" ec="9" bec="0" bev="0" fileid="14" />
                <SequencePoint vc="0" uspid="2379" ordinal="0" offset="70" sl="113" sc="5" el="113" ec="5" bec="0" bev="0" fileid="14" />
              </SequencePoints>
              <BranchPoints />
            </Method>
          </Methods>
        </Class>
        <Class>
          <Summary numSequencePoints="6" visitedSequencePoints="6" numBranchPoints="0" visitedBranchPoints="0" sequenceCoverage="100.0" branchCoverage="0.0" maxCyclomaticComplexity="4" minCyclomaticComplexity="4" maxCrapScore="4" minCrapScore="4" visitedClasses="1" numClasses="1" visitedMethods="1" numMethods="1" />
          <FullName>LampWatch/&lt;PublishLoop&gt;d__6</FullName>
          <Methods>
            <Method visited="true" cyclomaticComplexity="4" nPathComplexity="0" sequenceCoverage="100.0" branchCoverage="0" crapScore="4" isConstructor="false" isStatic="false" isGetter="false" isSetter="false">
              <Summary numSequencePoints="6" visitedSequencePoints="6" numBranchPoints="0" visitedBranchPoints="0" sequenceCoverage="100.0" branchCoverage="0" maxCyclomaticComplexity="4" minCyclomaticComplexity="4" maxCrapScore="4" minCrapScore="4" visitedClasses="0" numClasses="0" visitedMethods="1" numMethods="1" />
              <MetadataToken>100663778</MetadataToken>
              <Name>System.Boolean LampWatch/&lt;PublishLoop&gt;d__6::MoveNext()</Name>
              <FileRef uid="15" />
              <SequencePoints>
                <SequencePoint vc="49" uspid="2380" ordinal="0" offset="31" sl="20" sc="5" el="20" ec="5" bec="0" bev="0" fileid="15" />
                <SequencePoint vc="245" uspid="2381" ordinal="0" offset="34" sl="22" sc="9" el="22" ec="9" bec="0" bev="0" fileid="15" />
                <SequencePoint vc="245" uspid="2382" ordinal="0" offset="35" sl="24" sc="13" el="24" ec="13" bec="0" bev="0" fileid="15" />
                <SequencePoint vc="245" uspid="2383" ordinal="0" offset="80" sl="25" sc="13" el="25" ec="13" bec="0" bev="0" fileid="15" />
                <SequencePoint vc="196" uspid="2384" ordinal="0" offset="112" sl="26" sc="9" el="26" ec="9" bec="0" bev="0" fileid="15" />
                <SequencePoint vc="245" uspid="2385" ordinal="0" offset="113" sl="21" sc="9" el="21" ec="9" bec="0" bev="0" fileid="15" />
              </SequencePoints>
              <BranchPoints />
            </Method>
          </Methods>
        </Class>
        <Class>
          <Summary numSequencePoints="7" visitedSequencePoints="7" numBranchPoints="0" visitedBranchPoints="0" sequenceCoverage="100.0" branchCoverage="0.0" maxCyclomaticComplexity="3" minCyclomaticComplexity="3" maxCrapScore="3" minCrapScore="3" visitedClasses="1" numClasses="1" visitedMethods="1" numMethods="1" />
          <FullName>vehicleDetector/&lt;ScanFrontl&gt;d__11</FullName>
          <Methods>
            <Method visited="true" cyclomaticComplexity="3" nPathComplexity="0" sequenceCoverage="100.0" branchCoverage="0" crapScore="3" isConstructor="false" isStatic="false" isGetter="false" isSetter="false">
              <Summary numSequencePoints="7" visitedSequencePoints="7" numBranchPoints="0" visitedBranchPoints="0" sequenceCoverage="100.0" branchCoverage="0" maxCyclomaticComplexity="3" minCyclomaticComplexity="3" maxCrapScore="3" minCrapScore="3" visitedClasses="0" numClasses="0" visitedMethods="1" numMethods="1" />
              <MetadataToken>100663826</MetadataToken>
              <Name>System.Boolean vehicleDetector/&lt;ScanFrontl&gt;d__11::MoveNext()</Name>
              <FileRef uid="49" />
              <SequencePoints>
                <SequencePoint vc="16" uspid="2425" ordinal="0" offset="31" sl="25" sc="5" el="25" ec="5" bec="0" bev="0" fileid="49" />
                <SequencePoint vc="1193" uspid="2426" ordinal="0" offset="34" sl="27" sc="9" el="27" ec="9" bec="0" bev="0" fileid="49" />
                <SequencePoint vc="1193" uspid="2427" ordinal="0" offset="35" sl="28" sc="13" el="28" ec="13" bec="0" bev="0" fileid="49" />
                <SequencePoint vc="1193" uspid="2428" ordinal="0" offset="47" sl="29" sc="13" el="29" ec="13" bec="0" bev="0" fileid="49" />
                <SequencePoint vc="1193" uspid="2429" ordinal="0" offset="59" sl="30" sc="13" el="30" ec="13" bec="0" bev="0" fileid="49" />
                <SequencePoint vc="1177" uspid="2430" ordinal="0" offset="97" sl="31" sc="9" el="31" ec="9" bec="0" bev="0" fileid="49" />
                <SequencePoint vc="1193" uspid="2431" ordinal="0" offset="98" sl="26" sc="9" el="26" ec="9" bec="0" bev="0" fileid="49" />
              </SequencePoints>
              <BranchPoints />
            </Method>
          </Methods>
        </Class>
      </Classes>
    </Module>
  </Modules>
</CoverageSession>